[ 2015-08-27T11:13:34+08:00 ] 127.0.0.1 /git/index.php/Sadmin/index/login
INFO: [ app_init ] --START--
INFO: Run Behavior\BuildLiteBehavior [ RunTime:0.000021s ]
INFO: [ app_init ] --END-- [ RunTime:0.000633s ]
INFO: [ app_begin ] --START--
INFO: Run Behavior\ReadHtmlCacheBehavior [ RunTime:0.006854s ]
INFO: [ app_begin ] --END-- [ RunTime:0.006974s ]

[ 2015-08-27T11:13:48+08:00 ] 127.0.0.1 /git/index.php/Sadmin/index/demo
INFO: [ app_init ] --START--
INFO: Run Behavior\BuildLiteBehavior [ RunTime:0.000029s ]
INFO: [ app_init ] --END-- [ RunTime:0.000650s ]
INFO: [ app_begin ] --START--
INFO: Run Behavior\ReadHtmlCacheBehavior [ RunTime:0.001124s ]
INFO: [ app_begin ] --END-- [ RunTime:0.001285s ]

[ 2015-08-27T11:16:28+08:00 ] 127.0.0.1 /git/index.php/Sadmin/index/demo
INFO: [ app_init ] --START--
INFO: Run Behavior\BuildLiteBehavior [ RunTime:0.000034s ]
INFO: [ app_init ] --END-- [ RunTime:0.000763s ]
INFO: [ app_begin ] --START--
INFO: Run Behavior\ReadHtmlCacheBehavior [ RunTime:0.000966s ]
INFO: [ app_begin ] --END-- [ RunTime:0.001108s ]

[ 2015-08-27T11:16:29+08:00 ] 127.0.0.1 /git/index.php/Sadmin/index/demo
INFO: [ app_init ] --START--
INFO: Run Behavior\BuildLiteBehavior [ RunTime:0.000035s ]
INFO: [ app_init ] --END-- [ RunTime:0.000756s ]
INFO: [ app_begin ] --START--
INFO: Run Behavior\ReadHtmlCacheBehavior [ RunTime:0.001062s ]
INFO: [ app_begin ] --END-- [ RunTime:0.001220s ]

[ 2015-08-27T11:17:42+08:00 ] 127.0.0.1 /git/index.php/Sadmin/index/demo
INFO: [ app_init ] --START--
INFO: Run Behavior\BuildLiteBehavior [ RunTime:0.000033s ]
INFO: [ app_init ] --END-- [ RunTime:0.000712s ]
INFO: [ app_begin ] --START--
INFO: Run Behavior\ReadHtmlCacheBehavior [ RunTime:0.000905s ]
INFO: [ app_begin ] --END-- [ RunTime:0.001048s ]

[ 2015-08-27T11:17:44+08:00 ] 127.0.0.1 /git/index.php/Sadmin/index/demo
INFO: [ app_init ] --START--
INFO: Run Behavior\BuildLiteBehavior [ RunTime:0.000029s ]
INFO: [ app_init ] --END-- [ RunTime:0.000608s ]
INFO: [ app_begin ] --START--
INFO: Run Behavior\ReadHtmlCacheBehavior [ RunTime:0.000739s ]
INFO: [ app_begin ] --END-- [ RunTime:0.000868s ]

[ 2015-08-27T11:17:44+08:00 ] 127.0.0.1 /git/index.php/Sadmin/index/demo
INFO: [ app_init ] --START--
INFO: Run Behavior\BuildLiteBehavior [ RunTime:0.000032s ]
INFO: [ app_init ] --END-- [ RunTime:0.000683s ]
INFO: [ app_begin ] --START--
INFO: Run Behavior\ReadHtmlCacheBehavior [ RunTime:0.000772s ]
INFO: [ app_begin ] --END-- [ RunTime:0.000911s ]

[ 2015-08-27T11:19:39+08:00 ] 127.0.0.1 /git/index.php/Sadmin/index/login
INFO: [ app_init ] --START--
INFO: Run Behavior\BuildLiteBehavior [ RunTime:0.000048s ]
INFO: [ app_init ] --END-- [ RunTime:0.001882s ]
INFO: [ app_begin ] --START--
INFO: Run Behavior\ReadHtmlCacheBehavior [ RunTime:0.001075s ]
INFO: [ app_begin ] --END-- [ RunTime:0.001245s ]
NOTIC: [8] Undefined variable: skd G:\wamp\www\git\Application\Sadmin\Controller\IndexController.class.php 第 13 行.
INFO: [ app_end ] --START--
INFO: Run Behavior\ShowPageTraceBehavior [ RunTime:0.026263s ]
INFO: [ app_end ] --END-- [ RunTime:0.026367s ]

[ 2015-08-27T11:19:44+08:00 ] 127.0.0.1 /git/index.php/Sadmin/index/demo
INFO: [ app_init ] --START--
INFO: Run Behavior\BuildLiteBehavior [ RunTime:0.000030s ]
INFO: [ app_init ] --END-- [ RunTime:0.000635s ]
INFO: [ app_begin ] --START--
INFO: Run Behavior\ReadHtmlCacheBehavior [ RunTime:0.000711s ]
INFO: [ app_begin ] --END-- [ RunTime:0.000849s ]

[ 2015-08-27T11:21:59+08:00 ] 127.0.0.1 /git/index.php/Sadmin/index/demo
INFO: [ app_init ] --START--
INFO: Run Behavior\BuildLiteBehavior [ RunTime:0.000025s ]
INFO: [ app_init ] --END-- [ RunTime:0.000734s ]
INFO: [ app_begin ] --START--
INFO: Run Behavior\ReadHtmlCacheBehavior [ RunTime:0.000636s ]
INFO: [ app_begin ] --END-- [ RunTime:0.000735s ]
INFO: [ app_end ] --START--
INFO: Run Behavior\ShowPageTraceBehavior [ RunTime:0.000839s ]
INFO: [ app_end ] --END-- [ RunTime:0.000966s ]

[ 2015-08-27T14:19:53+08:00 ] 127.0.0.1 /git/index.php/Sadmin/index/demo
INFO: [ app_init ] --START--
INFO: Run Behavior\BuildLiteBehavior [ RunTime:0.000022s ]
INFO: [ app_init ] --END-- [ RunTime:0.057176s ]
INFO: [ app_begin ] --START--
INFO: Run Behavior\ReadHtmlCacheBehavior [ RunTime:0.000493s ]
INFO: [ app_begin ] --END-- [ RunTime:0.000585s ]
INFO: [ app_end ] --START--
INFO: Run Behavior\ShowPageTraceBehavior [ RunTime:0.009464s ]
INFO: [ app_end ] --END-- [ RunTime:0.009691s ]

[ 2015-08-27T14:19:53+08:00 ] 127.0.0.1 /git/index.php/Sadmin/index/demo
INFO: [ app_init ] --START--
INFO: Run Behavior\BuildLiteBehavior [ RunTime:0.000023s ]
INFO: [ app_init ] --END-- [ RunTime:0.057134s ]
INFO: [ app_begin ] --START--
INFO: Run Behavior\ReadHtmlCacheBehavior [ RunTime:0.000700s ]
INFO: [ app_begin ] --END-- [ RunTime:0.000802s ]
INFO: [ app_end ] --START--
INFO: Run Behavior\ShowPageTraceBehavior [ RunTime:0.000716s ]
INFO: [ app_end ] --END-- [ RunTime:0.000824s ]

[ 2015-08-27T14:25:36+08:00 ] 127.0.0.1 /git/index.php/Sadmin/index/demo
INFO: [ app_init ] --START--
INFO: Run Behavior\BuildLiteBehavior [ RunTime:0.000044s ]
INFO: [ app_init ] --END-- [ RunTime:0.000920s ]
INFO: [ app_begin ] --START--
INFO: Run Behavior\ReadHtmlCacheBehavior [ RunTime:0.000595s ]
INFO: [ app_begin ] --END-- [ RunTime:0.000697s ]
INFO: [ app_end ] --START--
INFO: Run Behavior\ShowPageTraceBehavior [ RunTime:0.000545s ]
INFO: [ app_end ] --END-- [ RunTime:0.000648s ]

[ 2015-08-27T14:25:38+08:00 ] 127.0.0.1 /git/index.php/Sadmin/index/demo
INFO: [ app_init ] --START--
INFO: Run Behavior\BuildLiteBehavior [ RunTime:0.000022s ]
INFO: [ app_init ] --END-- [ RunTime:0.000379s ]
INFO: [ app_begin ] --START--
INFO: Run Behavior\ReadHtmlCacheBehavior [ RunTime:0.000444s ]
INFO: [ app_begin ] --END-- [ RunTime:0.000552s ]
INFO: [ app_end ] --START--
INFO: Run Behavior\ShowPageTraceBehavior [ RunTime:0.000445s ]
INFO: [ app_end ] --END-- [ RunTime:0.000536s ]

[ 2015-08-27T14:25:39+08:00 ] 127.0.0.1 /git/index.php/Sadmin/index/demo
INFO: [ app_init ] --START--
INFO: Run Behavior\BuildLiteBehavior [ RunTime:0.000032s ]
INFO: [ app_init ] --END-- [ RunTime:0.000629s ]
INFO: [ app_begin ] --START--
INFO: Run Behavior\ReadHtmlCacheBehavior [ RunTime:0.001026s ]
INFO: [ app_begin ] --END-- [ RunTime:0.001238s ]
INFO: [ app_end ] --START--
INFO: Run Behavior\ShowPageTraceBehavior [ RunTime:0.000704s ]
INFO: [ app_end ] --END-- [ RunTime:0.000858s ]

[ 2015-08-27T14:25:39+08:00 ] 127.0.0.1 /git/index.php/Sadmin/index/demo
INFO: [ app_init ] --START--
INFO: Run Behavior\BuildLiteBehavior [ RunTime:0.000047s ]
INFO: [ app_init ] --END-- [ RunTime:0.000799s ]
INFO: [ app_begin ] --START--
INFO: Run Behavior\ReadHtmlCacheBehavior [ RunTime:0.000587s ]
INFO: [ app_begin ] --END-- [ RunTime:0.000707s ]
INFO: [ app_end ] --START--
INFO: Run Behavior\ShowPageTraceBehavior [ RunTime:0.000576s ]
INFO: [ app_end ] --END-- [ RunTime:0.000723s ]

[ 2015-08-27T14:25:39+08:00 ] 127.0.0.1 /git/index.php/Sadmin/index/demo
INFO: [ app_init ] --START--
INFO: Run Behavior\BuildLiteBehavior [ RunTime:0.000018s ]
INFO: [ app_init ] --END-- [ RunTime:0.000321s ]
INFO: [ app_begin ] --START--
INFO: Run Behavior\ReadHtmlCacheBehavior [ RunTime:0.000372s ]
INFO: [ app_begin ] --END-- [ RunTime:0.000449s ]
INFO: [ app_end ] --START--
INFO: Run Behavior\ShowPageTraceBehavior [ RunTime:0.000379s ]
INFO: [ app_end ] --END-- [ RunTime:0.000459s ]

[ 2015-08-27T14:25:39+08:00 ] 127.0.0.1 /git/index.php/Sadmin/index/demo
INFO: [ app_init ] --START--
INFO: Run Behavior\BuildLiteBehavior [ RunTime:0.000023s ]
INFO: [ app_init ] --END-- [ RunTime:0.000426s ]
INFO: [ app_begin ] --START--
INFO: Run Behavior\ReadHtmlCacheBehavior [ RunTime:0.000509s ]
INFO: [ app_begin ] --END-- [ RunTime:0.000613s ]
INFO: [ app_end ] --START--
INFO: Run Behavior\ShowPageTraceBehavior [ RunTime:0.000521s ]
INFO: [ app_end ] --END-- [ RunTime:0.000628s ]

[ 2015-08-27T14:25:53+08:00 ] 127.0.0.1 /git/index.php/Sadmin/index/demo
INFO: [ app_init ] --START--
INFO: Run Behavior\BuildLiteBehavior [ RunTime:0.000032s ]
INFO: [ app_init ] --END-- [ RunTime:0.000554s ]
INFO: [ app_begin ] --START--
INFO: Run Behavior\ReadHtmlCacheBehavior [ RunTime:0.000743s ]
INFO: [ app_begin ] --END-- [ RunTime:0.000892s ]
INFO: [ app_end ] --START--
INFO: Run Behavior\ShowPageTraceBehavior [ RunTime:0.000749s ]
INFO: [ app_end ] --END-- [ RunTime:0.000929s ]

[ 2015-08-27T14:25:55+08:00 ] 127.0.0.1 /git/index.php/Sadmin/index/demo
INFO: [ app_init ] --START--
INFO: Run Behavior\BuildLiteBehavior [ RunTime:0.000033s ]
INFO: [ app_init ] --END-- [ RunTime:0.000523s ]
INFO: [ app_begin ] --START--
INFO: Run Behavior\ReadHtmlCacheBehavior [ RunTime:0.000691s ]
INFO: [ app_begin ] --END-- [ RunTime:0.000817s ]
INFO: [ app_end ] --START--
INFO: Run Behavior\ShowPageTraceBehavior [ RunTime:0.000785s ]
INFO: [ app_end ] --END-- [ RunTime:0.000977s ]

[ 2015-08-27T15:27:24+08:00 ] 127.0.0.1 /git/index.php/Sadmin/index/demo
INFO: [ app_init ] --START--
INFO: Run Behavior\BuildLiteBehavior [ RunTime:0.000025s ]
INFO: [ app_init ] --END-- [ RunTime:0.000506s ]
INFO: [ app_begin ] --START--
INFO: Run Behavior\ReadHtmlCacheBehavior [ RunTime:0.000631s ]
INFO: [ app_begin ] --END-- [ RunTime:0.000744s ]

[ 2015-08-27T15:27:41+08:00 ] 127.0.0.1 /git/index.php/Sadmin/index/demo
INFO: [ app_init ] --START--
INFO: Run Behavior\BuildLiteBehavior [ RunTime:0.000024s ]
INFO: [ app_init ] --END-- [ RunTime:0.000370s ]
INFO: [ app_begin ] --START--
INFO: Run Behavior\ReadHtmlCacheBehavior [ RunTime:0.000432s ]
INFO: [ app_begin ] --END-- [ RunTime:0.000520s ]

[ 2015-08-27T15:27:42+08:00 ] 127.0.0.1 /git/index.php/Sadmin/index/demo
INFO: [ app_init ] --START--
INFO: Run Behavior\BuildLiteBehavior [ RunTime:0.000039s ]
INFO: [ app_init ] --END-- [ RunTime:0.000721s ]
INFO: [ app_begin ] --START--
INFO: Run Behavior\ReadHtmlCacheBehavior [ RunTime:0.000363s ]
INFO: [ app_begin ] --END-- [ RunTime:0.000437s ]

[ 2015-08-27T15:30:31+08:00 ] 127.0.0.1 /git/index.php/Sadmin/index/demo
INFO: [ app_init ] --START--
INFO: Run Behavior\BuildLiteBehavior [ RunTime:0.000021s ]
INFO: [ app_init ] --END-- [ RunTime:0.000409s ]
INFO: [ app_begin ] --START--
INFO: Run Behavior\ReadHtmlCacheBehavior [ RunTime:0.000526s ]
INFO: [ app_begin ] --END-- [ RunTime:0.000618s ]

[ 2015-08-27T15:30:35+08:00 ] 127.0.0.1 /git/index.php/Sadmin/index/demo
INFO: [ app_init ] --START--
INFO: Run Behavior\BuildLiteBehavior [ RunTime:0.000033s ]
INFO: [ app_init ] --END-- [ RunTime:0.000581s ]
INFO: [ app_begin ] --START--
INFO: Run Behavior\ReadHtmlCacheBehavior [ RunTime:0.000667s ]
INFO: [ app_begin ] --END-- [ RunTime:0.000902s ]

[ 2015-08-27T15:31:12+08:00 ] 127.0.0.1 /git/index.php/Sadmin/index/demo
INFO: [ app_init ] --START--
INFO: Run Behavior\BuildLiteBehavior [ RunTime:0.000032s ]
INFO: [ app_init ] --END-- [ RunTime:0.000588s ]
INFO: [ app_begin ] --START--
INFO: Run Behavior\ReadHtmlCacheBehavior [ RunTime:0.000705s ]
INFO: [ app_begin ] --END-- [ RunTime:0.000854s ]

[ 2015-08-27T15:31:13+08:00 ] 127.0.0.1 /git/index.php/Sadmin/index/demo
INFO: [ app_init ] --START--
INFO: Run Behavior\BuildLiteBehavior [ RunTime:0.000025s ]
INFO: [ app_init ] --END-- [ RunTime:0.000445s ]
INFO: [ app_begin ] --START--
INFO: Run Behavior\ReadHtmlCacheBehavior [ RunTime:0.000526s ]
INFO: [ app_begin ] --END-- [ RunTime:0.000635s ]

[ 2015-08-27T15:34:15+08:00 ] 127.0.0.1 /git/index.php/Sadmin/Common/
INFO: [ app_init ] --START--
INFO: Run Behavior\BuildLiteBehavior [ RunTime:0.000021s ]
INFO: [ app_init ] --END-- [ RunTime:0.000402s ]
INFO: [ app_begin ] --START--
INFO: Run Behavior\ReadHtmlCacheBehavior [ RunTime:0.000506s ]
INFO: [ app_begin ] --END-- [ RunTime:0.000596s ]
ERR: 无法加载控制器:Common

[ 2015-08-27T15:36:49+08:00 ] 127.0.0.1 /git/index.php/Sadmin/
INFO: [ app_init ] --START--
INFO: Run Behavior\BuildLiteBehavior [ RunTime:0.000854s ]
INFO: [ app_init ] --END-- [ RunTime:0.001614s ]
INFO: [ app_begin ] --START--
INFO: Run Behavior\ReadHtmlCacheBehavior [ RunTime:0.000681s ]
INFO: [ app_begin ] --END-- [ RunTime:0.000822s ]

[ 2015-08-27T15:36:52+08:00 ] 127.0.0.1 /git/index.php/Sadmin/
INFO: [ app_init ] --START--
INFO: Run Behavior\BuildLiteBehavior [ RunTime:0.000030s ]
INFO: [ app_init ] --END-- [ RunTime:0.000583s ]
INFO: [ app_begin ] --START--
INFO: Run Behavior\ReadHtmlCacheBehavior [ RunTime:0.000662s ]
INFO: [ app_begin ] --END-- [ RunTime:0.000801s ]

[ 2015-08-27T15:36:57+08:00 ] 127.0.0.1 /git/index.php/Sadmin/index/login
INFO: [ app_init ] --START--
INFO: Run Behavior\BuildLiteBehavior [ RunTime:0.000022s ]
INFO: [ app_init ] --END-- [ RunTime:0.000406s ]
INFO: [ app_begin ] --START--
INFO: Run Behavior\ReadHtmlCacheBehavior [ RunTime:0.000497s ]
INFO: [ app_begin ] --END-- [ RunTime:0.000597s ]

[ 2015-08-27T15:37:55+08:00 ] 127.0.0.1 /git/index.php/Sadmin/index/login
INFO: [ app_init ] --START--
INFO: Run Behavior\BuildLiteBehavior [ RunTime:0.000018s ]
INFO: [ app_init ] --END-- [ RunTime:0.000307s ]
INFO: [ app_begin ] --START--
INFO: Run Behavior\ReadHtmlCacheBehavior [ RunTime:0.000358s ]
INFO: [ app_begin ] --END-- [ RunTime:0.000431s ]

[ 2015-08-27T15:37:56+08:00 ] 127.0.0.1 /git/index.php/Sadmin/index/login
INFO: [ app_init ] --START--
INFO: Run Behavior\BuildLiteBehavior [ RunTime:0.000019s ]
INFO: [ app_init ] --END-- [ RunTime:0.000331s ]
INFO: [ app_begin ] --START--
INFO: Run Behavior\ReadHtmlCacheBehavior [ RunTime:0.000509s ]
INFO: [ app_begin ] --END-- [ RunTime:0.000615s ]

[ 2015-08-27T15:37:57+08:00 ] 127.0.0.1 /git/index.php/Sadmin/index/login
INFO: [ app_init ] --START--
INFO: Run Behavior\BuildLiteBehavior [ RunTime:0.000024s ]
INFO: [ app_init ] --END-- [ RunTime:0.000488s ]
INFO: [ app_begin ] --START--
INFO: Run Behavior\ReadHtmlCacheBehavior [ RunTime:0.000513s ]
INFO: [ app_begin ] --END-- [ RunTime:0.000629s ]

[ 2015-08-27T15:37:57+08:00 ] 127.0.0.1 /git/index.php/Sadmin/index/login
INFO: [ app_init ] --START--
INFO: Run Behavior\BuildLiteBehavior [ RunTime:0.000020s ]
INFO: [ app_init ] --END-- [ RunTime:0.000356s ]
INFO: [ app_begin ] --START--
INFO: Run Behavior\ReadHtmlCacheBehavior [ RunTime:0.000423s ]
INFO: [ app_begin ] --END-- [ RunTime:0.000527s ]

[ 2015-08-27T15:37:58+08:00 ] 127.0.0.1 /git/index.php/Sadmin/index/login
INFO: [ app_init ] --START--
INFO: Run Behavior\BuildLiteBehavior [ RunTime:0.000027s ]
INFO: [ app_init ] --END-- [ RunTime:0.000473s ]
INFO: [ app_begin ] --START--
INFO: Run Behavior\ReadHtmlCacheBehavior [ RunTime:0.000554s ]
INFO: [ app_begin ] --END-- [ RunTime:0.000673s ]

[ 2015-08-27T15:37:58+08:00 ] 127.0.0.1 /git/index.php/Sadmin/index/login
INFO: [ app_init ] --START--
INFO: Run Behavior\BuildLiteBehavior [ RunTime:0.000043s ]
INFO: [ app_init ] --END-- [ RunTime:0.000905s ]
INFO: [ app_begin ] --START--
INFO: Run Behavior\ReadHtmlCacheBehavior [ RunTime:0.000378s ]
INFO: [ app_begin ] --END-- [ RunTime:0.000453s ]

[ 2015-08-27T15:41:27+08:00 ] 127.0.0.1 /git/index.php/Sadmin/index/login
INFO: [ app_init ] --START--
INFO: Run Behavior\BuildLiteBehavior [ RunTime:0.000024s ]
INFO: [ app_init ] --END-- [ RunTime:0.000476s ]
INFO: [ app_begin ] --START--
INFO: Run Behavior\ReadHtmlCacheBehavior [ RunTime:0.000676s ]
INFO: [ app_begin ] --END-- [ RunTime:0.000781s ]

[ 2015-08-27T15:41:28+08:00 ] 127.0.0.1 /git/index.php/Sadmin/index/login
INFO: [ app_init ] --START--
INFO: Run Behavior\BuildLiteBehavior [ RunTime:0.000020s ]
INFO: [ app_init ] --END-- [ RunTime:0.000387s ]
INFO: [ app_begin ] --START--
INFO: Run Behavior\ReadHtmlCacheBehavior [ RunTime:0.000509s ]
INFO: [ app_begin ] --END-- [ RunTime:0.000621s ]

[ 2015-08-27T15:41:29+08:00 ] 127.0.0.1 /git/index.php/Sadmin/
INFO: [ app_init ] --START--
INFO: Run Behavior\BuildLiteBehavior [ RunTime:0.000049s ]
INFO: [ app_init ] --END-- [ RunTime:0.000898s ]
INFO: [ app_begin ] --START--
INFO: Run Behavior\ReadHtmlCacheBehavior [ RunTime:0.001221s ]
INFO: [ app_begin ] --END-- [ RunTime:0.001463s ]

[ 2015-08-27T15:41:31+08:00 ] 127.0.0.1 /git/index.php/Sadmin/
INFO: [ app_init ] --START--
INFO: Run Behavior\BuildLiteBehavior [ RunTime:0.000027s ]
INFO: [ app_init ] --END-- [ RunTime:0.000488s ]
INFO: [ app_begin ] --START--
INFO: Run Behavior\ReadHtmlCacheBehavior [ RunTime:0.000554s ]
INFO: [ app_begin ] --END-- [ RunTime:0.000730s ]

[ 2015-08-27T15:41:32+08:00 ] 127.0.0.1 /git/index.php/Sadmin/
INFO: [ app_init ] --START--
INFO: Run Behavior\BuildLiteBehavior [ RunTime:0.000021s ]
INFO: [ app_init ] --END-- [ RunTime:0.000364s ]
INFO: [ app_begin ] --START--
INFO: Run Behavior\ReadHtmlCacheBehavior [ RunTime:0.000553s ]
INFO: [ app_begin ] --END-- [ RunTime:0.000650s ]

[ 2015-08-27T15:47:17+08:00 ] 127.0.0.1 /git/index.php/Sadmin/
INFO: [ app_init ] --START--
INFO: Run Behavior\BuildLiteBehavior [ RunTime:0.000025s ]
INFO: [ app_init ] --END-- [ RunTime:0.000522s ]
INFO: [ app_begin ] --START--
INFO: Run Behavior\ReadHtmlCacheBehavior [ RunTime:0.000656s ]
INFO: [ app_begin ] --END-- [ RunTime:0.000766s ]

[ 2015-08-27T15:47:18+08:00 ] 127.0.0.1 /git/index.php/Sadmin/
INFO: [ app_init ] --START--
INFO: Run Behavior\BuildLiteBehavior [ RunTime:0.000019s ]
INFO: [ app_init ] --END-- [ RunTime:0.000329s ]
INFO: [ app_begin ] --START--
INFO: Run Behavior\ReadHtmlCacheBehavior [ RunTime:0.000371s ]
INFO: [ app_begin ] --END-- [ RunTime:0.000447s ]

[ 2015-08-27T15:47:32+08:00 ] 127.0.0.1 /git/index.php/Sadmin/
INFO: [ app_init ] --START--
INFO: Run Behavior\BuildLiteBehavior [ RunTime:0.000026s ]
INFO: [ app_init ] --END-- [ RunTime:0.000424s ]
INFO: [ app_begin ] --START--
INFO: Run Behavior\ReadHtmlCacheBehavior [ RunTime:0.000505s ]
INFO: [ app_begin ] --END-- [ RunTime:0.000597s ]
INFO: [ view_parse ] --START--
INFO: [ template_filter ] --START--
INFO: Run Behavior\ContentReplaceBehavior [ RunTime:0.000074s ]
INFO: [ template_filter ] --END-- [ RunTime:0.000199s ]
INFO: Run Behavior\ParseTemplateBehavior [ RunTime:0.072605s ]
INFO: [ view_parse ] --END-- [ RunTime:0.072708s ]
INFO: [ view_filter ] --START--
INFO: Run Behavior\WriteHtmlCacheBehavior [ RunTime:0.003878s ]
INFO: [ view_filter ] --END-- [ RunTime:0.003977s ]
INFO: [ app_end ] --START--
INFO: Run Behavior\ShowPageTraceBehavior [ RunTime:0.000605s ]
INFO: [ app_end ] --END-- [ RunTime:0.000691s ]

[ 2015-08-27T15:47:35+08:00 ] 127.0.0.1 /git/index.php/Sadmin/
INFO: [ app_init ] --START--
INFO: Run Behavior\BuildLiteBehavior [ RunTime:0.000035s ]
INFO: [ app_init ] --END-- [ RunTime:0.000538s ]
INFO: [ app_begin ] --START--
INFO: Run Behavior\ReadHtmlCacheBehavior [ RunTime:0.000723s ]
INFO: [ app_begin ] --END-- [ RunTime:0.000858s ]
INFO: [ view_parse ] --START--
INFO: [ template_filter ] --START--
INFO: Run Behavior\ContentReplaceBehavior [ RunTime:0.000085s ]
INFO: [ template_filter ] --END-- [ RunTime:0.000222s ]
INFO: Run Behavior\ParseTemplateBehavior [ RunTime:0.008564s ]
INFO: [ view_parse ] --END-- [ RunTime:0.008707s ]
INFO: [ view_filter ] --START--
INFO: Run Behavior\WriteHtmlCacheBehavior [ RunTime:0.000400s ]
INFO: [ view_filter ] --END-- [ RunTime:0.000503s ]
INFO: [ app_end ] --START--
INFO: Run Behavior\ShowPageTraceBehavior [ RunTime:0.000636s ]
INFO: [ app_end ] --END-- [ RunTime:0.000784s ]

[ 2015-08-27T15:47:46+08:00 ] 127.0.0.1 /git/index.php/Sadmin/
INFO: [ app_init ] --START--
INFO: Run Behavior\BuildLiteBehavior [ RunTime:0.000043s ]
INFO: [ app_init ] --END-- [ RunTime:0.000799s ]
INFO: [ app_begin ] --START--
INFO: Run Behavior\ReadHtmlCacheBehavior [ RunTime:0.000727s ]
INFO: [ app_begin ] --END-- [ RunTime:0.000879s ]

[ 2015-08-27T15:47:47+08:00 ] 127.0.0.1 /git/index.php/Sadmin/
INFO: [ app_init ] --START--
INFO: Run Behavior\BuildLiteBehavior [ RunTime:0.000019s ]
INFO: [ app_init ] --END-- [ RunTime:0.000333s ]
INFO: [ app_begin ] --START--
INFO: Run Behavior\ReadHtmlCacheBehavior [ RunTime:0.000456s ]
INFO: [ app_begin ] --END-- [ RunTime:0.000538s ]

[ 2015-08-27T15:47:48+08:00 ] 127.0.0.1 /git/index.php/Sadmin/
INFO: [ app_init ] --START--
INFO: Run Behavior\BuildLiteBehavior [ RunTime:0.000034s ]
INFO: [ app_init ] --END-- [ RunTime:0.000646s ]
INFO: [ app_begin ] --START--
INFO: Run Behavior\ReadHtmlCacheBehavior [ RunTime:0.000741s ]
INFO: [ app_begin ] --END-- [ RunTime:0.000899s ]

[ 2015-08-27T15:47:49+08:00 ] 127.0.0.1 /git/index.php/Sadmin/
INFO: [ app_init ] --START--
INFO: Run Behavior\BuildLiteBehavior [ RunTime:0.000039s ]
INFO: [ app_init ] --END-- [ RunTime:0.000563s ]
INFO: [ app_begin ] --START--
INFO: Run Behavior\ReadHtmlCacheBehavior [ RunTime:0.000452s ]
INFO: [ app_begin ] --END-- [ RunTime:0.000582s ]

[ 2015-08-27T15:47:50+08:00 ] 127.0.0.1 /git/index.php/Sadmin/
INFO: [ app_init ] --START--
INFO: Run Behavior\BuildLiteBehavior [ RunTime:0.000048s ]
INFO: [ app_init ] --END-- [ RunTime:0.000887s ]
INFO: [ app_begin ] --START--
INFO: Run Behavior\ReadHtmlCacheBehavior [ RunTime:0.000963s ]
INFO: [ app_begin ] --END-- [ RunTime:0.001161s ]

[ 2015-08-27T15:50:46+08:00 ] 127.0.0.1 /git/index.php/Sadmin/
INFO: [ app_init ] --START--
INFO: Run Behavior\BuildLiteBehavior [ RunTime:0.000019s ]
INFO: [ app_init ] --END-- [ RunTime:0.000392s ]
INFO: [ app_begin ] --START--
INFO: Run Behavior\ReadHtmlCacheBehavior [ RunTime:0.000513s ]
INFO: [ app_begin ] --END-- [ RunTime:0.000590s ]

[ 2015-08-27T15:50:47+08:00 ] 127.0.0.1 /git/index.php/Sadmin/
INFO: [ app_init ] --START--
INFO: Run Behavior\BuildLiteBehavior [ RunTime:0.000019s ]
INFO: [ app_init ] --END-- [ RunTime:0.000462s ]
INFO: [ app_begin ] --START--
INFO: Run Behavior\ReadHtmlCacheBehavior [ RunTime:0.000518s ]
INFO: [ app_begin ] --END-- [ RunTime:0.000594s ]

[ 2015-08-27T15:50:47+08:00 ] 127.0.0.1 /git/index.php/Sadmin/
INFO: [ app_init ] --START--
INFO: Run Behavior\BuildLiteBehavior [ RunTime:0.000022s ]
INFO: [ app_init ] --END-- [ RunTime:0.000421s ]
INFO: [ app_begin ] --START--
INFO: Run Behavior\ReadHtmlCacheBehavior [ RunTime:0.000560s ]
INFO: [ app_begin ] --END-- [ RunTime:0.000645s ]

[ 2015-08-27T15:58:24+08:00 ] 127.0.0.1 /git/index.php/Sadmin/index/login
INFO: [ app_init ] --START--
INFO: Run Behavior\BuildLiteBehavior [ RunTime:0.000021s ]
INFO: [ app_init ] --END-- [ RunTime:0.000445s ]
INFO: [ app_begin ] --START--
INFO: Run Behavior\ReadHtmlCacheBehavior [ RunTime:0.000660s ]
INFO: [ app_begin ] --END-- [ RunTime:0.000753s ]
INFO: [ app_end ] --START--
INFO: Run Behavior\ShowPageTraceBehavior [ RunTime:0.000514s ]
INFO: [ app_end ] --END-- [ RunTime:0.000593s ]

[ 2015-08-27T15:58:35+08:00 ] 127.0.0.1 /git/index.php/Sadmin/index/login
INFO: [ app_init ] --START--
INFO: Run Behavior\BuildLiteBehavior [ RunTime:0.000019s ]
INFO: [ app_init ] --END-- [ RunTime:0.000379s ]
INFO: [ app_begin ] --START--
INFO: Run Behavior\ReadHtmlCacheBehavior [ RunTime:0.000510s ]
INFO: [ app_begin ] --END-- [ RunTime:0.000588s ]

[ 2015-08-27T15:59:30+08:00 ] 127.0.0.1 /git/index.php/Sadmin/index/login
INFO: [ app_init ] --START--
INFO: Run Behavior\BuildLiteBehavior [ RunTime:0.000034s ]
INFO: [ app_init ] --END-- [ RunTime:0.000800s ]
INFO: [ app_begin ] --START--
INFO: Run Behavior\ReadHtmlCacheBehavior [ RunTime:0.000977s ]
INFO: [ app_begin ] --END-- [ RunTime:0.001128s ]

[ 2015-08-27T15:59:48+08:00 ] 127.0.0.1 /git/index.php/Sadmin/index/login
INFO: [ app_init ] --START--
INFO: Run Behavior\BuildLiteBehavior [ RunTime:0.000027s ]
INFO: [ app_init ] --END-- [ RunTime:0.000580s ]
INFO: [ app_begin ] --START--
INFO: Run Behavior\ReadHtmlCacheBehavior [ RunTime:0.000767s ]
INFO: [ app_begin ] --END-- [ RunTime:0.000903s ]

[ 2015-08-27T15:59:49+08:00 ] 127.0.0.1 /git/index.php/Sadmin/index/login
INFO: [ app_init ] --START--
INFO: Run Behavior\BuildLiteBehavior [ RunTime:0.000039s ]
INFO: [ app_init ] --END-- [ RunTime:0.000796s ]
INFO: [ app_begin ] --START--
INFO: Run Behavior\ReadHtmlCacheBehavior [ RunTime:0.000886s ]
INFO: [ app_begin ] --END-- [ RunTime:0.001022s ]

[ 2015-08-27T15:59:50+08:00 ] 127.0.0.1 /git/index.php/Sadmin/index/login
INFO: [ app_init ] --START--
INFO: Run Behavior\BuildLiteBehavior [ RunTime:0.000037s ]
INFO: [ app_init ] --END-- [ RunTime:0.000777s ]
INFO: [ app_begin ] --START--
INFO: Run Behavior\ReadHtmlCacheBehavior [ RunTime:0.001090s ]
INFO: [ app_begin ] --END-- [ RunTime:0.001259s ]

[ 2015-08-27T15:59:54+08:00 ] 127.0.0.1 /git/index.php/Sadmin/index/login
INFO: [ app_init ] --START--
INFO: Run Behavior\BuildLiteBehavior [ RunTime:0.000018s ]
INFO: [ app_init ] --END-- [ RunTime:0.000381s ]
INFO: [ app_begin ] --START--
INFO: Run Behavior\ReadHtmlCacheBehavior [ RunTime:0.000522s ]
INFO: [ app_begin ] --END-- [ RunTime:0.000601s ]

[ 2015-08-27T15:59:56+08:00 ] 127.0.0.1 /git/index.php/Sadmin/index/login
INFO: [ app_init ] --START--
INFO: Run Behavior\BuildLiteBehavior [ RunTime:0.000024s ]
INFO: [ app_init ] --END-- [ RunTime:0.000503s ]
INFO: [ app_begin ] --START--
INFO: Run Behavior\ReadHtmlCacheBehavior [ RunTime:0.000657s ]
INFO: [ app_begin ] --END-- [ RunTime:0.000755s ]

[ 2015-08-27T16:00:29+08:00 ] 127.0.0.1 /git/index.php/Sadmin/index/login
INFO: [ app_init ] --START--
INFO: Run Behavior\BuildLiteBehavior [ RunTime:0.000018s ]
INFO: [ app_init ] --END-- [ RunTime:0.000376s ]
INFO: [ app_begin ] --START--
INFO: Run Behavior\ReadHtmlCacheBehavior [ RunTime:0.000518s ]
INFO: [ app_begin ] --END-- [ RunTime:0.000596s ]

[ 2015-08-27T16:00:30+08:00 ] 127.0.0.1 /git/index.php/Sadmin/index/login
INFO: [ app_init ] --START--
INFO: Run Behavior\BuildLiteBehavior [ RunTime:0.000042s ]
INFO: [ app_init ] --END-- [ RunTime:0.000885s ]
INFO: [ app_begin ] --START--
INFO: Run Behavior\ReadHtmlCacheBehavior [ RunTime:0.000662s ]
INFO: [ app_begin ] --END-- [ RunTime:0.001311s ]

[ 2015-08-27T16:00:31+08:00 ] 127.0.0.1 /git/index.php/Sadmin/index/login
INFO: [ app_init ] --START--
INFO: Run Behavior\BuildLiteBehavior [ RunTime:0.000020s ]
INFO: [ app_init ] --END-- [ RunTime:0.000386s ]
INFO: [ app_begin ] --START--
INFO: Run Behavior\ReadHtmlCacheBehavior [ RunTime:0.000586s ]
INFO: [ app_begin ] --END-- [ RunTime:0.000671s ]

[ 2015-08-27T16:01:09+08:00 ] 127.0.0.1 /git/index.php/Sadmin/index/login
INFO: [ app_init ] --START--
INFO: Run Behavior\BuildLiteBehavior [ RunTime:0.000028s ]
INFO: [ app_init ] --END-- [ RunTime:0.000800s ]
INFO: [ app_begin ] --START--
INFO: Run Behavior\ReadHtmlCacheBehavior [ RunTime:0.000766s ]
INFO: [ app_begin ] --END-- [ RunTime:0.000881s ]

[ 2015-08-27T16:01:10+08:00 ] 127.0.0.1 /git/index.php/Sadmin/index/login
INFO: [ app_init ] --START--
INFO: Run Behavior\BuildLiteBehavior [ RunTime:0.000035s ]
INFO: [ app_init ] --END-- [ RunTime:0.000719s ]
INFO: [ app_begin ] --START--
INFO: Run Behavior\ReadHtmlCacheBehavior [ RunTime:0.001088s ]
INFO: [ app_begin ] --END-- [ RunTime:0.001252s ]

[ 2015-08-27T16:01:51+08:00 ] 127.0.0.1 /git/index.php/Sadmin/index/login
INFO: [ app_init ] --START--
INFO: Run Behavior\BuildLiteBehavior [ RunTime:0.000018s ]
INFO: [ app_init ] --END-- [ RunTime:0.000354s ]
INFO: [ app_begin ] --START--
INFO: Run Behavior\ReadHtmlCacheBehavior [ RunTime:0.000586s ]
INFO: [ app_begin ] --END-- [ RunTime:0.000677s ]

[ 2015-08-27T16:02:22+08:00 ] 127.0.0.1 /git/index.php/Sadmin/index/login
INFO: [ app_init ] --START--
INFO: Run Behavior\BuildLiteBehavior [ RunTime:0.000030s ]
INFO: [ app_init ] --END-- [ RunTime:0.000617s ]
INFO: [ app_begin ] --START--
INFO: Run Behavior\ReadHtmlCacheBehavior [ RunTime:0.000561s ]
INFO: [ app_begin ] --END-- [ RunTime:0.000649s ]
INFO: [ app_end ] --START--
INFO: Run Behavior\ShowPageTraceBehavior [ RunTime:0.000529s ]
INFO: [ app_end ] --END-- [ RunTime:0.000613s ]

[ 2015-08-27T16:09:48+08:00 ] 127.0.0.1 /git/index.php/Sadmin/index/login
INFO: [ app_init ] --START--
INFO: Run Behavior\BuildLiteBehavior [ RunTime:0.000033s ]
INFO: [ app_init ] --END-- [ RunTime:0.000503s ]
INFO: [ app_begin ] --START--
INFO: Run Behavior\ReadHtmlCacheBehavior [ RunTime:0.000632s ]
INFO: [ app_begin ] --END-- [ RunTime:0.000739s ]
INFO: [ app_end ] --START--
INFO: Run Behavior\ShowPageTraceBehavior [ RunTime:0.000627s ]
INFO: [ app_end ] --END-- [ RunTime:0.000721s ]

[ 2015-08-27T16:09:58+08:00 ] 127.0.0.1 /git/index.php/Sadmin/index/login
INFO: [ app_init ] --START--
INFO: Run Behavior\BuildLiteBehavior [ RunTime:0.000027s ]
INFO: [ app_init ] --END-- [ RunTime:0.000581s ]
INFO: [ app_begin ] --START--
INFO: Run Behavior\ReadHtmlCacheBehavior [ RunTime:0.000887s ]
INFO: [ app_begin ] --END-- [ RunTime:0.001007s ]
INFO: [ app_end ] --START--
INFO: Run Behavior\ShowPageTraceBehavior [ RunTime:0.001421s ]
INFO: [ app_end ] --END-- [ RunTime:0.001649s ]

[ 2015-08-27T16:10:10+08:00 ] 127.0.0.1 /git/index.php/Sadmin/index/login
INFO: [ app_init ] --START--
INFO: Run Behavior\BuildLiteBehavior [ RunTime:0.000036s ]
INFO: [ app_init ] --END-- [ RunTime:0.000879s ]
INFO: [ app_begin ] --START--
INFO: Run Behavior\ReadHtmlCacheBehavior [ RunTime:0.000500s ]
INFO: [ app_begin ] --END-- [ RunTime:0.000576s ]
INFO: [ app_end ] --START--
INFO: Run Behavior\ShowPageTraceBehavior [ RunTime:0.000529s ]
INFO: [ app_end ] --END-- [ RunTime:0.000613s ]

[ 2015-08-27T16:15:56+08:00 ] 127.0.0.1 /git/index.php/Sadmin/index/login
INFO: [ app_init ] --START--
INFO: Run Behavior\BuildLiteBehavior [ RunTime:0.000019s ]
INFO: [ app_init ] --END-- [ RunTime:0.000383s ]
INFO: [ app_begin ] --START--
INFO: Run Behavior\ReadHtmlCacheBehavior [ RunTime:0.000553s ]
INFO: [ app_begin ] --END-- [ RunTime:0.000873s ]
INFO: [ app_end ] --START--
INFO: Run Behavior\ShowPageTraceBehavior [ RunTime:0.000535s ]
INFO: [ app_end ] --END-- [ RunTime:0.000623s ]

[ 2015-08-27T16:16:12+08:00 ] 127.0.0.1 /git/index.php/Sadmin/index/login
INFO: [ app_init ] --START--
INFO: Run Behavior\BuildLiteBehavior [ RunTime:0.000030s ]
INFO: [ app_init ] --END-- [ RunTime:0.000445s ]
INFO: [ app_begin ] --START--
INFO: Run Behavior\ReadHtmlCacheBehavior [ RunTime:0.000608s ]
INFO: [ app_begin ] --END-- [ RunTime:0.000705s ]
INFO: [ app_end ] --START--
INFO: Run Behavior\ShowPageTraceBehavior [ RunTime:0.000748s ]
INFO: [ app_end ] --END-- [ RunTime:0.000880s ]

[ 2015-08-27T16:28:47+08:00 ] 127.0.0.1 /git/index.php/Sadmin/index/login
INFO: [ app_init ] --START--
INFO: Run Behavior\BuildLiteBehavior [ RunTime:0.000022s ]
INFO: [ app_init ] --END-- [ RunTime:0.000483s ]
INFO: [ app_begin ] --START--
INFO: Run Behavior\ReadHtmlCacheBehavior [ RunTime:0.000637s ]
INFO: [ app_begin ] --END-- [ RunTime:0.000730s ]

[ 2015-08-27T16:28:48+08:00 ] 127.0.0.1 /git/index.php/Sadmin/index/login
INFO: [ app_init ] --START--
INFO: Run Behavior\BuildLiteBehavior [ RunTime:0.000030s ]
INFO: [ app_init ] --END-- [ RunTime:0.000454s ]
INFO: [ app_begin ] --START--
INFO: Run Behavior\ReadHtmlCacheBehavior [ RunTime:0.000531s ]
INFO: [ app_begin ] --END-- [ RunTime:0.000613s ]

[ 2015-08-27T16:29:04+08:00 ] 127.0.0.1 /git/index.php/Sadmin/index/login
INFO: [ app_init ] --START--
INFO: Run Behavior\BuildLiteBehavior [ RunTime:0.000021s ]
INFO: [ app_init ] --END-- [ RunTime:0.000409s ]
INFO: [ app_begin ] --START--
INFO: Run Behavior\ReadHtmlCacheBehavior [ RunTime:0.000576s ]
INFO: [ app_begin ] --END-- [ RunTime:0.000661s ]
NOTIC: [8] Use of undefined constant SECRET_KEY - assumed 'SECRET_KEY' G:\wamp\www\git\ThinkPHP\Library\Org\Filter\Filter.class.php 第 13 行.
INFO: [ app_end ] --START--
INFO: Run Behavior\ShowPageTraceBehavior [ RunTime:0.000581s ]
INFO: [ app_end ] --END-- [ RunTime:0.000661s ]

[ 2015-08-27T16:29:37+08:00 ] 127.0.0.1 /git/index.php/Sadmin/index/login
INFO: [ app_init ] --START--
INFO: Run Behavior\BuildLiteBehavior [ RunTime:0.000023s ]
INFO: [ app_init ] --END-- [ RunTime:0.000473s ]
INFO: [ app_begin ] --START--
INFO: Run Behavior\ReadHtmlCacheBehavior [ RunTime:0.000655s ]
INFO: [ app_begin ] --END-- [ RunTime:0.000757s ]
NOTIC: [8] Use of undefined constant SECRET_KEY - assumed 'SECRET_KEY' G:\wamp\www\git\ThinkPHP\Library\Org\Filter\Filter.class.php 第 13 行.
INFO: [ app_end ] --START--
INFO: Run Behavior\ShowPageTraceBehavior [ RunTime:0.000661s ]
INFO: [ app_end ] --END-- [ RunTime:0.000757s ]

[ 2015-08-27T16:29:57+08:00 ] 127.0.0.1 /git/index.php/Sadmin/index/login
INFO: [ app_init ] --START--
INFO: Run Behavior\BuildLiteBehavior [ RunTime:0.000024s ]
INFO: [ app_init ] --END-- [ RunTime:0.000588s ]
INFO: [ app_begin ] --START--
INFO: Run Behavior\ReadHtmlCacheBehavior [ RunTime:0.000632s ]
INFO: [ app_begin ] --END-- [ RunTime:0.000724s ]

[ 2015-08-27T16:30:10+08:00 ] 127.0.0.1 /git/index.php/Sadmin/index/login
INFO: [ app_init ] --START--
INFO: Run Behavior\BuildLiteBehavior [ RunTime:0.000026s ]
INFO: [ app_init ] --END-- [ RunTime:0.000540s ]
INFO: [ app_begin ] --START--
INFO: Run Behavior\ReadHtmlCacheBehavior [ RunTime:0.001058s ]
INFO: [ app_begin ] --END-- [ RunTime:0.001202s ]
NOTIC: [8] Use of undefined constant SECRET_KEY - assumed 'SECRET_KEY' G:\wamp\www\git\ThinkPHP\Library\Org\Filter\Filter.class.php 第 13 行.
INFO: [ app_end ] --START--
INFO: Run Behavior\ShowPageTraceBehavior [ RunTime:0.000521s ]
INFO: [ app_end ] --END-- [ RunTime:0.000598s ]

[ 2015-08-27T16:30:36+08:00 ] 127.0.0.1 /git/index.php/Sadmin/index/login
INFO: [ app_init ] --START--
INFO: Run Behavior\BuildLiteBehavior [ RunTime:0.000018s ]
INFO: [ app_init ] --END-- [ RunTime:0.000364s ]
INFO: [ app_begin ] --START--
INFO: Run Behavior\ReadHtmlCacheBehavior [ RunTime:0.000506s ]
INFO: [ app_begin ] --END-- [ RunTime:0.000581s ]
NOTIC: [8] Use of undefined constant SECRET_KEY - assumed 'SECRET_KEY' G:\wamp\www\git\ThinkPHP\Library\Org\Filter\Filter.class.php 第 13 行.
INFO: [ app_end ] --START--
INFO: Run Behavior\ShowPageTraceBehavior [ RunTime:0.000570s ]
INFO: [ app_end ] --END-- [ RunTime:0.000652s ]

[ 2015-08-27T16:31:02+08:00 ] 127.0.0.1 /git/index.php/Sadmin/index/login
INFO: [ app_init ] --START--
INFO: Run Behavior\BuildLiteBehavior [ RunTime:0.000018s ]
INFO: [ app_init ] --END-- [ RunTime:0.000440s ]
INFO: [ app_begin ] --START--
INFO: Run Behavior\ReadHtmlCacheBehavior [ RunTime:0.000547s ]
INFO: [ app_begin ] --END-- [ RunTime:0.000629s ]
NOTIC: [8] Use of undefined constant SECRET_KEY - assumed 'SECRET_KEY' G:\wamp\www\git\ThinkPHP\Library\Org\Filter\Filter.class.php 第 13 行.
INFO: [ app_end ] --START--
INFO: Run Behavior\ShowPageTraceBehavior [ RunTime:0.000536s ]
INFO: [ app_end ] --END-- [ RunTime:0.000608s ]

[ 2015-08-27T16:32:27+08:00 ] 127.0.0.1 /git/index.php/Sadmin/index/login
INFO: [ app_init ] --START--
INFO: Run Behavior\BuildLiteBehavior [ RunTime:0.000028s ]
INFO: [ app_init ] --END-- [ RunTime:0.000571s ]
INFO: [ app_begin ] --START--
INFO: Run Behavior\ReadHtmlCacheBehavior [ RunTime:0.000678s ]
INFO: [ app_begin ] --END-- [ RunTime:0.000780s ]
NOTIC: [8] Use of undefined constant SECRET_KEY - assumed 'SECRET_KEY' G:\wamp\www\git\ThinkPHP\Library\Org\Filter\Filter.class.php 第 13 行.
INFO: [ app_end ] --START--
INFO: Run Behavior\ShowPageTraceBehavior [ RunTime:0.000717s ]
INFO: [ app_end ] --END-- [ RunTime:0.000817s ]

[ 2015-08-27T16:50:20+08:00 ] 127.0.0.1 /git/index.php/Sadmin/index/login
INFO: [ app_init ] --START--
INFO: Run Behavior\BuildLiteBehavior [ RunTime:0.000020s ]
INFO: [ app_init ] --END-- [ RunTime:0.000431s ]
INFO: [ app_begin ] --START--
INFO: Run Behavior\ReadHtmlCacheBehavior [ RunTime:0.000519s ]
INFO: [ app_begin ] --END-- [ RunTime:0.000605s ]
NOTIC: [8] Use of undefined constant SECRET_KEY - assumed 'SECRET_KEY' G:\wamp\www\git\ThinkPHP\Library\Org\Filter\Filter.class.php 第 13 行.
SQL: SHOW COLUMNS FROM `jr_user` [ RunTime:0.0027s ]
SQL: INSERT INTO `jr_user` (`email`,`pwd`) VALUES ('243504330@qq.com','1b26da04f9f8ac9300338b82cff12d8a') [ RunTime:0.0577s ]
INFO: [ app_end ] --START--
INFO: Run Behavior\ShowPageTraceBehavior [ RunTime:0.000672s ]
INFO: [ app_end ] --END-- [ RunTime:0.000757s ]

[ 2015-08-27T17:04:52+08:00 ] 127.0.0.1 /git/index.php/Sadmin/index/login
INFO: [ app_init ] --START--
INFO: Run Behavior\BuildLiteBehavior [ RunTime:0.000019s ]
INFO: [ app_init ] --END-- [ RunTime:0.000419s ]
INFO: [ app_begin ] --START--
INFO: Run Behavior\ReadHtmlCacheBehavior [ RunTime:0.000527s ]
INFO: [ app_begin ] --END-- [ RunTime:0.000614s ]

[ 2015-08-27T17:04:56+08:00 ] 127.0.0.1 /git/index.php/Sadmin/index/login
INFO: [ app_init ] --START--
INFO: Run Behavior\BuildLiteBehavior [ RunTime:0.000027s ]
INFO: [ app_init ] --END-- [ RunTime:0.000620s ]
INFO: [ app_begin ] --START--
INFO: Run Behavior\ReadHtmlCacheBehavior [ RunTime:0.000783s ]
INFO: [ app_begin ] --END-- [ RunTime:0.000916s ]

[ 2015-08-27T17:05:26+08:00 ] 127.0.0.1 /git/index.php/Sadmin/index/login
INFO: [ app_init ] --START--
INFO: Run Behavior\BuildLiteBehavior [ RunTime:0.000027s ]
INFO: [ app_init ] --END-- [ RunTime:0.000418s ]
INFO: [ app_begin ] --START--
INFO: Run Behavior\ReadHtmlCacheBehavior [ RunTime:0.000531s ]
INFO: [ app_begin ] --END-- [ RunTime:0.000626s ]
NOTIC: [8] Use of undefined constant SECRET_KEY - assumed 'SECRET_KEY' G:\wamp\www\git\ThinkPHP\Library\Org\Filter\Filter.class.php 第 13 行.
INFO: [ app_end ] --START--
INFO: Run Behavior\ShowPageTraceBehavior [ RunTime:0.000559s ]
INFO: [ app_end ] --END-- [ RunTime:0.000661s ]

[ 2015-08-27T17:17:52+08:00 ] 127.0.0.1 /git/index.php/Sadmin/index/login
INFO: [ app_init ] --START--
INFO: Run Behavior\BuildLiteBehavior [ RunTime:0.000026s ]
INFO: [ app_init ] --END-- [ RunTime:0.000630s ]
INFO: [ app_begin ] --START--
INFO: Run Behavior\ReadHtmlCacheBehavior [ RunTime:0.000784s ]
INFO: [ app_begin ] --END-- [ RunTime:0.000915s ]

[ 2015-08-27T17:18:22+08:00 ] 127.0.0.1 /git/index.php/Sadmin/index/login
INFO: [ app_init ] --START--
INFO: Run Behavior\BuildLiteBehavior [ RunTime:0.000030s ]
INFO: [ app_init ] --END-- [ RunTime:0.000861s ]
INFO: [ app_begin ] --START--
INFO: Run Behavior\ReadHtmlCacheBehavior [ RunTime:0.000945s ]
INFO: [ app_begin ] --END-- [ RunTime:0.001099s ]
NOTIC: [8] Use of undefined constant SECRET_KEY - assumed 'SECRET_KEY' G:\wamp\www\git\ThinkPHP\Library\Org\Filter\Filter.class.php 第 13 行.
SQL: SHOW COLUMNS FROM `jr_user` [ RunTime:0.0032s ]
ERR: Think\Model:get_user_info方法不存在！

[ 2015-08-27T17:21:38+08:00 ] 127.0.0.1 /git/index.php/Sadmin/index/login
INFO: [ app_init ] --START--
INFO: Run Behavior\BuildLiteBehavior [ RunTime:0.000027s ]
INFO: [ app_init ] --END-- [ RunTime:0.000648s ]
INFO: [ app_begin ] --START--
INFO: Run Behavior\ReadHtmlCacheBehavior [ RunTime:0.000870s ]
INFO: [ app_begin ] --END-- [ RunTime:0.001019s ]
NOTIC: [8] Use of undefined constant SECRET_KEY - assumed 'SECRET_KEY' G:\wamp\www\git\ThinkPHP\Library\Org\Filter\Filter.class.php 第 13 行.
SQL: SHOW COLUMNS FROM `jr_user` [ RunTime:0.0025s ]
ERR: Think\Model:get方法不存在！

[ 2015-08-27T17:21:39+08:00 ] 127.0.0.1 /git/index.php/Sadmin/index/login
INFO: [ app_init ] --START--
INFO: Run Behavior\BuildLiteBehavior [ RunTime:0.000021s ]
INFO: [ app_init ] --END-- [ RunTime:0.000467s ]
INFO: [ app_begin ] --START--
INFO: Run Behavior\ReadHtmlCacheBehavior [ RunTime:0.000575s ]
INFO: [ app_begin ] --END-- [ RunTime:0.000670s ]
NOTIC: [8] Use of undefined constant SECRET_KEY - assumed 'SECRET_KEY' G:\wamp\www\git\ThinkPHP\Library\Org\Filter\Filter.class.php 第 13 行.
SQL: SHOW COLUMNS FROM `jr_user` [ RunTime:0.0025s ]
ERR: Think\Model:get方法不存在！

[ 2015-08-27T17:24:10+08:00 ] 127.0.0.1 /git/index.php/Sadmin/index/login
INFO: [ app_init ] --START--
INFO: Run Behavior\BuildLiteBehavior [ RunTime:0.000019s ]
INFO: [ app_init ] --END-- [ RunTime:0.000416s ]
INFO: [ app_begin ] --START--
INFO: Run Behavior\ReadHtmlCacheBehavior [ RunTime:0.000592s ]
INFO: [ app_begin ] --END-- [ RunTime:0.000690s ]
NOTIC: [8] Use of undefined constant SECRET_KEY - assumed 'SECRET_KEY' G:\wamp\www\git\ThinkPHP\Library\Org\Filter\Filter.class.php 第 13 行.
SQL: SHOW COLUMNS FROM `jr_user` [ RunTime:0.0025s ]
ERR: Think\Model:get方法不存在！

[ 2015-08-27T17:24:11+08:00 ] 127.0.0.1 /git/index.php/Sadmin/index/login
INFO: [ app_init ] --START--
INFO: Run Behavior\BuildLiteBehavior [ RunTime:0.000022s ]
INFO: [ app_init ] --END-- [ RunTime:0.000491s ]
INFO: [ app_begin ] --START--
INFO: Run Behavior\ReadHtmlCacheBehavior [ RunTime:0.000643s ]
INFO: [ app_begin ] --END-- [ RunTime:0.000736s ]
NOTIC: [8] Use of undefined constant SECRET_KEY - assumed 'SECRET_KEY' G:\wamp\www\git\ThinkPHP\Library\Org\Filter\Filter.class.php 第 13 行.
SQL: SHOW COLUMNS FROM `jr_user` [ RunTime:0.0031s ]
ERR: Think\Model:get方法不存在！

[ 2015-08-27T17:24:49+08:00 ] 127.0.0.1 /git/index.php/Sadmin/index/login
INFO: [ app_init ] --START--
INFO: Run Behavior\BuildLiteBehavior [ RunTime:0.000019s ]
INFO: [ app_init ] --END-- [ RunTime:0.000422s ]
INFO: [ app_begin ] --START--
INFO: Run Behavior\ReadHtmlCacheBehavior [ RunTime:0.000528s ]
INFO: [ app_begin ] --END-- [ RunTime:0.000606s ]
NOTIC: [8] Use of undefined constant SECRET_KEY - assumed 'SECRET_KEY' G:\wamp\www\git\ThinkPHP\Library\Org\Filter\Filter.class.php 第 13 行.
SQL: SHOW COLUMNS FROM `jr_user` [ RunTime:0.0025s ]
ERR: Think\Model:get方法不存在！

[ 2015-08-27T17:24:50+08:00 ] 127.0.0.1 /git/index.php/Sadmin/index/login
INFO: [ app_init ] --START--
INFO: Run Behavior\BuildLiteBehavior [ RunTime:0.000018s ]
INFO: [ app_init ] --END-- [ RunTime:0.000406s ]
INFO: [ app_begin ] --START--
INFO: Run Behavior\ReadHtmlCacheBehavior [ RunTime:0.000514s ]
INFO: [ app_begin ] --END-- [ RunTime:0.000590s ]
NOTIC: [8] Use of undefined constant SECRET_KEY - assumed 'SECRET_KEY' G:\wamp\www\git\ThinkPHP\Library\Org\Filter\Filter.class.php 第 13 行.
SQL: SHOW COLUMNS FROM `jr_user` [ RunTime:0.0024s ]
ERR: Think\Model:get方法不存在！

[ 2015-08-27T17:26:36+08:00 ] 127.0.0.1 /git/index.php/Sadmin/index/login
INFO: [ app_init ] --START--
INFO: Run Behavior\BuildLiteBehavior [ RunTime:0.000028s ]
INFO: [ app_init ] --END-- [ RunTime:0.000773s ]
INFO: [ app_begin ] --START--
INFO: Run Behavior\ReadHtmlCacheBehavior [ RunTime:0.000841s ]
INFO: [ app_begin ] --END-- [ RunTime:0.000965s ]
NOTIC: [8] Use of undefined constant SECRET_KEY - assumed 'SECRET_KEY' G:\wamp\www\git\ThinkPHP\Library\Org\Filter\Filter.class.php 第 13 行.
SQL: SHOW COLUMNS FROM `jr_user` [ RunTime:0.0025s ]
NOTIC: [8] Undefined variable: user G:\wamp\www\git\Application\Sadmin\Controller\IndexController.class.php 第 23 行.

[ 2015-08-27T17:26:48+08:00 ] 127.0.0.1 /git/index.php/Sadmin/index/login
INFO: [ app_init ] --START--
INFO: Run Behavior\BuildLiteBehavior [ RunTime:0.000020s ]
INFO: [ app_init ] --END-- [ RunTime:0.000585s ]
INFO: [ app_begin ] --START--
INFO: Run Behavior\ReadHtmlCacheBehavior [ RunTime:0.000527s ]
INFO: [ app_begin ] --END-- [ RunTime:0.000603s ]
NOTIC: [8] Use of undefined constant SECRET_KEY - assumed 'SECRET_KEY' G:\wamp\www\git\ThinkPHP\Library\Org\Filter\Filter.class.php 第 13 行.
SQL: SHOW COLUMNS FROM `jr_user` [ RunTime:0.0027s ]
NOTIC: [8] Undefined variable: user G:\wamp\www\git\Application\Sadmin\Controller\IndexController.class.php 第 23 行.

[ 2015-08-27T17:26:50+08:00 ] 127.0.0.1 /git/index.php/Sadmin/index/login
INFO: [ app_init ] --START--
INFO: Run Behavior\BuildLiteBehavior [ RunTime:0.000023s ]
INFO: [ app_init ] --END-- [ RunTime:0.000520s ]
INFO: [ app_begin ] --START--
INFO: Run Behavior\ReadHtmlCacheBehavior [ RunTime:0.000687s ]
INFO: [ app_begin ] --END-- [ RunTime:0.000794s ]
NOTIC: [8] Use of undefined constant SECRET_KEY - assumed 'SECRET_KEY' G:\wamp\www\git\ThinkPHP\Library\Org\Filter\Filter.class.php 第 13 行.
SQL: SHOW COLUMNS FROM `jr_user` [ RunTime:0.0033s ]
NOTIC: [8] Undefined variable: user G:\wamp\www\git\Application\Sadmin\Controller\IndexController.class.php 第 23 行.

[ 2015-08-27T17:27:11+08:00 ] 127.0.0.1 /git/index.php/Sadmin/index/login
INFO: [ app_init ] --START--
INFO: Run Behavior\BuildLiteBehavior [ RunTime:0.000019s ]
INFO: [ app_init ] --END-- [ RunTime:0.000398s ]
INFO: [ app_begin ] --START--
INFO: Run Behavior\ReadHtmlCacheBehavior [ RunTime:0.000734s ]
INFO: [ app_begin ] --END-- [ RunTime:0.000849s ]
NOTIC: [8] Use of undefined constant SECRET_KEY - assumed 'SECRET_KEY' G:\wamp\www\git\ThinkPHP\Library\Org\Filter\Filter.class.php 第 13 行.
SQL: SHOW COLUMNS FROM `jr_user` [ RunTime:0.0027s ]
SQL: SELECT * FROM `jr_user`  [ RunTime:0.0003s ]
INFO: [ app_end ] --START--
INFO: Run Behavior\ShowPageTraceBehavior [ RunTime:0.000887s ]
INFO: [ app_end ] --END-- [ RunTime:0.000989s ]

[ 2015-08-27T17:28:56+08:00 ] 127.0.0.1 /git/index.php/Sadmin/index/login
INFO: [ app_init ] --START--
INFO: Run Behavior\BuildLiteBehavior [ RunTime:0.000041s ]
INFO: [ app_init ] --END-- [ RunTime:0.000946s ]
INFO: [ app_begin ] --START--
INFO: Run Behavior\ReadHtmlCacheBehavior [ RunTime:0.000860s ]
INFO: [ app_begin ] --END-- [ RunTime:0.000970s ]
NOTIC: [8] Use of undefined constant SECRET_KEY - assumed 'SECRET_KEY' G:\wamp\www\git\ThinkPHP\Library\Org\Filter\Filter.class.php 第 13 行.
SQL: SHOW COLUMNS FROM `jr_user` [ RunTime:0.0026s ]
SQL: SELECT * FROM `jr_user`  [ RunTime:0.0003s ]
INFO: [ app_end ] --START--
INFO: Run Behavior\ShowPageTraceBehavior [ RunTime:0.000732s ]
INFO: [ app_end ] --END-- [ RunTime:0.000811s ]

[ 2015-08-27T17:28:57+08:00 ] 127.0.0.1 /git/index.php/Sadmin/index/login
INFO: [ app_init ] --START--
INFO: Run Behavior\BuildLiteBehavior [ RunTime:0.000026s ]
INFO: [ app_init ] --END-- [ RunTime:0.000563s ]
INFO: [ app_begin ] --START--
INFO: Run Behavior\ReadHtmlCacheBehavior [ RunTime:0.000848s ]
INFO: [ app_begin ] --END-- [ RunTime:0.000961s ]
NOTIC: [8] Use of undefined constant SECRET_KEY - assumed 'SECRET_KEY' G:\wamp\www\git\ThinkPHP\Library\Org\Filter\Filter.class.php 第 13 行.
SQL: SHOW COLUMNS FROM `jr_user` [ RunTime:0.0025s ]
SQL: SELECT * FROM `jr_user`  [ RunTime:0.0003s ]
INFO: [ app_end ] --START--
INFO: Run Behavior\ShowPageTraceBehavior [ RunTime:0.000697s ]
INFO: [ app_end ] --END-- [ RunTime:0.000773s ]

[ 2015-08-27T17:33:43+08:00 ] 127.0.0.1 /git/index.php/Sadmin/index/login
INFO: [ app_init ] --START--
INFO: Run Behavior\BuildLiteBehavior [ RunTime:0.000021s ]
INFO: [ app_init ] --END-- [ RunTime:0.000540s ]
INFO: [ app_begin ] --START--
INFO: Run Behavior\ReadHtmlCacheBehavior [ RunTime:0.000591s ]
INFO: [ app_begin ] --END-- [ RunTime:0.000686s ]
NOTIC: [8] Use of undefined constant SECRET_KEY - assumed 'SECRET_KEY' G:\wamp\www\git\ThinkPHP\Library\Org\Filter\Filter.class.php 第 13 行.
SQL: SHOW COLUMNS FROM `jr_user` [ RunTime:0.0026s ]
ERR: Think\Model:get方法不存在！

[ 2015-08-27T17:34:07+08:00 ] 127.0.0.1 /git/index.php/Sadmin/index/login
INFO: [ app_init ] --START--
INFO: Run Behavior\BuildLiteBehavior [ RunTime:0.000038s ]
INFO: [ app_init ] --END-- [ RunTime:0.000855s ]
INFO: [ app_begin ] --START--
INFO: Run Behavior\ReadHtmlCacheBehavior [ RunTime:0.000563s ]
INFO: [ app_begin ] --END-- [ RunTime:0.000648s ]
NOTIC: [8] Use of undefined constant SECRET_KEY - assumed 'SECRET_KEY' G:\wamp\www\git\ThinkPHP\Library\Org\Filter\Filter.class.php 第 13 行.
SQL: SHOW COLUMNS FROM `jr_user` [ RunTime:0.0029s ]
INFO: [ app_end ] --START--
INFO: Run Behavior\ShowPageTraceBehavior [ RunTime:0.000661s ]
INFO: [ app_end ] --END-- [ RunTime:0.000741s ]

[ 2015-08-27T17:34:21+08:00 ] 127.0.0.1 /git/index.php/Sadmin/index/login
INFO: [ app_init ] --START--
INFO: Run Behavior\BuildLiteBehavior [ RunTime:0.000029s ]
INFO: [ app_init ] --END-- [ RunTime:0.000558s ]
INFO: [ app_begin ] --START--
INFO: Run Behavior\ReadHtmlCacheBehavior [ RunTime:0.000556s ]
INFO: [ app_begin ] --END-- [ RunTime:0.000654s ]

[ 2015-08-27T17:34:35+08:00 ] 127.0.0.1 /git/index.php/Sadmin/index/login
INFO: [ app_init ] --START--
INFO: Run Behavior\BuildLiteBehavior [ RunTime:0.000022s ]
INFO: [ app_init ] --END-- [ RunTime:0.000550s ]
INFO: [ app_begin ] --START--
INFO: Run Behavior\ReadHtmlCacheBehavior [ RunTime:0.000737s ]
INFO: [ app_begin ] --END-- [ RunTime:0.000845s ]
NOTIC: [8] Use of undefined constant SECRET_KEY - assumed 'SECRET_KEY' G:\wamp\www\git\ThinkPHP\Library\Org\Filter\Filter.class.php 第 13 行.
SQL: SHOW COLUMNS FROM `jr_user` [ RunTime:0.0030s ]
INFO: [ app_end ] --START--
INFO: Run Behavior\ShowPageTraceBehavior [ RunTime:0.001225s ]
INFO: [ app_end ] --END-- [ RunTime:0.001362s ]

[ 2015-08-27T17:37:09+08:00 ] 127.0.0.1 /git/index.php/Sadmin/index/login
INFO: [ app_init ] --START--
INFO: Run Behavior\BuildLiteBehavior [ RunTime:0.000019s ]
INFO: [ app_init ] --END-- [ RunTime:0.000421s ]
INFO: [ app_begin ] --START--
INFO: Run Behavior\ReadHtmlCacheBehavior [ RunTime:0.000547s ]
INFO: [ app_begin ] --END-- [ RunTime:0.000637s ]
NOTIC: [8] Use of undefined constant SECRET_KEY - assumed 'SECRET_KEY' G:\wamp\www\git\ThinkPHP\Library\Org\Filter\Filter.class.php 第 13 行.
SQL: SHOW COLUMNS FROM `jr_user` [ RunTime:0.0024s ]
INFO: [ app_end ] --START--
INFO: Run Behavior\ShowPageTraceBehavior [ RunTime:0.000625s ]
INFO: [ app_end ] --END-- [ RunTime:0.000731s ]

[ 2015-08-27T17:37:10+08:00 ] 127.0.0.1 /git/index.php/Sadmin/index/login
INFO: [ app_init ] --START--
INFO: Run Behavior\BuildLiteBehavior [ RunTime:0.000034s ]
INFO: [ app_init ] --END-- [ RunTime:0.000794s ]
INFO: [ app_begin ] --START--
INFO: Run Behavior\ReadHtmlCacheBehavior [ RunTime:0.001102s ]
INFO: [ app_begin ] --END-- [ RunTime:0.001294s ]
NOTIC: [8] Use of undefined constant SECRET_KEY - assumed 'SECRET_KEY' G:\wamp\www\git\ThinkPHP\Library\Org\Filter\Filter.class.php 第 13 行.
SQL: SHOW COLUMNS FROM `jr_user` [ RunTime:0.0026s ]
INFO: [ app_end ] --START--
INFO: Run Behavior\ShowPageTraceBehavior [ RunTime:0.000660s ]
INFO: [ app_end ] --END-- [ RunTime:0.000791s ]

[ 2015-08-27T17:37:34+08:00 ] 127.0.0.1 /git/index.php/Sadmin/index/login
INFO: [ app_init ] --START--
INFO: Run Behavior\BuildLiteBehavior [ RunTime:0.000026s ]
INFO: [ app_init ] --END-- [ RunTime:0.000473s ]
INFO: [ app_begin ] --START--
INFO: Run Behavior\ReadHtmlCacheBehavior [ RunTime:0.000606s ]
INFO: [ app_begin ] --END-- [ RunTime:0.000696s ]
NOTIC: [8] Use of undefined constant SECRET_KEY - assumed 'SECRET_KEY' G:\wamp\www\git\ThinkPHP\Library\Org\Filter\Filter.class.php 第 13 行.
SQL: SHOW COLUMNS FROM `jr_user` [ RunTime:0.0027s ]
INFO: [ app_end ] --START--
INFO: Run Behavior\ShowPageTraceBehavior [ RunTime:0.000798s ]
INFO: [ app_end ] --END-- [ RunTime:0.000914s ]

[ 2015-08-27T17:40:55+08:00 ] 127.0.0.1 /git/index.php/Sadmin/index/login
INFO: [ app_init ] --START--
INFO: Run Behavior\BuildLiteBehavior [ RunTime:0.000024s ]
INFO: [ app_init ] --END-- [ RunTime:0.000521s ]
INFO: [ app_begin ] --START--
INFO: Run Behavior\ReadHtmlCacheBehavior [ RunTime:0.000766s ]
INFO: [ app_begin ] --END-- [ RunTime:0.001041s ]
NOTIC: [8] Use of undefined constant SECRET_KEY - assumed 'SECRET_KEY' G:\wamp\www\git\ThinkPHP\Library\Org\Filter\Filter.class.php 第 13 行.
SQL: SHOW COLUMNS FROM `jr_user` [ RunTime:0.0025s ]
ERR: Think\Model:get方法不存在！

[ 2015-08-27T17:40:56+08:00 ] 127.0.0.1 /git/index.php/Sadmin/index/login
INFO: [ app_init ] --START--
INFO: Run Behavior\BuildLiteBehavior [ RunTime:0.000030s ]
INFO: [ app_init ] --END-- [ RunTime:0.000723s ]
INFO: [ app_begin ] --START--
INFO: Run Behavior\ReadHtmlCacheBehavior [ RunTime:0.000988s ]
INFO: [ app_begin ] --END-- [ RunTime:0.001138s ]
NOTIC: [8] Use of undefined constant SECRET_KEY - assumed 'SECRET_KEY' G:\wamp\www\git\ThinkPHP\Library\Org\Filter\Filter.class.php 第 13 行.
SQL: SHOW COLUMNS FROM `jr_user` [ RunTime:0.0028s ]
ERR: Think\Model:get方法不存在！

[ 2015-08-27T17:40:57+08:00 ] 127.0.0.1 /git/index.php/Sadmin/index/login
INFO: [ app_init ] --START--
INFO: Run Behavior\BuildLiteBehavior [ RunTime:0.000030s ]
INFO: [ app_init ] --END-- [ RunTime:0.000623s ]
INFO: [ app_begin ] --START--
INFO: Run Behavior\ReadHtmlCacheBehavior [ RunTime:0.000936s ]
INFO: [ app_begin ] --END-- [ RunTime:0.001072s ]
NOTIC: [8] Use of undefined constant SECRET_KEY - assumed 'SECRET_KEY' G:\wamp\www\git\ThinkPHP\Library\Org\Filter\Filter.class.php 第 13 行.
SQL: SHOW COLUMNS FROM `jr_user` [ RunTime:0.0027s ]
ERR: Think\Model:get方法不存在！

[ 2015-08-27T17:43:07+08:00 ] 127.0.0.1 /git/index.php/Sadmin/index/login
INFO: [ app_init ] --START--
INFO: Run Behavior\BuildLiteBehavior [ RunTime:0.000019s ]
INFO: [ app_init ] --END-- [ RunTime:0.000432s ]
INFO: [ app_begin ] --START--
INFO: Run Behavior\ReadHtmlCacheBehavior [ RunTime:0.000646s ]
INFO: [ app_begin ] --END-- [ RunTime:0.000742s ]
NOTIC: [8] Use of undefined constant SECRET_KEY - assumed 'SECRET_KEY' G:\wamp\www\git\ThinkPHP\Library\Org\Filter\Filter.class.php 第 13 行.
SQL: SHOW COLUMNS FROM `jr_user` [ RunTime:0.0026s ]
ERR: Think\Model:get方法不存在！

[ 2015-08-27T17:43:21+08:00 ] 127.0.0.1 /git/index.php/Sadmin/index/login
INFO: [ app_init ] --START--
INFO: Run Behavior\BuildLiteBehavior [ RunTime:0.000021s ]
INFO: [ app_init ] --END-- [ RunTime:0.000496s ]
INFO: [ app_begin ] --START--
INFO: Run Behavior\ReadHtmlCacheBehavior [ RunTime:0.000608s ]
INFO: [ app_begin ] --END-- [ RunTime:0.000720s ]
NOTIC: [8] Use of undefined constant SECRET_KEY - assumed 'SECRET_KEY' G:\wamp\www\git\ThinkPHP\Library\Org\Filter\Filter.class.php 第 13 行.
SQL: SHOW COLUMNS FROM `jr_user` [ RunTime:0.0030s ]
SQL: SELECT * FROM `jr_user`  [ RunTime:0.0003s ]
INFO: [ app_end ] --START--
INFO: Run Behavior\ShowPageTraceBehavior [ RunTime:0.000722s ]
INFO: [ app_end ] --END-- [ RunTime:0.000805s ]

[ 2015-08-27T17:44:25+08:00 ] 127.0.0.1 /git/index.php/Sadmin/index/login
INFO: [ app_init ] --START--
INFO: Run Behavior\BuildLiteBehavior [ RunTime:0.000022s ]
INFO: [ app_init ] --END-- [ RunTime:0.000525s ]
INFO: [ app_begin ] --START--
INFO: Run Behavior\ReadHtmlCacheBehavior [ RunTime:0.000638s ]
INFO: [ app_begin ] --END-- [ RunTime:0.000730s ]
NOTIC: [8] Use of undefined constant SECRET_KEY - assumed 'SECRET_KEY' G:\wamp\www\git\ThinkPHP\Library\Org\Filter\Filter.class.php 第 13 行.
SQL: SHOW COLUMNS FROM `jr_user` [ RunTime:0.0024s ]
ERR: Think\Model:adds方法不存在！

[ 2015-08-27T17:44:37+08:00 ] 127.0.0.1 /git/index.php/Sadmin/index/login
INFO: [ app_init ] --START--
INFO: Run Behavior\BuildLiteBehavior [ RunTime:0.000023s ]
INFO: [ app_init ] --END-- [ RunTime:0.000488s ]
INFO: [ app_begin ] --START--
INFO: Run Behavior\ReadHtmlCacheBehavior [ RunTime:0.000673s ]
INFO: [ app_begin ] --END-- [ RunTime:0.000776s ]
NOTIC: [8] Use of undefined constant SECRET_KEY - assumed 'SECRET_KEY' G:\wamp\www\git\ThinkPHP\Library\Org\Filter\Filter.class.php 第 13 行.
SQL: SHOW COLUMNS FROM `jr_user` [ RunTime:0.0024s ]
NOTIC: [8] Undefined variable: info G:\wamp\www\git\Application\Sadmin\Controller\IndexController.class.php 第 21 行.
ERR: Think\Model:adds方法不存在！

[ 2015-08-27T17:45:54+08:00 ] 127.0.0.1 /git/index.php/Sadmin/index/login
INFO: [ app_init ] --START--
INFO: Run Behavior\BuildLiteBehavior [ RunTime:0.000019s ]
INFO: [ app_init ] --END-- [ RunTime:0.000425s ]
INFO: [ app_begin ] --START--
INFO: Run Behavior\ReadHtmlCacheBehavior [ RunTime:0.000576s ]
INFO: [ app_begin ] --END-- [ RunTime:0.000660s ]
NOTIC: [8] Use of undefined constant SECRET_KEY - assumed 'SECRET_KEY' G:\wamp\www\git\ThinkPHP\Library\Org\Filter\Filter.class.php 第 13 行.
NOTIC: D方法实例化没找到模型类Sadmin\Model\UserModel
SQL: SHOW COLUMNS FROM `jr_user` [ RunTime:0.0026s ]
ERR: Think\Model:adds方法不存在！

[ 2015-08-27T17:45:55+08:00 ] 127.0.0.1 /git/index.php/Sadmin/index/login
INFO: [ app_init ] --START--
INFO: Run Behavior\BuildLiteBehavior [ RunTime:0.000025s ]
INFO: [ app_init ] --END-- [ RunTime:0.000580s ]
INFO: [ app_begin ] --START--
INFO: Run Behavior\ReadHtmlCacheBehavior [ RunTime:0.000865s ]
INFO: [ app_begin ] --END-- [ RunTime:0.000992s ]
NOTIC: [8] Use of undefined constant SECRET_KEY - assumed 'SECRET_KEY' G:\wamp\www\git\ThinkPHP\Library\Org\Filter\Filter.class.php 第 13 行.
NOTIC: D方法实例化没找到模型类Sadmin\Model\UserModel
SQL: SHOW COLUMNS FROM `jr_user` [ RunTime:0.0024s ]
ERR: Think\Model:adds方法不存在！

[ 2015-08-27T17:46:12+08:00 ] 127.0.0.1 /git/index.php/Sadmin/index/login
INFO: [ app_init ] --START--
INFO: Run Behavior\BuildLiteBehavior [ RunTime:0.000019s ]
INFO: [ app_init ] --END-- [ RunTime:0.000416s ]
INFO: [ app_begin ] --START--
INFO: Run Behavior\ReadHtmlCacheBehavior [ RunTime:0.000651s ]
INFO: [ app_begin ] --END-- [ RunTime:0.000740s ]
NOTIC: [8] Use of undefined constant SECRET_KEY - assumed 'SECRET_KEY' G:\wamp\www\git\ThinkPHP\Library\Org\Filter\Filter.class.php 第 13 行.
NOTIC: D方法实例化没找到模型类Sadmin\Model\UserModel
SQL: SHOW COLUMNS FROM `jr_user` [ RunTime:0.0025s ]
ERR: Think\Model:adds方法不存在！

[ 2015-08-27T17:47:51+08:00 ] 127.0.0.1 /git/index.php/Sadmin/index/login
INFO: [ app_init ] --START--
INFO: Run Behavior\BuildLiteBehavior [ RunTime:0.000020s ]
INFO: [ app_init ] --END-- [ RunTime:0.000463s ]
INFO: [ app_begin ] --START--
INFO: Run Behavior\ReadHtmlCacheBehavior [ RunTime:0.000648s ]
INFO: [ app_begin ] --END-- [ RunTime:0.000744s ]
NOTIC: [8] Use of undefined constant SECRET_KEY - assumed 'SECRET_KEY' G:\wamp\www\git\ThinkPHP\Library\Org\Filter\Filter.class.php 第 13 行.
NOTIC: D方法实例化没找到模型类Sadmin\Model\UserModel
SQL: SHOW COLUMNS FROM `jr_user` [ RunTime:0.0029s ]
ERR: Think\Model:adds方法不存在！

[ 2015-08-27T17:47:52+08:00 ] 127.0.0.1 /git/index.php/Sadmin/index/login
INFO: [ app_init ] --START--
INFO: Run Behavior\BuildLiteBehavior [ RunTime:0.000020s ]
INFO: [ app_init ] --END-- [ RunTime:0.000440s ]
INFO: [ app_begin ] --START--
INFO: Run Behavior\ReadHtmlCacheBehavior [ RunTime:0.000556s ]
INFO: [ app_begin ] --END-- [ RunTime:0.000640s ]
NOTIC: [8] Use of undefined constant SECRET_KEY - assumed 'SECRET_KEY' G:\wamp\www\git\ThinkPHP\Library\Org\Filter\Filter.class.php 第 13 行.
NOTIC: D方法实例化没找到模型类Sadmin\Model\UserModel
SQL: SHOW COLUMNS FROM `jr_user` [ RunTime:0.0028s ]
ERR: Think\Model:adds方法不存在！

[ 2015-08-27T17:49:30+08:00 ] 127.0.0.1 /git/index.php/Sadmin/index/login
INFO: [ app_init ] --START--
INFO: Run Behavior\BuildLiteBehavior [ RunTime:0.000018s ]
INFO: [ app_init ] --END-- [ RunTime:0.000410s ]
INFO: [ app_begin ] --START--
INFO: Run Behavior\ReadHtmlCacheBehavior [ RunTime:0.000588s ]
INFO: [ app_begin ] --END-- [ RunTime:0.000678s ]
NOTIC: [8] Use of undefined constant SECRET_KEY - assumed 'SECRET_KEY' G:\wamp\www\git\ThinkPHP\Library\Org\Filter\Filter.class.php 第 13 行.
SQL: SHOW COLUMNS FROM `jr_user` [ RunTime:0.0028s ]
SQL: SELECT * FROM `jr_user` LIMIT 1   [ RunTime:0.0003s ]
INFO: [ app_end ] --START--
INFO: Run Behavior\ShowPageTraceBehavior [ RunTime:0.000746s ]
INFO: [ app_end ] --END-- [ RunTime:0.000830s ]

[ 2015-08-27T17:49:31+08:00 ] 127.0.0.1 /git/index.php/Sadmin/index/login
INFO: [ app_init ] --START--
INFO: Run Behavior\BuildLiteBehavior [ RunTime:0.000020s ]
INFO: [ app_init ] --END-- [ RunTime:0.000434s ]
INFO: [ app_begin ] --START--
INFO: Run Behavior\ReadHtmlCacheBehavior [ RunTime:0.000643s ]
INFO: [ app_begin ] --END-- [ RunTime:0.000729s ]
NOTIC: [8] Use of undefined constant SECRET_KEY - assumed 'SECRET_KEY' G:\wamp\www\git\ThinkPHP\Library\Org\Filter\Filter.class.php 第 13 行.
SQL: SHOW COLUMNS FROM `jr_user` [ RunTime:0.0026s ]
SQL: SELECT * FROM `jr_user` LIMIT 1   [ RunTime:0.0003s ]
INFO: [ app_end ] --START--
INFO: Run Behavior\ShowPageTraceBehavior [ RunTime:0.000696s ]
INFO: [ app_end ] --END-- [ RunTime:0.000777s ]

[ 2015-08-27T17:50:16+08:00 ] 127.0.0.1 /git/index.php/Sadmin/index/login
INFO: [ app_init ] --START--
INFO: Run Behavior\BuildLiteBehavior [ RunTime:0.000019s ]
INFO: [ app_init ] --END-- [ RunTime:0.000428s ]
INFO: [ app_begin ] --START--
INFO: Run Behavior\ReadHtmlCacheBehavior [ RunTime:0.000616s ]
INFO: [ app_begin ] --END-- [ RunTime:0.000720s ]
NOTIC: [8] Use of undefined constant SECRET_KEY - assumed 'SECRET_KEY' G:\wamp\www\git\ThinkPHP\Library\Org\Filter\Filter.class.php 第 13 行.
SQL: SHOW COLUMNS FROM `jr_user` [ RunTime:0.0025s ]
SQL: SELECT * FROM `jr_user` LIMIT 1   [ RunTime:0.0002s ]
INFO: [ app_end ] --START--
INFO: Run Behavior\ShowPageTraceBehavior [ RunTime:0.000638s ]
INFO: [ app_end ] --END-- [ RunTime:0.000720s ]

[ 2015-08-27T17:50:17+08:00 ] 127.0.0.1 /git/index.php/Sadmin/index/login
INFO: [ app_init ] --START--
INFO: Run Behavior\BuildLiteBehavior [ RunTime:0.000035s ]
INFO: [ app_init ] --END-- [ RunTime:0.000911s ]
INFO: [ app_begin ] --START--
INFO: Run Behavior\ReadHtmlCacheBehavior [ RunTime:0.001050s ]
INFO: [ app_begin ] --END-- [ RunTime:0.001228s ]
NOTIC: [8] Use of undefined constant SECRET_KEY - assumed 'SECRET_KEY' G:\wamp\www\git\ThinkPHP\Library\Org\Filter\Filter.class.php 第 13 行.
SQL: SHOW COLUMNS FROM `jr_user` [ RunTime:0.0024s ]
SQL: SELECT * FROM `jr_user` LIMIT 1   [ RunTime:0.0003s ]
INFO: [ app_end ] --START--
INFO: Run Behavior\ShowPageTraceBehavior [ RunTime:0.000802s ]
INFO: [ app_end ] --END-- [ RunTime:0.000899s ]

[ 2015-08-27T17:50:17+08:00 ] 127.0.0.1 /git/index.php/Sadmin/index/login
INFO: [ app_init ] --START--
INFO: Run Behavior\BuildLiteBehavior [ RunTime:0.000030s ]
INFO: [ app_init ] --END-- [ RunTime:0.000684s ]
INFO: [ app_begin ] --START--
INFO: Run Behavior\ReadHtmlCacheBehavior [ RunTime:0.000945s ]
INFO: [ app_begin ] --END-- [ RunTime:0.001105s ]
NOTIC: [8] Use of undefined constant SECRET_KEY - assumed 'SECRET_KEY' G:\wamp\www\git\ThinkPHP\Library\Org\Filter\Filter.class.php 第 13 行.
SQL: SHOW COLUMNS FROM `jr_user` [ RunTime:0.0026s ]
SQL: SELECT * FROM `jr_user` LIMIT 1   [ RunTime:0.0003s ]
INFO: [ app_end ] --START--
INFO: Run Behavior\ShowPageTraceBehavior [ RunTime:0.000668s ]
INFO: [ app_end ] --END-- [ RunTime:0.000752s ]

[ 2015-08-27T17:50:18+08:00 ] 127.0.0.1 /git/index.php/Sadmin/index/login
INFO: [ app_init ] --START--
INFO: Run Behavior\BuildLiteBehavior [ RunTime:0.000030s ]
INFO: [ app_init ] --END-- [ RunTime:0.000762s ]
INFO: [ app_begin ] --START--
INFO: Run Behavior\ReadHtmlCacheBehavior [ RunTime:0.000911s ]
INFO: [ app_begin ] --END-- [ RunTime:0.001072s ]
NOTIC: [8] Use of undefined constant SECRET_KEY - assumed 'SECRET_KEY' G:\wamp\www\git\ThinkPHP\Library\Org\Filter\Filter.class.php 第 13 行.
SQL: SHOW COLUMNS FROM `jr_user` [ RunTime:0.0029s ]
SQL: SELECT * FROM `jr_user` LIMIT 1   [ RunTime:0.0003s ]
INFO: [ app_end ] --START--
INFO: Run Behavior\ShowPageTraceBehavior [ RunTime:0.000651s ]
INFO: [ app_end ] --END-- [ RunTime:0.000732s ]

[ 2015-08-27T17:50:34+08:00 ] 127.0.0.1 /git/index.php/Sadmin/index/login
INFO: [ app_init ] --START--
INFO: Run Behavior\BuildLiteBehavior [ RunTime:0.000031s ]
INFO: [ app_init ] --END-- [ RunTime:0.000532s ]
INFO: [ app_begin ] --START--
INFO: Run Behavior\ReadHtmlCacheBehavior [ RunTime:0.000830s ]
INFO: [ app_begin ] --END-- [ RunTime:0.001048s ]
NOTIC: [8] Use of undefined constant SECRET_KEY - assumed 'SECRET_KEY' G:\wamp\www\git\ThinkPHP\Library\Org\Filter\Filter.class.php 第 13 行.
SQL: SHOW COLUMNS FROM `jr_user` [ RunTime:0.0027s ]
SQL: SELECT * FROM `jr_user`  [ RunTime:0.0004s ]
INFO: [ app_end ] --START--
INFO: Run Behavior\ShowPageTraceBehavior [ RunTime:0.000706s ]
INFO: [ app_end ] --END-- [ RunTime:0.000789s ]

[ 2015-08-27T17:54:21+08:00 ] 127.0.0.1 /git/index.php/Sadmin/index/login
INFO: [ app_init ] --START--
INFO: Run Behavior\BuildLiteBehavior [ RunTime:0.000030s ]
INFO: [ app_init ] --END-- [ RunTime:0.000717s ]
INFO: [ app_begin ] --START--
INFO: Run Behavior\ReadHtmlCacheBehavior [ RunTime:0.000832s ]
INFO: [ app_begin ] --END-- [ RunTime:0.000977s ]
NOTIC: [8] Use of undefined constant SECRET_KEY - assumed 'SECRET_KEY' G:\wamp\www\git\ThinkPHP\Library\Org\Filter\Filter.class.php 第 13 行.
SQL: SHOW COLUMNS FROM `jr_user` [ RunTime:0.0024s ]
ERR: Think\Model:get方法不存在！

[ 2015-08-27T17:56:13+08:00 ] 127.0.0.1 /git/index.php/Sadmin/index/login
INFO: [ app_init ] --START--
INFO: Run Behavior\BuildLiteBehavior [ RunTime:0.000022s ]
INFO: [ app_init ] --END-- [ RunTime:0.000512s ]
INFO: [ app_begin ] --START--
INFO: Run Behavior\ReadHtmlCacheBehavior [ RunTime:0.000912s ]
INFO: [ app_begin ] --END-- [ RunTime:0.001047s ]
NOTIC: [8] Use of undefined constant SECRET_KEY - assumed 'SECRET_KEY' G:\wamp\www\git\ThinkPHP\Library\Org\Filter\Filter.class.php 第 13 行.
SQL: SHOW COLUMNS FROM `jr_user` [ RunTime:0.0026s ]
ERR: Think\Model:get方法不存在！

[ 2015-08-27T17:56:14+08:00 ] 127.0.0.1 /git/index.php/Sadmin/index/login
INFO: [ app_init ] --START--
INFO: Run Behavior\BuildLiteBehavior [ RunTime:0.000019s ]
INFO: [ app_init ] --END-- [ RunTime:0.000418s ]
INFO: [ app_begin ] --START--
INFO: Run Behavior\ReadHtmlCacheBehavior [ RunTime:0.000562s ]
INFO: [ app_begin ] --END-- [ RunTime:0.000646s ]
NOTIC: [8] Use of undefined constant SECRET_KEY - assumed 'SECRET_KEY' G:\wamp\www\git\ThinkPHP\Library\Org\Filter\Filter.class.php 第 13 行.
SQL: SHOW COLUMNS FROM `jr_user` [ RunTime:0.0027s ]
ERR: Think\Model:get方法不存在！

[ 2015-08-27T17:56:19+08:00 ] 127.0.0.1 /git/index.php/Sadmin/index/login
INFO: [ app_init ] --START--
INFO: Run Behavior\BuildLiteBehavior [ RunTime:0.000036s ]
INFO: [ app_init ] --END-- [ RunTime:0.000861s ]
INFO: [ app_begin ] --START--
INFO: Run Behavior\ReadHtmlCacheBehavior [ RunTime:0.000676s ]
INFO: [ app_begin ] --END-- [ RunTime:0.000822s ]
NOTIC: [8] Use of undefined constant SECRET_KEY - assumed 'SECRET_KEY' G:\wamp\www\git\ThinkPHP\Library\Org\Filter\Filter.class.php 第 13 行.
SQL: SHOW COLUMNS FROM `jr_user` [ RunTime:0.0025s ]
ERR: Think\Model:get方法不存在！

[ 2015-08-27T17:56:20+08:00 ] 127.0.0.1 /git/index.php/Sadmin/index/login
INFO: [ app_init ] --START--
INFO: Run Behavior\BuildLiteBehavior [ RunTime:0.000082s ]
INFO: [ app_init ] --END-- [ RunTime:0.000613s ]
INFO: [ app_begin ] --START--
INFO: Run Behavior\ReadHtmlCacheBehavior [ RunTime:0.000842s ]
INFO: [ app_begin ] --END-- [ RunTime:0.000965s ]
NOTIC: [8] Use of undefined constant SECRET_KEY - assumed 'SECRET_KEY' G:\wamp\www\git\ThinkPHP\Library\Org\Filter\Filter.class.php 第 13 行.
SQL: SHOW COLUMNS FROM `jr_user` [ RunTime:0.0025s ]
ERR: Think\Model:get方法不存在！

[ 2015-08-27T17:57:53+08:00 ] 127.0.0.1 /git/index.php/Sadmin/user
INFO: [ app_init ] --START--
INFO: Run Behavior\BuildLiteBehavior [ RunTime:0.000018s ]
INFO: [ app_init ] --END-- [ RunTime:0.000415s ]
INFO: [ app_begin ] --START--
INFO: Run Behavior\ReadHtmlCacheBehavior [ RunTime:0.000691s ]
INFO: [ app_begin ] --END-- [ RunTime:0.000784s ]
ERR: 无法加载控制器:User

[ 2015-08-27T17:58:39+08:00 ] 127.0.0.1 /git/index.php/Sadmin/user
INFO: [ app_init ] --START--
INFO: Run Behavior\BuildLiteBehavior [ RunTime:0.000019s ]
INFO: [ app_init ] --END-- [ RunTime:0.000422s ]
INFO: [ app_begin ] --START--
INFO: Run Behavior\ReadHtmlCacheBehavior [ RunTime:0.000534s ]
INFO: [ app_begin ] --END-- [ RunTime:0.000624s ]
ERR: 无法加载控制器:User

[ 2015-08-27T17:58:40+08:00 ] 127.0.0.1 /git/index.php/Sadmin/user
INFO: [ app_init ] --START--
INFO: Run Behavior\BuildLiteBehavior [ RunTime:0.000028s ]
INFO: [ app_init ] --END-- [ RunTime:0.000629s ]
INFO: [ app_begin ] --START--
INFO: Run Behavior\ReadHtmlCacheBehavior [ RunTime:0.000993s ]
INFO: [ app_begin ] --END-- [ RunTime:0.001132s ]
ERR: 无法加载控制器:User

[ 2015-08-27T17:58:40+08:00 ] 127.0.0.1 /git/index.php/Sadmin/user
INFO: [ app_init ] --START--
INFO: Run Behavior\BuildLiteBehavior [ RunTime:0.000027s ]
INFO: [ app_init ] --END-- [ RunTime:0.000630s ]
INFO: [ app_begin ] --START--
INFO: Run Behavior\ReadHtmlCacheBehavior [ RunTime:0.000913s ]
INFO: [ app_begin ] --END-- [ RunTime:0.001048s ]
ERR: 无法加载控制器:User

[ 2015-08-27T18:00:25+08:00 ] 127.0.0.1 /git/index.php/Sadmin/Index/login
INFO: [ app_init ] --START--
INFO: Run Behavior\BuildLiteBehavior [ RunTime:0.000032s ]
INFO: [ app_init ] --END-- [ RunTime:0.000568s ]
INFO: [ app_begin ] --START--
INFO: Run Behavior\ReadHtmlCacheBehavior [ RunTime:0.000698s ]
INFO: [ app_begin ] --END-- [ RunTime:0.000797s ]
NOTIC: [8] Use of undefined constant SECRET_KEY - assumed 'SECRET_KEY' G:\wamp\www\git\ThinkPHP\Library\Org\Filter\Filter.class.php 第 13 行.
SQL: SHOW COLUMNS FROM `jr_user` [ RunTime:0.0031s ]
SQL: SHOW COLUMNS FROM `jr_user` [ RunTime:0.0030s ]
SQL: SELECT * FROM `jr_user`  [ RunTime:0.0003s ]
INFO: [ app_end ] --START--
INFO: Run Behavior\ShowPageTraceBehavior [ RunTime:0.000770s ]
INFO: [ app_end ] --END-- [ RunTime:0.000857s ]

[ 2015-08-27T18:00:41+08:00 ] 127.0.0.1 /git/index.php/Sadmin/Index/login
INFO: [ app_init ] --START--
INFO: Run Behavior\BuildLiteBehavior [ RunTime:0.000022s ]
INFO: [ app_init ] --END-- [ RunTime:0.000794s ]
INFO: [ app_begin ] --START--
INFO: Run Behavior\ReadHtmlCacheBehavior [ RunTime:0.000561s ]
INFO: [ app_begin ] --END-- [ RunTime:0.000655s ]
NOTIC: [8] Use of undefined constant SECRET_KEY - assumed 'SECRET_KEY' G:\wamp\www\git\ThinkPHP\Library\Org\Filter\Filter.class.php 第 13 行.
SQL: SHOW COLUMNS FROM `jr_user` [ RunTime:0.0028s ]
SQL: SHOW COLUMNS FROM `jr_user` [ RunTime:0.0024s ]
SQL: SELECT * FROM `jr_user`  [ RunTime:0.0003s ]
INFO: [ app_end ] --START--
INFO: Run Behavior\ShowPageTraceBehavior [ RunTime:0.000951s ]
INFO: [ app_end ] --END-- [ RunTime:0.001050s ]

[ 2015-08-27T18:00:42+08:00 ] 127.0.0.1 /git/index.php/Sadmin/Index/login
INFO: [ app_init ] --START--
INFO: Run Behavior\BuildLiteBehavior [ RunTime:0.000039s ]
INFO: [ app_init ] --END-- [ RunTime:0.000642s ]
INFO: [ app_begin ] --START--
INFO: Run Behavior\ReadHtmlCacheBehavior [ RunTime:0.000837s ]
INFO: [ app_begin ] --END-- [ RunTime:0.000977s ]
NOTIC: [8] Use of undefined constant SECRET_KEY - assumed 'SECRET_KEY' G:\wamp\www\git\ThinkPHP\Library\Org\Filter\Filter.class.php 第 13 行.
SQL: SHOW COLUMNS FROM `jr_user` [ RunTime:0.0027s ]
SQL: SHOW COLUMNS FROM `jr_user` [ RunTime:0.0025s ]
SQL: SELECT * FROM `jr_user`  [ RunTime:0.0004s ]
INFO: [ app_end ] --START--
INFO: Run Behavior\ShowPageTraceBehavior [ RunTime:0.000662s ]
INFO: [ app_end ] --END-- [ RunTime:0.000758s ]

[ 2015-08-27T18:00:57+08:00 ] 127.0.0.1 /git/index.php/Sadmin/Index/login
INFO: [ app_init ] --START--
INFO: Run Behavior\BuildLiteBehavior [ RunTime:0.000025s ]
INFO: [ app_init ] --END-- [ RunTime:0.000564s ]
INFO: [ app_begin ] --START--
INFO: Run Behavior\ReadHtmlCacheBehavior [ RunTime:0.000922s ]
INFO: [ app_begin ] --END-- [ RunTime:0.001046s ]
NOTIC: [8] Use of undefined constant SECRET_KEY - assumed 'SECRET_KEY' G:\wamp\www\git\ThinkPHP\Library\Org\Filter\Filter.class.php 第 13 行.
SQL: SHOW COLUMNS FROM `jr_user` [ RunTime:0.0040s ]
SQL: SHOW COLUMNS FROM `jr_user` [ RunTime:0.0031s ]
SQL: SELECT * FROM `jr_user` LIMIT 1   [ RunTime:0.0003s ]
INFO: [ app_end ] --START--
INFO: Run Behavior\ShowPageTraceBehavior [ RunTime:0.000729s ]
INFO: [ app_end ] --END-- [ RunTime:0.000808s ]

[ 2015-08-27T18:00:58+08:00 ] 127.0.0.1 /git/index.php/Sadmin/Index/login
INFO: [ app_init ] --START--
INFO: Run Behavior\BuildLiteBehavior [ RunTime:0.000030s ]
INFO: [ app_init ] --END-- [ RunTime:0.000681s ]
INFO: [ app_begin ] --START--
INFO: Run Behavior\ReadHtmlCacheBehavior [ RunTime:0.001006s ]
INFO: [ app_begin ] --END-- [ RunTime:0.001179s ]
NOTIC: [8] Use of undefined constant SECRET_KEY - assumed 'SECRET_KEY' G:\wamp\www\git\ThinkPHP\Library\Org\Filter\Filter.class.php 第 13 行.
SQL: SHOW COLUMNS FROM `jr_user` [ RunTime:0.0034s ]
SQL: SHOW COLUMNS FROM `jr_user` [ RunTime:0.0025s ]
SQL: SELECT * FROM `jr_user` LIMIT 1   [ RunTime:0.0003s ]
INFO: [ app_end ] --START--
INFO: Run Behavior\ShowPageTraceBehavior [ RunTime:0.000721s ]
INFO: [ app_end ] --END-- [ RunTime:0.000805s ]

[ 2015-08-27T18:01:35+08:00 ] 127.0.0.1 /git/index.php/Sadmin/Index/login
INFO: [ app_init ] --START--
INFO: Run Behavior\BuildLiteBehavior [ RunTime:0.000025s ]
INFO: [ app_init ] --END-- [ RunTime:0.000584s ]
INFO: [ app_begin ] --START--
INFO: Run Behavior\ReadHtmlCacheBehavior [ RunTime:0.000717s ]
INFO: [ app_begin ] --END-- [ RunTime:0.000840s ]
NOTIC: [8] Use of undefined constant SECRET_KEY - assumed 'SECRET_KEY' G:\wamp\www\git\ThinkPHP\Library\Org\Filter\Filter.class.php 第 13 行.
SQL: SHOW COLUMNS FROM `jr_user` [ RunTime:0.0026s ]
SQL: SHOW COLUMNS FROM `jr_user` [ RunTime:0.0024s ]
SQL: SELECT * FROM `jr_user` LIMIT 1   [ RunTime:0.0003s ]
INFO: [ app_end ] --START--
INFO: Run Behavior\ShowPageTraceBehavior [ RunTime:0.000640s ]
INFO: [ app_end ] --END-- [ RunTime:0.000723s ]

[ 2015-08-27T18:01:44+08:00 ] 127.0.0.1 /git/index.php/Sadmin/Index/login
INFO: [ app_init ] --START--
INFO: Run Behavior\BuildLiteBehavior [ RunTime:0.000023s ]
INFO: [ app_init ] --END-- [ RunTime:0.000591s ]
INFO: [ app_begin ] --START--
INFO: Run Behavior\ReadHtmlCacheBehavior [ RunTime:0.000629s ]
INFO: [ app_begin ] --END-- [ RunTime:0.000721s ]
NOTIC: [8] Use of undefined constant SECRET_KEY - assumed 'SECRET_KEY' G:\wamp\www\git\ThinkPHP\Library\Org\Filter\Filter.class.php 第 13 行.
SQL: SHOW COLUMNS FROM `jr_user` [ RunTime:0.0031s ]
SQL: SELECT * FROM `jr_user` LIMIT 1   [ RunTime:0.0003s ]
NOTIC: [8] Undefined offset: 0 G:\wamp\www\git\Application\Sadmin\Controller\IndexController.class.php 第 23 行.
INFO: [ app_end ] --START--
INFO: Run Behavior\ShowPageTraceBehavior [ RunTime:0.000711s ]
INFO: [ app_end ] --END-- [ RunTime:0.000793s ]

[ 2015-08-27T18:01:45+08:00 ] 127.0.0.1 /git/index.php/Sadmin/Index/login
INFO: [ app_init ] --START--
INFO: Run Behavior\BuildLiteBehavior [ RunTime:0.000019s ]
INFO: [ app_init ] --END-- [ RunTime:0.000540s ]
INFO: [ app_begin ] --START--
INFO: Run Behavior\ReadHtmlCacheBehavior [ RunTime:0.000588s ]
INFO: [ app_begin ] --END-- [ RunTime:0.000679s ]
NOTIC: [8] Use of undefined constant SECRET_KEY - assumed 'SECRET_KEY' G:\wamp\www\git\ThinkPHP\Library\Org\Filter\Filter.class.php 第 13 行.
SQL: SHOW COLUMNS FROM `jr_user` [ RunTime:0.0025s ]
SQL: SELECT * FROM `jr_user` LIMIT 1   [ RunTime:0.0002s ]
NOTIC: [8] Undefined offset: 0 G:\wamp\www\git\Application\Sadmin\Controller\IndexController.class.php 第 23 行.
INFO: [ app_end ] --START--
INFO: Run Behavior\ShowPageTraceBehavior [ RunTime:0.000726s ]
INFO: [ app_end ] --END-- [ RunTime:0.000805s ]

[ 2015-08-27T18:01:58+08:00 ] 127.0.0.1 /git/index.php/Sadmin/Index/login
INFO: [ app_init ] --START--
INFO: Run Behavior\BuildLiteBehavior [ RunTime:0.000023s ]
INFO: [ app_init ] --END-- [ RunTime:0.000517s ]
INFO: [ app_begin ] --START--
INFO: Run Behavior\ReadHtmlCacheBehavior [ RunTime:0.000669s ]
INFO: [ app_begin ] --END-- [ RunTime:0.000779s ]
NOTIC: [8] Use of undefined constant SECRET_KEY - assumed 'SECRET_KEY' G:\wamp\www\git\ThinkPHP\Library\Org\Filter\Filter.class.php 第 13 行.
SQL: SHOW COLUMNS FROM `jr_user` [ RunTime:0.0025s ]
SQL: SELECT * FROM `jr_user`  [ RunTime:0.0109s ]
INFO: [ app_end ] --START--
INFO: Run Behavior\ShowPageTraceBehavior [ RunTime:0.000654s ]
INFO: [ app_end ] --END-- [ RunTime:0.000738s ]

[ 2015-08-27T18:02:16+08:00 ] 127.0.0.1 /git/index.php/Sadmin/Index/login
INFO: [ app_init ] --START--
INFO: Run Behavior\BuildLiteBehavior [ RunTime:0.000030s ]
INFO: [ app_init ] --END-- [ RunTime:0.000688s ]
INFO: [ app_begin ] --START--
INFO: Run Behavior\ReadHtmlCacheBehavior [ RunTime:0.000945s ]
INFO: [ app_begin ] --END-- [ RunTime:0.001089s ]
NOTIC: [8] Use of undefined constant SECRET_KEY - assumed 'SECRET_KEY' G:\wamp\www\git\ThinkPHP\Library\Org\Filter\Filter.class.php 第 13 行.
SQL: SHOW COLUMNS FROM `jr_user` [ RunTime:0.0026s ]
SQL: SHOW COLUMNS FROM `jr_user` [ RunTime:0.0024s ]
SQL: SELECT * FROM `jr_user` LIMIT 1   [ RunTime:0.0002s ]
INFO: [ app_end ] --START--
INFO: Run Behavior\ShowPageTraceBehavior [ RunTime:0.000761s ]
INFO: [ app_end ] --END-- [ RunTime:0.000842s ]

[ 2015-08-27T18:10:25+08:00 ] 127.0.0.1 /git/index.php/Sadmin/Index/login
INFO: [ app_init ] --START--
INFO: Run Behavior\BuildLiteBehavior [ RunTime:0.000025s ]
INFO: [ app_init ] --END-- [ RunTime:0.000568s ]
INFO: [ app_begin ] --START--
INFO: Run Behavior\ReadHtmlCacheBehavior [ RunTime:0.000711s ]
INFO: [ app_begin ] --END-- [ RunTime:0.000831s ]
NOTIC: [8] Use of undefined constant SECRET_KEY - assumed 'SECRET_KEY' G:\wamp\www\git\ThinkPHP\Library\Org\Filter\Filter.class.php 第 13 行.
SQL: SHOW COLUMNS FROM `jr_user` [ RunTime:0.0025s ]
SQL: SHOW COLUMNS FROM `jr_user` [ RunTime:0.0028s ]
ERR: Think\Model:selete方法不存在！

[ 2015-08-27T18:10:27+08:00 ] 127.0.0.1 /git/index.php/Sadmin/Index/login
INFO: [ app_init ] --START--
INFO: Run Behavior\BuildLiteBehavior [ RunTime:0.000023s ]
INFO: [ app_init ] --END-- [ RunTime:0.000609s ]
INFO: [ app_begin ] --START--
INFO: Run Behavior\ReadHtmlCacheBehavior [ RunTime:0.000610s ]
INFO: [ app_begin ] --END-- [ RunTime:0.000717s ]
NOTIC: [8] Use of undefined constant SECRET_KEY - assumed 'SECRET_KEY' G:\wamp\www\git\ThinkPHP\Library\Org\Filter\Filter.class.php 第 13 行.
SQL: SHOW COLUMNS FROM `jr_user` [ RunTime:0.0028s ]
SQL: SHOW COLUMNS FROM `jr_user` [ RunTime:0.0028s ]
ERR: Think\Model:selete方法不存在！

[ 2015-08-27T18:10:36+08:00 ] 127.0.0.1 /git/index.php/Sadmin/Index/login
INFO: [ app_init ] --START--
INFO: Run Behavior\BuildLiteBehavior [ RunTime:0.000029s ]
INFO: [ app_init ] --END-- [ RunTime:0.000827s ]
INFO: [ app_begin ] --START--
INFO: Run Behavior\ReadHtmlCacheBehavior [ RunTime:0.001518s ]
INFO: [ app_begin ] --END-- [ RunTime:0.001644s ]
NOTIC: [8] Use of undefined constant SECRET_KEY - assumed 'SECRET_KEY' G:\wamp\www\git\ThinkPHP\Library\Org\Filter\Filter.class.php 第 13 行.
SQL: SHOW COLUMNS FROM `jr_user` [ RunTime:0.0028s ]
SQL: SHOW COLUMNS FROM `jr_user` [ RunTime:0.0023s ]
SQL: SELECT * FROM `jr_user`  [ RunTime:0.0003s ]
INFO: [ app_end ] --START--
INFO: Run Behavior\ShowPageTraceBehavior [ RunTime:0.000695s ]
INFO: [ app_end ] --END-- [ RunTime:0.000779s ]

