[ 2015-08-19T16:38:42+08:00 ] 127.0.0.1 /git/index.php/Sadmin
INFO: [ app_init ] --START--
INFO: Run Behavior\BuildLiteBehavior [ RunTime:0.000027s ]
INFO: [ app_init ] --END-- [ RunTime:0.000485s ]
INFO: [ app_begin ] --START--
INFO: Run Behavior\ReadHtmlCacheBehavior [ RunTime:0.000631s ]
INFO: [ app_begin ] --END-- [ RunTime:0.000752s ]
INFO: [ view_parse ] --START--
INFO: [ template_filter ] --START--
INFO: Run Behavior\ContentReplaceBehavior [ RunTime:0.000133s ]
INFO: [ template_filter ] --END-- [ RunTime:0.000353s ]
INFO: Run Behavior\ParseTemplateBehavior [ RunTime:0.029106s ]
INFO: [ view_parse ] --END-- [ RunTime:0.029240s ]
INFO: [ view_filter ] --START--
INFO: Run Behavior\WriteHtmlCacheBehavior [ RunTime:0.000333s ]
INFO: [ view_filter ] --END-- [ RunTime:0.000441s ]
INFO: [ app_end ] --START--
INFO: Run Behavior\ShowPageTraceBehavior [ RunTime:0.000637s ]
INFO: [ app_end ] --END-- [ RunTime:0.000745s ]

[ 2015-08-19T16:38:44+08:00 ] 127.0.0.1 /git/index.php/Sadmin/salon/index.html
INFO: [ app_init ] --START--
INFO: Run Behavior\BuildLiteBehavior [ RunTime:0.000028s ]
INFO: [ app_init ] --END-- [ RunTime:0.000511s ]
INFO: [ app_begin ] --START--
INFO: Run Behavior\ReadHtmlCacheBehavior [ RunTime:0.000612s ]
INFO: [ app_begin ] --END-- [ RunTime:0.000739s ]
SQL: SHOW COLUMNS FROM `jr_salon` [ RunTime:0.0199s ]
SQL: SELECT * FROM `jr_salon`  [ RunTime:0.0003s ]
INFO: [ view_parse ] --START--
INFO: [ template_filter ] --START--
INFO: Run Behavior\ContentReplaceBehavior [ RunTime:0.000060s ]
INFO: [ template_filter ] --END-- [ RunTime:0.000146s ]
INFO: Run Behavior\ParseTemplateBehavior [ RunTime:0.007263s ]
INFO: [ view_parse ] --END-- [ RunTime:0.007350s ]
INFO: [ view_filter ] --START--
INFO: Run Behavior\WriteHtmlCacheBehavior [ RunTime:0.000223s ]
INFO: [ view_filter ] --END-- [ RunTime:0.000293s ]
INFO: [ app_end ] --START--
INFO: Run Behavior\ShowPageTraceBehavior [ RunTime:0.000379s ]
INFO: [ app_end ] --END-- [ RunTime:0.000448s ]

[ 2015-08-19T16:38:47+08:00 ] 127.0.0.1 /git/index.php/Sadmin/salon/edite/id/2.html
INFO: [ app_init ] --START--
INFO: Run Behavior\BuildLiteBehavior [ RunTime:0.000029s ]
INFO: [ app_init ] --END-- [ RunTime:0.000552s ]
INFO: [ app_begin ] --START--
INFO: Run Behavior\ReadHtmlCacheBehavior [ RunTime:0.000670s ]
INFO: [ app_begin ] --END-- [ RunTime:0.000813s ]
SQL: SHOW COLUMNS FROM `jr_salon` [ RunTime:0.0047s ]
SQL: SELECT * FROM `jr_salon` WHERE ( id=2 ) LIMIT 1   [ RunTime:0.0740s ]
SQL: UPDATE `jr_salon` SET `id`='2',`title`='深媒会',`img`='1438769954.png',`compere`='杨智呈/
富德保险控股 总经理/
富德生命人寿 副董事长/
Lucas Liu/
腾讯云 副总裁/
潘永华/
平安信托 资本市场部总经理/
阮华伟/
深圳市金融人才协会副会长/
平安集团企划部经理/
袁涛/
钱爸爸金融控股 董事长/
陈康/
高搜易CEO/
孙明达/
融金所董事长/
焦义刚/
随手记副总裁/',`guest`='--' WHERE ( id=2 ) [ RunTime:0.1585s ]
INFO: [ view_parse ] --START--
INFO: [ template_filter ] --START--
INFO: Run Behavior\ContentReplaceBehavior [ RunTime:0.000140s ]
INFO: [ template_filter ] --END-- [ RunTime:0.000347s ]
INFO: Run Behavior\ParseTemplateBehavior [ RunTime:0.063406s ]
INFO: [ view_parse ] --END-- [ RunTime:0.063667s ]
INFO: [ view_filter ] --START--
INFO: Run Behavior\WriteHtmlCacheBehavior [ RunTime:0.002033s ]
INFO: [ view_filter ] --END-- [ RunTime:0.002245s ]
INFO: [ app_end ] --START--
INFO: Run Behavior\ShowPageTraceBehavior [ RunTime:0.002266s ]
INFO: [ app_end ] --END-- [ RunTime:0.002455s ]

[ 2015-08-19T16:38:58+08:00 ] 127.0.0.1 /git/index.php/Sadmin/salon/edite/id/2.html
INFO: [ app_init ] --START--
INFO: Run Behavior\BuildLiteBehavior [ RunTime:0.000024s ]
INFO: [ app_init ] --END-- [ RunTime:0.000828s ]
INFO: [ app_begin ] --START--
INFO: Run Behavior\ReadHtmlCacheBehavior [ RunTime:0.000900s ]
INFO: [ app_begin ] --END-- [ RunTime:0.000981s ]
SQL: SHOW COLUMNS FROM `jr_salon` [ RunTime:0.0039s ]
SQL: SELECT * FROM `jr_salon` WHERE ( id=2 ) LIMIT 1   [ RunTime:0.0004s ]
SQL: UPDATE `jr_salon` SET `compere`='杨智呈/
富德保险控股 总经理/
富德生命人寿 副董事长/
Lucas Liu/
腾讯云 副总裁/
潘永华/
平安信托 资本市场部总经理/
阮华伟/
深圳市金融人才协会副会长/
平安集团企划部经理/
袁涛/
钱爸爸金融控股 董事长/
陈康/
高搜易CEO/
孙明达/
融金所董事长/
焦义刚/
随手记副总裁/',`title`='金融创客',`guest`='-- ' WHERE ( id=2 ) [ RunTime:0.2249s ]
INFO: [ view_parse ] --START--
INFO: [ template_filter ] --START--
INFO: Run Behavior\ContentReplaceBehavior [ RunTime:0.000068s ]
INFO: [ template_filter ] --END-- [ RunTime:0.000185s ]
INFO: Run Behavior\ParseTemplateBehavior [ RunTime:0.030084s ]
INFO: [ view_parse ] --END-- [ RunTime:0.030215s ]
INFO: [ view_filter ] --START--
INFO: Run Behavior\WriteHtmlCacheBehavior [ RunTime:0.001393s ]
INFO: [ view_filter ] --END-- [ RunTime:0.001532s ]
INFO: [ view_parse ] --START--
INFO: [ template_filter ] --START--
INFO: Run Behavior\ContentReplaceBehavior [ RunTime:0.000084s ]
INFO: [ template_filter ] --END-- [ RunTime:-0.008118s ]
INFO: Run Behavior\ParseTemplateBehavior [ RunTime:0.006023s ]
INFO: [ view_parse ] --END-- [ RunTime:-0.002269s ]
INFO: [ view_filter ] --START--
INFO: Run Behavior\WriteHtmlCacheBehavior [ RunTime:0.000029s ]
INFO: [ view_filter ] --END-- [ RunTime:-0.006873s ]
INFO: [ app_end ] --START--
INFO: Run Behavior\ShowPageTraceBehavior [ RunTime:0.001331s ]
INFO: [ app_end ] --END-- [ RunTime:0.001439s ]

[ 2015-08-19T16:38:59+08:00 ] 127.0.0.1 /git/index.php/Sadmin/salon/edite/id/2.html
INFO: [ app_init ] --START--
INFO: Run Behavior\BuildLiteBehavior [ RunTime:0.000020s ]
INFO: [ app_init ] --END-- [ RunTime:0.000458s ]
INFO: [ app_begin ] --START--
INFO: Run Behavior\ReadHtmlCacheBehavior [ RunTime:0.001000s ]
INFO: [ app_begin ] --END-- [ RunTime:0.001103s ]
SQL: SHOW COLUMNS FROM `jr_salon` [ RunTime:0.0027s ]
SQL: SELECT * FROM `jr_salon` WHERE ( id=2 ) LIMIT 1   [ RunTime:0.0003s ]
SQL: UPDATE `jr_salon` SET `id`='2',`title`='金融创客',`img`='1438769954.png',`compere`='杨智呈/
富德保险控股 总经理/
富德生命人寿 副董事长/
Lucas Liu/
腾讯云 副总裁/
潘永华/
平安信托 资本市场部总经理/
阮华伟/
深圳市金融人才协会副会长/
平安集团企划部经理/
袁涛/
钱爸爸金融控股 董事长/
陈康/
高搜易CEO/
孙明达/
融金所董事长/
焦义刚/
随手记副总裁/',`guest`='-- ' WHERE ( id=2 ) [ RunTime:0.0428s ]
INFO: [ view_parse ] --START--
INFO: [ template_filter ] --START--
INFO: Run Behavior\ContentReplaceBehavior [ RunTime:0.000057s ]
INFO: [ template_filter ] --END-- [ RunTime:0.000138s ]
INFO: Run Behavior\ParseTemplateBehavior [ RunTime:0.007518s ]
INFO: [ view_parse ] --END-- [ RunTime:0.007605s ]
INFO: [ view_filter ] --START--
INFO: Run Behavior\WriteHtmlCacheBehavior [ RunTime:0.000676s ]
INFO: [ view_filter ] --END-- [ RunTime:0.000749s ]
INFO: [ app_end ] --START--
INFO: Run Behavior\ShowPageTraceBehavior [ RunTime:0.000842s ]
INFO: [ app_end ] --END-- [ RunTime:0.000913s ]

