[ 2015-09-18T10:40:54+08:00 ] 127.0.0.1 /git/
INFO: [ app_init ] --START--
INFO: Run Behavior\BuildLiteBehavior [ RunTime:0.000017s ]
INFO: [ app_init ] --END-- [ RunTime:0.000292s ]
INFO: [ app_begin ] --START--
INFO: Run Behavior\ReadHtmlCacheBehavior [ RunTime:0.000368s ]
INFO: [ app_begin ] --END-- [ RunTime:0.000445s ]
INFO: [ view_parse ] --START--
INFO: [ template_filter ] --START--
INFO: Run Behavior\ContentReplaceBehavior [ RunTime:0.000079s ]
INFO: [ template_filter ] --END-- [ RunTime:0.000171s ]
INFO: Run Behavior\ParseTemplateBehavior [ RunTime:0.020050s ]
INFO: [ view_parse ] --END-- [ RunTime:0.020169s ]
INFO: [ view_filter ] --START--
INFO: Run Behavior\WriteHtmlCacheBehavior [ RunTime:0.000344s ]
INFO: [ view_filter ] --END-- [ RunTime:0.000453s ]
INFO: [ app_end ] --START--
INFO: Run Behavior\ShowPageTraceBehavior [ RunTime:0.000556s ]
INFO: [ app_end ] --END-- [ RunTime:0.000664s ]

[ 2015-09-18T10:45:05+08:00 ] 127.0.0.1 /git/index.php/Home/salon/index.html
INFO: [ app_init ] --START--
INFO: Run Behavior\BuildLiteBehavior [ RunTime:0.000035s ]
INFO: [ app_init ] --END-- [ RunTime:0.000759s ]
INFO: [ app_begin ] --START--
INFO: Run Behavior\ReadHtmlCacheBehavior [ RunTime:0.000780s ]
INFO: [ app_begin ] --END-- [ RunTime:0.000937s ]
INFO: [ view_parse ] --START--
INFO: [ template_filter ] --START--
INFO: Run Behavior\ContentReplaceBehavior [ RunTime:0.000065s ]
INFO: [ template_filter ] --END-- [ RunTime:0.000150s ]
INFO: Run Behavior\ParseTemplateBehavior [ RunTime:0.007811s ]
INFO: [ view_parse ] --END-- [ RunTime:0.007921s ]
INFO: [ view_filter ] --START--
INFO: Run Behavior\WriteHtmlCacheBehavior [ RunTime:0.000260s ]
INFO: [ view_filter ] --END-- [ RunTime:0.000358s ]
INFO: [ app_end ] --START--
INFO: Run Behavior\ShowPageTraceBehavior [ RunTime:0.000921s ]
INFO: [ app_end ] --END-- [ RunTime:0.001019s ]

[ 2015-09-18T10:45:06+08:00 ] 127.0.0.1 /git/index.php/Home/salon/index_data
INFO: [ app_init ] --START--
INFO: Run Behavior\BuildLiteBehavior [ RunTime:0.000032s ]
INFO: [ app_init ] --END-- [ RunTime:0.000428s ]
INFO: [ app_begin ] --START--
INFO: Run Behavior\ReadHtmlCacheBehavior [ RunTime:0.000622s ]
INFO: [ app_begin ] --END-- [ RunTime:0.000777s ]
SQL: SHOW COLUMNS FROM `jr_salon` [ RunTime:0.6323s ]
SQL: SHOW COLUMNS FROM `jr_salon` [ RunTime:0.0031s ]
SQL: SELECT * FROM `jr_salon`  [ RunTime:0.0005s ]

[ 2015-09-18T10:45:09+08:00 ] 127.0.0.1 /git/index.php/Home/salon/index.html
INFO: [ app_init ] --START--
INFO: Run Behavior\BuildLiteBehavior [ RunTime:0.000040s ]
INFO: [ app_init ] --END-- [ RunTime:0.000636s ]
INFO: [ app_begin ] --START--
INFO: Run Behavior\ReadHtmlCacheBehavior [ RunTime:0.000804s ]
INFO: [ app_begin ] --END-- [ RunTime:0.001146s ]
INFO: [ view_parse ] --START--
INFO: [ template_filter ] --START--
INFO: Run Behavior\ContentReplaceBehavior [ RunTime:0.000073s ]
INFO: [ template_filter ] --END-- [ RunTime:0.000158s ]
INFO: Run Behavior\ParseTemplateBehavior [ RunTime:0.007217s ]
INFO: [ view_parse ] --END-- [ RunTime:0.007345s ]
INFO: [ view_filter ] --START--
INFO: Run Behavior\WriteHtmlCacheBehavior [ RunTime:0.000161s ]
INFO: [ view_filter ] --END-- [ RunTime:0.000231s ]
INFO: [ app_end ] --START--
INFO: Run Behavior\ShowPageTraceBehavior [ RunTime:0.000370s ]
INFO: [ app_end ] --END-- [ RunTime:0.000446s ]

[ 2015-09-18T10:45:09+08:00 ] 127.0.0.1 /git/index.php/Home/salon/index_data
INFO: [ app_init ] --START--
INFO: Run Behavior\BuildLiteBehavior [ RunTime:0.000027s ]
INFO: [ app_init ] --END-- [ RunTime:0.000408s ]
INFO: [ app_begin ] --START--
INFO: Run Behavior\ReadHtmlCacheBehavior [ RunTime:0.000311s ]
INFO: [ app_begin ] --END-- [ RunTime:0.000374s ]
SQL: SHOW COLUMNS FROM `jr_salon` [ RunTime:0.0012s ]
SQL: SHOW COLUMNS FROM `jr_salon` [ RunTime:0.0011s ]
SQL: SELECT * FROM `jr_salon`  [ RunTime:0.0002s ]

[ 2015-09-18T10:45:10+08:00 ] 127.0.0.1 /git/index.php/Home/salon/salon/id/1
INFO: [ app_init ] --START--
INFO: Run Behavior\BuildLiteBehavior [ RunTime:0.000042s ]
INFO: [ app_init ] --END-- [ RunTime:0.000667s ]
INFO: [ app_begin ] --START--
INFO: Run Behavior\ReadHtmlCacheBehavior [ RunTime:0.000827s ]
INFO: [ app_begin ] --END-- [ RunTime:0.001079s ]
SQL: SHOW COLUMNS FROM `jr_simg` [ RunTime:0.0344s ]
SQL: SELECT * FROM `jr_simg` WHERE ( sid=1 )  [ RunTime:0.0002s ]
SQL: SHOW COLUMNS FROM `jr_bimg` [ RunTime:0.0318s ]
SQL: SELECT * FROM `jr_bimg` WHERE ( sid=1 ) LIMIT 1   [ RunTime:0.0004s ]
INFO: [ view_parse ] --START--
INFO: [ template_filter ] --START--
INFO: Run Behavior\ContentReplaceBehavior [ RunTime:0.000153s ]
INFO: [ template_filter ] --END-- [ RunTime:0.000341s ]
INFO: Run Behavior\ParseTemplateBehavior [ RunTime:0.032204s ]
INFO: [ view_parse ] --END-- [ RunTime:0.032394s ]
INFO: [ view_filter ] --START--
INFO: Run Behavior\WriteHtmlCacheBehavior [ RunTime:0.000370s ]
INFO: [ view_filter ] --END-- [ RunTime:0.000526s ]
INFO: [ app_end ] --START--
INFO: Run Behavior\ShowPageTraceBehavior [ RunTime:0.000812s ]
INFO: [ app_end ] --END-- [ RunTime:0.000980s ]

[ 2015-09-18T10:45:14+08:00 ] 127.0.0.1 /git/index.php/Home/salon/index.html
INFO: [ app_init ] --START--
INFO: Run Behavior\BuildLiteBehavior [ RunTime:0.000039s ]
INFO: [ app_init ] --END-- [ RunTime:0.000631s ]
INFO: [ app_begin ] --START--
INFO: Run Behavior\ReadHtmlCacheBehavior [ RunTime:0.000827s ]
INFO: [ app_begin ] --END-- [ RunTime:0.001009s ]
INFO: [ view_parse ] --START--
INFO: [ template_filter ] --START--
INFO: Run Behavior\ContentReplaceBehavior [ RunTime:0.000069s ]
INFO: [ template_filter ] --END-- [ RunTime:0.000158s ]
INFO: Run Behavior\ParseTemplateBehavior [ RunTime:0.010416s ]
INFO: [ view_parse ] --END-- [ RunTime:0.010536s ]
INFO: [ view_filter ] --START--
INFO: Run Behavior\WriteHtmlCacheBehavior [ RunTime:0.000160s ]
INFO: [ view_filter ] --END-- [ RunTime:0.000225s ]
INFO: [ app_end ] --START--
INFO: Run Behavior\ShowPageTraceBehavior [ RunTime:0.000354s ]
INFO: [ app_end ] --END-- [ RunTime:0.000427s ]

[ 2015-09-18T10:45:14+08:00 ] 127.0.0.1 /git/index.php/Home/salon/index_data
INFO: [ app_init ] --START--
INFO: Run Behavior\BuildLiteBehavior [ RunTime:0.000020s ]
INFO: [ app_init ] --END-- [ RunTime:0.000270s ]
INFO: [ app_begin ] --START--
INFO: Run Behavior\ReadHtmlCacheBehavior [ RunTime:0.000333s ]
INFO: [ app_begin ] --END-- [ RunTime:0.000398s ]
SQL: SHOW COLUMNS FROM `jr_salon` [ RunTime:0.0011s ]
SQL: SHOW COLUMNS FROM `jr_salon` [ RunTime:0.0010s ]
SQL: SELECT * FROM `jr_salon`  [ RunTime:0.0002s ]

[ 2015-09-18T10:45:15+08:00 ] 127.0.0.1 /git/index.php/Home/salon/salon/id/2
INFO: [ app_init ] --START--
INFO: Run Behavior\BuildLiteBehavior [ RunTime:0.000032s ]
INFO: [ app_init ] --END-- [ RunTime:0.000545s ]
INFO: [ app_begin ] --START--
INFO: Run Behavior\ReadHtmlCacheBehavior [ RunTime:0.000579s ]
INFO: [ app_begin ] --END-- [ RunTime:0.000721s ]
SQL: SHOW COLUMNS FROM `jr_simg` [ RunTime:0.0019s ]
SQL: SELECT * FROM `jr_simg` WHERE ( sid=2 )  [ RunTime:0.0003s ]
SQL: SHOW COLUMNS FROM `jr_bimg` [ RunTime:0.0018s ]
SQL: SELECT * FROM `jr_bimg` WHERE ( sid=2 ) LIMIT 1   [ RunTime:0.0002s ]
INFO: [ view_parse ] --START--
INFO: [ template_filter ] --START--
INFO: Run Behavior\ContentReplaceBehavior [ RunTime:0.000083s ]
INFO: [ template_filter ] --END-- [ RunTime:0.000179s ]
INFO: Run Behavior\ParseTemplateBehavior [ RunTime:0.008213s ]
INFO: [ view_parse ] --END-- [ RunTime:0.008306s ]
INFO: [ view_filter ] --START--
INFO: Run Behavior\WriteHtmlCacheBehavior [ RunTime:0.000197s ]
INFO: [ view_filter ] --END-- [ RunTime:0.000275s ]
INFO: [ app_end ] --START--
INFO: Run Behavior\ShowPageTraceBehavior [ RunTime:0.000406s ]
INFO: [ app_end ] --END-- [ RunTime:0.000500s ]

[ 2015-09-18T10:45:17+08:00 ] 127.0.0.1 /git/index.php/Home/salon/index_data
INFO: [ app_init ] --START--
INFO: Run Behavior\BuildLiteBehavior [ RunTime:0.000020s ]
INFO: [ app_init ] --END-- [ RunTime:0.000405s ]
INFO: [ app_begin ] --START--
INFO: Run Behavior\ReadHtmlCacheBehavior [ RunTime:0.000324s ]
INFO: [ app_begin ] --END-- [ RunTime:0.000389s ]
SQL: SHOW COLUMNS FROM `jr_salon` [ RunTime:0.0012s ]
SQL: SHOW COLUMNS FROM `jr_salon` [ RunTime:0.0011s ]
SQL: SELECT * FROM `jr_salon`  [ RunTime:0.0002s ]

[ 2015-09-18T10:53:33+08:00 ] 127.0.0.1 /git/index.php/Home/salon/index.html
INFO: [ app_init ] --START--
INFO: Run Behavior\BuildLiteBehavior [ RunTime:0.000027s ]
INFO: [ app_init ] --END-- [ RunTime:0.000471s ]
INFO: [ app_begin ] --START--
INFO: Run Behavior\ReadHtmlCacheBehavior [ RunTime:0.000622s ]
INFO: [ app_begin ] --END-- [ RunTime:0.000747s ]
INFO: [ view_parse ] --START--
INFO: [ template_filter ] --START--
INFO: Run Behavior\ContentReplaceBehavior [ RunTime:0.000106s ]
INFO: [ template_filter ] --END-- [ RunTime:0.000239s ]
INFO: Run Behavior\ParseTemplateBehavior [ RunTime:0.009561s ]
INFO: [ view_parse ] --END-- [ RunTime:0.009686s ]
INFO: [ view_filter ] --START--
INFO: Run Behavior\WriteHtmlCacheBehavior [ RunTime:0.000336s ]
INFO: [ view_filter ] --END-- [ RunTime:0.000444s ]
INFO: [ app_end ] --START--
INFO: Run Behavior\ShowPageTraceBehavior [ RunTime:0.000622s ]
INFO: [ app_end ] --END-- [ RunTime:0.000736s ]

[ 2015-09-18T10:53:33+08:00 ] 127.0.0.1 /git/index.php/Home/salon/index_data
INFO: [ app_init ] --START--
INFO: Run Behavior\BuildLiteBehavior [ RunTime:0.000030s ]
INFO: [ app_init ] --END-- [ RunTime:0.000430s ]
INFO: [ app_begin ] --START--
INFO: Run Behavior\ReadHtmlCacheBehavior [ RunTime:0.000326s ]
INFO: [ app_begin ] --END-- [ RunTime:0.000394s ]
SQL: SHOW COLUMNS FROM `jr_salon` [ RunTime:0.0012s ]
SQL: SHOW COLUMNS FROM `jr_salon` [ RunTime:0.0017s ]
SQL: SELECT * FROM `jr_salon`  [ RunTime:0.0003s ]

[ 2015-09-18T10:53:34+08:00 ] 127.0.0.1 /git/index.php/Home/salon/salon/id/1
INFO: [ app_init ] --START--
INFO: Run Behavior\BuildLiteBehavior [ RunTime:0.000038s ]
INFO: [ app_init ] --END-- [ RunTime:0.000617s ]
INFO: [ app_begin ] --START--
INFO: Run Behavior\ReadHtmlCacheBehavior [ RunTime:0.001076s ]
INFO: [ app_begin ] --END-- [ RunTime:0.001315s ]
SQL: SHOW COLUMNS FROM `jr_simg` [ RunTime:0.0015s ]
SQL: SELECT * FROM `jr_simg` WHERE ( sid=1 )  [ RunTime:0.0003s ]
SQL: SHOW COLUMNS FROM `jr_bimg` [ RunTime:0.0018s ]
SQL: SELECT * FROM `jr_bimg` WHERE ( sid=1 ) LIMIT 1   [ RunTime:0.0002s ]
INFO: [ view_parse ] --START--
INFO: [ template_filter ] --START--
INFO: Run Behavior\ContentReplaceBehavior [ RunTime:0.000098s ]
INFO: [ template_filter ] --END-- [ RunTime:0.000205s ]
INFO: Run Behavior\ParseTemplateBehavior [ RunTime:0.010095s ]
INFO: [ view_parse ] --END-- [ RunTime:0.010219s ]
INFO: [ view_filter ] --START--
INFO: Run Behavior\WriteHtmlCacheBehavior [ RunTime:0.000376s ]
INFO: [ view_filter ] --END-- [ RunTime:0.000525s ]
INFO: [ app_end ] --START--
INFO: Run Behavior\ShowPageTraceBehavior [ RunTime:0.000512s ]
INFO: [ app_end ] --END-- [ RunTime:0.000624s ]

[ 2015-09-18T10:53:34+08:00 ] 127.0.0.1 /git/index.php/Home/Salon/salon_data/id/1
INFO: [ app_init ] --START--
INFO: Run Behavior\BuildLiteBehavior [ RunTime:0.000022s ]
INFO: [ app_init ] --END-- [ RunTime:0.000343s ]
INFO: [ app_begin ] --START--
INFO: Run Behavior\ReadHtmlCacheBehavior [ RunTime:0.000340s ]
INFO: [ app_begin ] --END-- [ RunTime:0.000415s ]
SQL: SHOW COLUMNS FROM `jr_simg` [ RunTime:0.0019s ]
SQL: SELECT * FROM `jr_simg` WHERE ( sid=1 )  [ RunTime:0.0002s ]

[ 2015-09-18T11:01:38+08:00 ] 127.0.0.1 /git/index.php/Home/salon/salon/id/1
INFO: [ app_init ] --START--
INFO: Run Behavior\BuildLiteBehavior [ RunTime:0.000029s ]
INFO: [ app_init ] --END-- [ RunTime:0.000571s ]
INFO: [ app_begin ] --START--
INFO: Run Behavior\ReadHtmlCacheBehavior [ RunTime:0.000692s ]
INFO: [ app_begin ] --END-- [ RunTime:0.000866s ]
SQL: SHOW COLUMNS FROM `jr_simg` [ RunTime:0.0012s ]
SQL: SELECT * FROM `jr_simg` WHERE ( sid=1 )  [ RunTime:0.0002s ]
SQL: SHOW COLUMNS FROM `jr_bimg` [ RunTime:0.0014s ]
SQL: SELECT * FROM `jr_bimg` WHERE ( sid=1 ) LIMIT 1   [ RunTime:0.0002s ]
INFO: [ view_parse ] --START--
INFO: [ template_filter ] --START--
INFO: Run Behavior\ContentReplaceBehavior [ RunTime:0.000112s ]
INFO: [ template_filter ] --END-- [ RunTime:0.000244s ]
INFO: Run Behavior\ParseTemplateBehavior [ RunTime:0.006886s ]
INFO: [ view_parse ] --END-- [ RunTime:0.006985s ]
INFO: [ view_filter ] --START--
INFO: Run Behavior\WriteHtmlCacheBehavior [ RunTime:0.000227s ]
INFO: [ view_filter ] --END-- [ RunTime:0.000293s ]
INFO: [ app_end ] --START--
INFO: Run Behavior\ShowPageTraceBehavior [ RunTime:0.000392s ]
INFO: [ app_end ] --END-- [ RunTime:0.000459s ]

[ 2015-09-18T11:01:38+08:00 ] 127.0.0.1 /git/index.php/Home/Salon/salon_data/id/1
INFO: [ app_init ] --START--
INFO: Run Behavior\BuildLiteBehavior [ RunTime:0.000018s ]
INFO: [ app_init ] --END-- [ RunTime:0.000279s ]
INFO: [ app_begin ] --START--
INFO: Run Behavior\ReadHtmlCacheBehavior [ RunTime:0.000367s ]
INFO: [ app_begin ] --END-- [ RunTime:0.000432s ]
SQL: SHOW COLUMNS FROM `jr_simg` [ RunTime:0.0018s ]
SQL: SELECT * FROM `jr_simg` WHERE ( sid=1 )  [ RunTime:0.0003s ]

[ 2015-09-18T15:30:42+08:00 ] 127.0.0.1 /git/index.php/Home/salon/salon_data_2
INFO: [ app_init ] --START--
INFO: Run Behavior\BuildLiteBehavior [ RunTime:0.000033s ]
INFO: [ app_init ] --END-- [ RunTime:0.000576s ]
INFO: [ app_begin ] --START--
INFO: Run Behavior\ReadHtmlCacheBehavior [ RunTime:0.000777s ]
INFO: [ app_begin ] --END-- [ RunTime:0.000930s ]
SQL: SHOW COLUMNS FROM `jr_bimg` [ RunTime:0.0012s ]
NOTIC: [8] Undefined variable: model G:\wamp\www\git\Application\Home\Controller\SalonController.class.php 第 45 行.

[ 2015-09-18T15:30:55+08:00 ] 127.0.0.1 /git/index.php/Home/salon/salon_data_2
INFO: [ app_init ] --START--
INFO: Run Behavior\BuildLiteBehavior [ RunTime:0.000025s ]
INFO: [ app_init ] --END-- [ RunTime:0.000415s ]
INFO: [ app_begin ] --START--
INFO: Run Behavior\ReadHtmlCacheBehavior [ RunTime:0.000530s ]
INFO: [ app_begin ] --END-- [ RunTime:0.000633s ]
SQL: SHOW COLUMNS FROM `jr_bimg` [ RunTime:0.0016s ]
NOTIC: [8] Undefined variable: model G:\wamp\www\git\Application\Home\Controller\SalonController.class.php 第 45 行.

[ 2015-09-18T15:30:56+08:00 ] 127.0.0.1 /git/index.php/Home/salon/salon_data_2
INFO: [ app_init ] --START--
INFO: Run Behavior\BuildLiteBehavior [ RunTime:0.000033s ]
INFO: [ app_init ] --END-- [ RunTime:0.000446s ]
INFO: [ app_begin ] --START--
INFO: Run Behavior\ReadHtmlCacheBehavior [ RunTime:0.000520s ]
INFO: [ app_begin ] --END-- [ RunTime:0.000640s ]
SQL: SHOW COLUMNS FROM `jr_bimg` [ RunTime:0.0019s ]
NOTIC: [8] Undefined variable: model G:\wamp\www\git\Application\Home\Controller\SalonController.class.php 第 45 行.

[ 2015-09-18T15:30:57+08:00 ] 127.0.0.1 /git/index.php/Home/salon/salon_data_2
INFO: [ app_init ] --START--
INFO: Run Behavior\BuildLiteBehavior [ RunTime:0.000029s ]
INFO: [ app_init ] --END-- [ RunTime:0.000522s ]
INFO: [ app_begin ] --START--
INFO: Run Behavior\ReadHtmlCacheBehavior [ RunTime:0.000941s ]
INFO: [ app_begin ] --END-- [ RunTime:0.001091s ]
SQL: SHOW COLUMNS FROM `jr_bimg` [ RunTime:0.0020s ]
NOTIC: [8] Undefined variable: model G:\wamp\www\git\Application\Home\Controller\SalonController.class.php 第 45 行.

[ 2015-09-18T15:31:08+08:00 ] 127.0.0.1 /git/index.php/Home/salon/salon_data_2
INFO: [ app_init ] --START--
INFO: Run Behavior\BuildLiteBehavior [ RunTime:0.000041s ]
INFO: [ app_init ] --END-- [ RunTime:0.000661s ]
INFO: [ app_begin ] --START--
INFO: Run Behavior\ReadHtmlCacheBehavior [ RunTime:0.000780s ]
INFO: [ app_begin ] --END-- [ RunTime:0.000962s ]
SQL: SHOW COLUMNS FROM `jr_bimg` [ RunTime:0.0014s ]
NOTIC: [8] Undefined variable: model G:\wamp\www\git\Application\Home\Controller\SalonController.class.php 第 45 行.

[ 2015-09-18T15:31:09+08:00 ] 127.0.0.1 /git/index.php/Home/salon/salon_data_2
INFO: [ app_init ] --START--
INFO: Run Behavior\BuildLiteBehavior [ RunTime:0.000032s ]
INFO: [ app_init ] --END-- [ RunTime:0.000549s ]
INFO: [ app_begin ] --START--
INFO: Run Behavior\ReadHtmlCacheBehavior [ RunTime:0.000573s ]
INFO: [ app_begin ] --END-- [ RunTime:0.000707s ]
SQL: SHOW COLUMNS FROM `jr_bimg` [ RunTime:0.0021s ]
NOTIC: [8] Undefined variable: model G:\wamp\www\git\Application\Home\Controller\SalonController.class.php 第 45 行.

[ 2015-09-18T15:31:10+08:00 ] 127.0.0.1 /git/index.php/Home/salon/salon_data_2
INFO: [ app_init ] --START--
INFO: Run Behavior\BuildLiteBehavior [ RunTime:0.000030s ]
INFO: [ app_init ] --END-- [ RunTime:0.000491s ]
INFO: [ app_begin ] --START--
INFO: Run Behavior\ReadHtmlCacheBehavior [ RunTime:0.000579s ]
INFO: [ app_begin ] --END-- [ RunTime:0.000765s ]
SQL: SHOW COLUMNS FROM `jr_bimg` [ RunTime:0.0020s ]
NOTIC: [8] Undefined variable: model G:\wamp\www\git\Application\Home\Controller\SalonController.class.php 第 45 行.

[ 2015-09-18T15:31:32+08:00 ] 127.0.0.1 /git/index.php/Home/salon/salon_data_2
INFO: [ app_init ] --START--
INFO: Run Behavior\BuildLiteBehavior [ RunTime:0.000038s ]
INFO: [ app_init ] --END-- [ RunTime:0.000593s ]
INFO: [ app_begin ] --START--
INFO: Run Behavior\ReadHtmlCacheBehavior [ RunTime:0.000763s ]
INFO: [ app_begin ] --END-- [ RunTime:0.000934s ]
SQL: SHOW COLUMNS FROM `jr_bimg` [ RunTime:0.0013s ]
SQL: SELECT * FROM `jr_bimg` WHERE ( sid=1 ) LIMIT 1   [ RunTime:0.0002s ]

[ 2015-09-18T15:31:42+08:00 ] 127.0.0.1 /git/index.php/Home/salon/salon_data_2
INFO: [ app_init ] --START--
INFO: Run Behavior\BuildLiteBehavior [ RunTime:0.000041s ]
INFO: [ app_init ] --END-- [ RunTime:0.000646s ]
INFO: [ app_begin ] --START--
INFO: Run Behavior\ReadHtmlCacheBehavior [ RunTime:0.000823s ]
INFO: [ app_begin ] --END-- [ RunTime:0.001016s ]
SQL: SHOW COLUMNS FROM `jr_bimg` [ RunTime:0.0014s ]
NOTIC: [8] Use of undefined constant a - assumed 'a' G:\wamp\www\git\Application\Home\Controller\SalonController.class.php 第 45 行.
SQL: SELECT * FROM `jr_bimg` WHERE ( sid=0 ) LIMIT 1   [ RunTime:0.0003s ]

[ 2015-09-18T15:31:54+08:00 ] 127.0.0.1 /git/index.php/Home/salon/salon_data_2
INFO: [ app_init ] --START--
INFO: Run Behavior\BuildLiteBehavior [ RunTime:0.000035s ]
INFO: [ app_init ] --END-- [ RunTime:0.000552s ]
INFO: [ app_begin ] --START--
INFO: Run Behavior\ReadHtmlCacheBehavior [ RunTime:0.000695s ]
INFO: [ app_begin ] --END-- [ RunTime:0.000852s ]
SQL: SHOW COLUMNS FROM `jr_bimg` [ RunTime:0.0015s ]
NOTIC: [8] Use of undefined constant a - assumed 'a' G:\wamp\www\git\Application\Home\Controller\SalonController.class.php 第 45 行.
SQL: SELECT * FROM `jr_bimg` WHERE ( sid=0 ) LIMIT 1   [ RunTime:0.0002s ]

[ 2015-09-18T15:32:05+08:00 ] 127.0.0.1 /git/index.php/Home/salon/salon_data_2
INFO: [ app_init ] --START--
INFO: Run Behavior\BuildLiteBehavior [ RunTime:0.000030s ]
INFO: [ app_init ] --END-- [ RunTime:0.000470s ]
INFO: [ app_begin ] --START--
INFO: Run Behavior\ReadHtmlCacheBehavior [ RunTime:0.000572s ]
INFO: [ app_begin ] --END-- [ RunTime:0.000704s ]
SQL: SHOW COLUMNS FROM `jr_bimg` [ RunTime:0.0021s ]
NOTIC: [8] Use of undefined constant a - assumed 'a' G:\wamp\www\git\Application\Home\Controller\SalonController.class.php 第 45 行.
SQL: SELECT * FROM `jr_bimg` WHERE ( sid=0 ) LIMIT 1   [ RunTime:0.0003s ]

[ 2015-09-18T15:35:30+08:00 ] 127.0.0.1 /git/index.php/Home/salon/salon_data_2
INFO: [ app_init ] --START--
INFO: Run Behavior\BuildLiteBehavior [ RunTime:0.000027s ]
INFO: [ app_init ] --END-- [ RunTime:0.000471s ]
INFO: [ app_begin ] --START--
INFO: Run Behavior\ReadHtmlCacheBehavior [ RunTime:0.000605s ]
INFO: [ app_begin ] --END-- [ RunTime:0.000728s ]
SQL: SHOW COLUMNS FROM `jr_bimg` [ RunTime:0.0020s ]
NOTIC: [8] Use of undefined constant a - assumed 'a' G:\wamp\www\git\Application\Home\Controller\SalonController.class.php 第 52 行.
SQL: SELECT * FROM `jr_bimg` WHERE ( sid=0 ) LIMIT 1   [ RunTime:0.0003s ]

[ 2015-09-18T16:03:37+08:00 ] 127.0.0.1 /git/index.php/Home/salon/salon_data_2
INFO: [ app_init ] --START--
INFO: Run Behavior\BuildLiteBehavior [ RunTime:0.000034s ]
INFO: [ app_init ] --END-- [ RunTime:0.000581s ]
INFO: [ app_begin ] --START--
INFO: Run Behavior\ReadHtmlCacheBehavior [ RunTime:0.000781s ]
INFO: [ app_begin ] --END-- [ RunTime:0.000937s ]
SQL: SHOW COLUMNS FROM `jr_bimg` [ RunTime:0.0014s ]
NOTIC: [8] Use of undefined constant a - assumed 'a' G:\wamp\www\git\Application\Home\Controller\SalonController.class.php 第 52 行.
SQL: SELECT * FROM `jr_bimg` WHERE ( sid=0 ) LIMIT 1   [ RunTime:0.0002s ]

[ 2015-09-18T16:04:11+08:00 ] 127.0.0.1 /git/index.php/Home/salon/salon_data_2
INFO: [ app_init ] --START--
INFO: Run Behavior\BuildLiteBehavior [ RunTime:0.000043s ]
INFO: [ app_init ] --END-- [ RunTime:0.001743s ]
INFO: [ app_begin ] --START--
INFO: Run Behavior\ReadHtmlCacheBehavior [ RunTime:0.000806s ]
INFO: [ app_begin ] --END-- [ RunTime:0.000993s ]
SQL: SHOW COLUMNS FROM `jr_bimg` [ RunTime:0.0015s ]
SQL: SELECT * FROM `jr_bimg` WHERE ( sid=1 ) LIMIT 1   [ RunTime:0.0002s ]

[ 2015-09-18T16:04:12+08:00 ] 127.0.0.1 /git/index.php/Home/salon/salon_data_2
INFO: [ app_init ] --START--
INFO: Run Behavior\BuildLiteBehavior [ RunTime:0.000030s ]
INFO: [ app_init ] --END-- [ RunTime:0.000473s ]
INFO: [ app_begin ] --START--
INFO: Run Behavior\ReadHtmlCacheBehavior [ RunTime:0.000612s ]
INFO: [ app_begin ] --END-- [ RunTime:0.000758s ]
SQL: SHOW COLUMNS FROM `jr_bimg` [ RunTime:0.0020s ]
SQL: SELECT * FROM `jr_bimg` WHERE ( sid=1 ) LIMIT 1   [ RunTime:0.0003s ]

[ 2015-09-18T16:04:14+08:00 ] 127.0.0.1 /git/index.php/Home/salon/
INFO: [ app_init ] --START--
INFO: Run Behavior\BuildLiteBehavior [ RunTime:0.000033s ]
INFO: [ app_init ] --END-- [ RunTime:0.000524s ]
INFO: [ app_begin ] --START--
INFO: Run Behavior\ReadHtmlCacheBehavior [ RunTime:0.000637s ]
INFO: [ app_begin ] --END-- [ RunTime:0.000787s ]
INFO: [ view_parse ] --START--
INFO: [ template_filter ] --START--
INFO: Run Behavior\ContentReplaceBehavior [ RunTime:0.000130s ]
INFO: [ template_filter ] --END-- [ RunTime:0.000295s ]
INFO: Run Behavior\ParseTemplateBehavior [ RunTime:0.012480s ]
INFO: [ view_parse ] --END-- [ RunTime:0.012637s ]
INFO: [ view_filter ] --START--
INFO: Run Behavior\WriteHtmlCacheBehavior [ RunTime:0.000446s ]
INFO: [ view_filter ] --END-- [ RunTime:0.000581s ]
INFO: [ app_end ] --START--
INFO: Run Behavior\ShowPageTraceBehavior [ RunTime:0.000771s ]
INFO: [ app_end ] --END-- [ RunTime:0.000913s ]

[ 2015-09-18T16:04:14+08:00 ] 127.0.0.1 /git/index.php/Home/salon/index_data
INFO: [ app_init ] --START--
INFO: Run Behavior\BuildLiteBehavior [ RunTime:0.000018s ]
INFO: [ app_init ] --END-- [ RunTime:0.000269s ]
INFO: [ app_begin ] --START--
INFO: Run Behavior\ReadHtmlCacheBehavior [ RunTime:0.000344s ]
INFO: [ app_begin ] --END-- [ RunTime:0.000418s ]
SQL: SHOW COLUMNS FROM `jr_salon` [ RunTime:0.0013s ]
SQL: SHOW COLUMNS FROM `jr_salon` [ RunTime:0.0010s ]
SQL: SELECT * FROM `jr_salon`  [ RunTime:0.0001s ]

[ 2015-09-18T16:04:16+08:00 ] 127.0.0.1 /git/index.php/Home/salon/salon/id/1
INFO: [ app_init ] --START--
INFO: Run Behavior\BuildLiteBehavior [ RunTime:0.000038s ]
INFO: [ app_init ] --END-- [ RunTime:0.000824s ]
INFO: [ app_begin ] --START--
INFO: Run Behavior\ReadHtmlCacheBehavior [ RunTime:0.000675s ]
INFO: [ app_begin ] --END-- [ RunTime:0.000953s ]
SQL: SHOW COLUMNS FROM `jr_simg` [ RunTime:0.0013s ]
SQL: SELECT * FROM `jr_simg` WHERE ( sid=1 )  [ RunTime:0.0002s ]
SQL: SHOW COLUMNS FROM `jr_bimg` [ RunTime:0.0013s ]
SQL: SELECT * FROM `jr_bimg` WHERE ( sid=1 ) LIMIT 1   [ RunTime:0.0002s ]
INFO: [ view_parse ] --START--
INFO: [ template_filter ] --START--
INFO: Run Behavior\ContentReplaceBehavior [ RunTime:0.000080s ]
INFO: [ template_filter ] --END-- [ RunTime:0.000174s ]
INFO: Run Behavior\ParseTemplateBehavior [ RunTime:0.006357s ]
INFO: [ view_parse ] --END-- [ RunTime:0.006441s ]
INFO: [ view_filter ] --START--
INFO: Run Behavior\WriteHtmlCacheBehavior [ RunTime:0.000176s ]
INFO: [ view_filter ] --END-- [ RunTime:0.000257s ]
INFO: [ app_end ] --START--
INFO: Run Behavior\ShowPageTraceBehavior [ RunTime:0.000356s ]
INFO: [ app_end ] --END-- [ RunTime:0.000429s ]

[ 2015-09-18T16:04:16+08:00 ] 127.0.0.1 /git/index.php/Home/Salon/salon_data/id/1
INFO: [ app_init ] --START--
INFO: Run Behavior\BuildLiteBehavior [ RunTime:0.000016s ]
INFO: [ app_init ] --END-- [ RunTime:0.000254s ]
INFO: [ app_begin ] --START--
INFO: Run Behavior\ReadHtmlCacheBehavior [ RunTime:0.000309s ]
INFO: [ app_begin ] --END-- [ RunTime:0.000379s ]
SQL: SHOW COLUMNS FROM `jr_simg` [ RunTime:0.0012s ]
SQL: SELECT * FROM `jr_simg` WHERE ( sid=1 )  [ RunTime:0.0002s ]

[ 2015-09-18T16:04:35+08:00 ] 127.0.0.1 /git/index.php/Home/salon/salon/id/1
INFO: [ app_init ] --START--
INFO: Run Behavior\BuildLiteBehavior [ RunTime:0.000018s ]
INFO: [ app_init ] --END-- [ RunTime:0.000285s ]
INFO: [ app_begin ] --START--
INFO: Run Behavior\ReadHtmlCacheBehavior [ RunTime:0.000950s ]
INFO: [ app_begin ] --END-- [ RunTime:0.001156s ]
SQL: SHOW COLUMNS FROM `jr_simg` [ RunTime:0.0013s ]
SQL: SELECT * FROM `jr_simg` WHERE ( sid=1 )  [ RunTime:0.0002s ]
SQL: SHOW COLUMNS FROM `jr_bimg` [ RunTime:0.0012s ]
SQL: SELECT * FROM `jr_bimg` WHERE ( sid=1 ) LIMIT 1   [ RunTime:0.0002s ]
INFO: [ view_parse ] --START--
INFO: [ template_filter ] --START--
INFO: Run Behavior\ContentReplaceBehavior [ RunTime:0.000082s ]
INFO: [ template_filter ] --END-- [ RunTime:0.000174s ]
INFO: Run Behavior\ParseTemplateBehavior [ RunTime:0.006365s ]
INFO: [ view_parse ] --END-- [ RunTime:0.006446s ]
INFO: [ view_filter ] --START--
INFO: Run Behavior\WriteHtmlCacheBehavior [ RunTime:0.000183s ]
INFO: [ view_filter ] --END-- [ RunTime:0.000253s ]
INFO: [ app_end ] --START--
INFO: Run Behavior\ShowPageTraceBehavior [ RunTime:0.000357s ]
INFO: [ app_end ] --END-- [ RunTime:0.000431s ]

[ 2015-09-18T16:04:35+08:00 ] 127.0.0.1 /git/index.php/Home/Salon/salon_data/id/1
INFO: [ app_init ] --START--
INFO: Run Behavior\BuildLiteBehavior [ RunTime:0.000029s ]
INFO: [ app_init ] --END-- [ RunTime:0.000472s ]
INFO: [ app_begin ] --START--
INFO: Run Behavior\ReadHtmlCacheBehavior [ RunTime:0.000387s ]
INFO: [ app_begin ] --END-- [ RunTime:0.000460s ]
SQL: SHOW COLUMNS FROM `jr_simg` [ RunTime:0.0017s ]
SQL: SELECT * FROM `jr_simg` WHERE ( sid=1 )  [ RunTime:0.0003s ]

[ 2015-09-18T16:05:20+08:00 ] 127.0.0.1 /git/index.php/Home/salon/salon/id/1
INFO: [ app_init ] --START--
INFO: Run Behavior\BuildLiteBehavior [ RunTime:0.000024s ]
INFO: [ app_init ] --END-- [ RunTime:0.000401s ]
INFO: [ app_begin ] --START--
INFO: Run Behavior\ReadHtmlCacheBehavior [ RunTime:0.000556s ]
INFO: [ app_begin ] --END-- [ RunTime:0.000662s ]
SQL: SHOW COLUMNS FROM `jr_simg` [ RunTime:0.0016s ]
SQL: SELECT * FROM `jr_simg` WHERE ( sid=1 )  [ RunTime:0.0002s ]
SQL: SHOW COLUMNS FROM `jr_bimg` [ RunTime:0.0016s ]
SQL: SELECT * FROM `jr_bimg` WHERE ( sid=1 ) LIMIT 1   [ RunTime:0.0003s ]
INFO: [ view_parse ] --START--
INFO: [ template_filter ] --START--
INFO: Run Behavior\ContentReplaceBehavior [ RunTime:0.000108s ]
INFO: [ template_filter ] --END-- [ RunTime:0.000221s ]
INFO: Run Behavior\ParseTemplateBehavior [ RunTime:0.008900s ]
INFO: [ view_parse ] --END-- [ RunTime:0.009014s ]
INFO: [ view_filter ] --START--
INFO: Run Behavior\WriteHtmlCacheBehavior [ RunTime:0.000280s ]
INFO: [ view_filter ] --END-- [ RunTime:0.000370s ]
INFO: [ app_end ] --START--
INFO: Run Behavior\ShowPageTraceBehavior [ RunTime:0.000561s ]
INFO: [ app_end ] --END-- [ RunTime:0.000658s ]

[ 2015-09-18T16:05:20+08:00 ] 127.0.0.1 /git/index.php/Home/Salon/salon_data/id/1
INFO: [ app_init ] --START--
INFO: Run Behavior\BuildLiteBehavior [ RunTime:0.000030s ]
INFO: [ app_init ] --END-- [ RunTime:0.000333s ]
INFO: [ app_begin ] --START--
INFO: Run Behavior\ReadHtmlCacheBehavior [ RunTime:0.000458s ]
INFO: [ app_begin ] --END-- [ RunTime:0.000562s ]
SQL: SHOW COLUMNS FROM `jr_simg` [ RunTime:0.0014s ]
SQL: SELECT * FROM `jr_simg` WHERE ( sid=1 )  [ RunTime:0.0002s ]

[ 2015-09-18T16:06:03+08:00 ] 127.0.0.1 /git/index.php/Home/salon/salon/id/1
INFO: [ app_init ] --START--
INFO: Run Behavior\BuildLiteBehavior [ RunTime:0.000032s ]
INFO: [ app_init ] --END-- [ RunTime:0.000309s ]
INFO: [ app_begin ] --START--
INFO: Run Behavior\ReadHtmlCacheBehavior [ RunTime:0.000382s ]
INFO: [ app_begin ] --END-- [ RunTime:0.000456s ]
SQL: SHOW COLUMNS FROM `jr_simg` [ RunTime:0.0011s ]
SQL: SELECT * FROM `jr_simg` WHERE ( sid=1 )  [ RunTime:0.0002s ]
SQL: SHOW COLUMNS FROM `jr_bimg` [ RunTime:0.0015s ]
SQL: SELECT * FROM `jr_bimg` WHERE ( sid=1 ) LIMIT 1   [ RunTime:0.0006s ]
INFO: [ view_parse ] --START--
INFO: [ template_filter ] --START--
INFO: Run Behavior\ContentReplaceBehavior [ RunTime:0.000075s ]
INFO: [ template_filter ] --END-- [ RunTime:0.000152s ]
INFO: Run Behavior\ParseTemplateBehavior [ RunTime:0.005931s ]
INFO: [ view_parse ] --END-- [ RunTime:0.006017s ]
INFO: [ view_filter ] --START--
INFO: Run Behavior\WriteHtmlCacheBehavior [ RunTime:0.000228s ]
INFO: [ view_filter ] --END-- [ RunTime:0.000294s ]
INFO: [ app_end ] --START--
INFO: Run Behavior\ShowPageTraceBehavior [ RunTime:0.000368s ]
INFO: [ app_end ] --END-- [ RunTime:0.000439s ]

[ 2015-09-18T16:06:03+08:00 ] 127.0.0.1 /git/index.php/Home/Salon/salon_data_2/id/1
INFO: [ app_init ] --START--
INFO: Run Behavior\BuildLiteBehavior [ RunTime:0.000038s ]
INFO: [ app_init ] --END-- [ RunTime:0.000510s ]
INFO: [ app_begin ] --START--
INFO: Run Behavior\ReadHtmlCacheBehavior [ RunTime:0.000542s ]
INFO: [ app_begin ] --END-- [ RunTime:0.000682s ]
SQL: SHOW COLUMNS FROM `jr_bimg` [ RunTime:0.0013s ]
SQL: SELECT * FROM `jr_bimg` WHERE ( sid=1 ) LIMIT 1   [ RunTime:0.0002s ]

[ 2015-09-18T16:06:03+08:00 ] 127.0.0.1 /git/index.php/Home/Salon/salon_data/id/1
INFO: [ app_init ] --START--
INFO: Run Behavior\BuildLiteBehavior [ RunTime:0.000020s ]
INFO: [ app_init ] --END-- [ RunTime:0.000533s ]
INFO: [ app_begin ] --START--
INFO: Run Behavior\ReadHtmlCacheBehavior [ RunTime:0.000310s ]
INFO: [ app_begin ] --END-- [ RunTime:0.000374s ]
SQL: SHOW COLUMNS FROM `jr_simg` [ RunTime:0.0013s ]
SQL: SELECT * FROM `jr_simg` WHERE ( sid=1 )  [ RunTime:0.0003s ]

[ 2015-09-18T16:06:35+08:00 ] 127.0.0.1 /git/index.php/Home/salon/salon/id/1
INFO: [ app_init ] --START--
INFO: Run Behavior\BuildLiteBehavior [ RunTime:0.000048s ]
INFO: [ app_init ] --END-- [ RunTime:0.000816s ]
INFO: [ app_begin ] --START--
INFO: Run Behavior\ReadHtmlCacheBehavior [ RunTime:0.000962s ]
INFO: [ app_begin ] --END-- [ RunTime:0.001130s ]
SQL: SHOW COLUMNS FROM `jr_simg` [ RunTime:0.0012s ]
SQL: SELECT * FROM `jr_simg` WHERE ( sid=1 )  [ RunTime:0.0002s ]
SQL: SHOW COLUMNS FROM `jr_bimg` [ RunTime:0.0010s ]
SQL: SELECT * FROM `jr_bimg` WHERE ( sid=1 ) LIMIT 1   [ RunTime:0.0001s ]
INFO: [ view_parse ] --START--
INFO: [ template_filter ] --START--
INFO: Run Behavior\ContentReplaceBehavior [ RunTime:0.000103s ]
INFO: [ template_filter ] --END-- [ RunTime:0.000221s ]
INFO: Run Behavior\ParseTemplateBehavior [ RunTime:0.006170s ]
INFO: [ view_parse ] --END-- [ RunTime:0.006247s ]
INFO: [ view_filter ] --START--
INFO: Run Behavior\WriteHtmlCacheBehavior [ RunTime:0.000162s ]
INFO: [ view_filter ] --END-- [ RunTime:0.000228s ]
INFO: [ app_end ] --START--
INFO: Run Behavior\ShowPageTraceBehavior [ RunTime:0.000321s ]
INFO: [ app_end ] --END-- [ RunTime:0.000388s ]

[ 2015-09-18T16:06:35+08:00 ] 127.0.0.1 /git/index.php/Home/Salon/salon_data_2/id/1
INFO: [ app_init ] --START--
INFO: Run Behavior\BuildLiteBehavior [ RunTime:0.000029s ]
INFO: [ app_init ] --END-- [ RunTime:0.000393s ]
INFO: [ app_begin ] --START--
INFO: Run Behavior\ReadHtmlCacheBehavior [ RunTime:0.000496s ]
INFO: [ app_begin ] --END-- [ RunTime:0.000623s ]
SQL: SHOW COLUMNS FROM `jr_bimg` [ RunTime:0.0012s ]
SQL: SELECT * FROM `jr_bimg` WHERE ( sid=1 ) LIMIT 1   [ RunTime:0.0002s ]

[ 2015-09-18T16:06:35+08:00 ] 127.0.0.1 /git/index.php/Home/Salon/salon_data/id/1
INFO: [ app_init ] --START--
INFO: Run Behavior\BuildLiteBehavior [ RunTime:0.000038s ]
INFO: [ app_init ] --END-- [ RunTime:0.000512s ]
INFO: [ app_begin ] --START--
INFO: Run Behavior\ReadHtmlCacheBehavior [ RunTime:0.000555s ]
INFO: [ app_begin ] --END-- [ RunTime:0.000718s ]
SQL: SHOW COLUMNS FROM `jr_simg` [ RunTime:0.0021s ]
SQL: SELECT * FROM `jr_simg` WHERE ( sid=1 )  [ RunTime:0.0004s ]

[ 2015-09-18T16:07:38+08:00 ] 127.0.0.1 /git/index.php/Home/salon/salon/id/1
INFO: [ app_init ] --START--
INFO: Run Behavior\BuildLiteBehavior [ RunTime:0.000033s ]
INFO: [ app_init ] --END-- [ RunTime:0.000621s ]
INFO: [ app_begin ] --START--
INFO: Run Behavior\ReadHtmlCacheBehavior [ RunTime:0.000774s ]
INFO: [ app_begin ] --END-- [ RunTime:0.000934s ]
SQL: SHOW COLUMNS FROM `jr_simg` [ RunTime:0.0013s ]
SQL: SELECT * FROM `jr_simg` WHERE ( sid=1 )  [ RunTime:0.0002s ]
SQL: SHOW COLUMNS FROM `jr_bimg` [ RunTime:0.0012s ]
SQL: SELECT * FROM `jr_bimg` WHERE ( sid=1 ) LIMIT 1   [ RunTime:0.0002s ]
INFO: [ view_parse ] --START--
INFO: [ template_filter ] --START--
INFO: Run Behavior\ContentReplaceBehavior [ RunTime:0.000075s ]
INFO: [ template_filter ] --END-- [ RunTime:0.000155s ]
INFO: Run Behavior\ParseTemplateBehavior [ RunTime:0.006140s ]
INFO: [ view_parse ] --END-- [ RunTime:0.006222s ]
INFO: [ view_filter ] --START--
INFO: Run Behavior\WriteHtmlCacheBehavior [ RunTime:0.000267s ]
INFO: [ view_filter ] --END-- [ RunTime:0.000361s ]
INFO: [ app_end ] --START--
INFO: Run Behavior\ShowPageTraceBehavior [ RunTime:0.000652s ]
INFO: [ app_end ] --END-- [ RunTime:0.000777s ]

[ 2015-09-18T16:07:38+08:00 ] 127.0.0.1 /git/index.php/Home/Salon/salon_data_2/id/1
INFO: [ app_init ] --START--
INFO: Run Behavior\BuildLiteBehavior [ RunTime:0.000030s ]
INFO: [ app_init ] --END-- [ RunTime:0.000423s ]
INFO: [ app_begin ] --START--
INFO: Run Behavior\ReadHtmlCacheBehavior [ RunTime:0.000509s ]
INFO: [ app_begin ] --END-- [ RunTime:0.000636s ]
SQL: SHOW COLUMNS FROM `jr_bimg` [ RunTime:0.0022s ]
SQL: SELECT * FROM `jr_bimg` WHERE ( sid=1 ) LIMIT 1   [ RunTime:0.0005s ]

[ 2015-09-18T16:07:38+08:00 ] 127.0.0.1 /git/index.php/Home/Salon/salon_data/id/1
INFO: [ app_init ] --START--
INFO: Run Behavior\BuildLiteBehavior [ RunTime:0.000030s ]
INFO: [ app_init ] --END-- [ RunTime:0.000468s ]
INFO: [ app_begin ] --START--
INFO: Run Behavior\ReadHtmlCacheBehavior [ RunTime:0.000617s ]
INFO: [ app_begin ] --END-- [ RunTime:0.000767s ]
SQL: SHOW COLUMNS FROM `jr_simg` [ RunTime:0.0019s ]
SQL: SELECT * FROM `jr_simg` WHERE ( sid=1 )  [ RunTime:0.0005s ]

[ 2015-09-18T16:10:54+08:00 ] 127.0.0.1 /git/index.php/Home/salon/salon/id/1
INFO: [ app_init ] --START--
INFO: Run Behavior\BuildLiteBehavior [ RunTime:0.000029s ]
INFO: [ app_init ] --END-- [ RunTime:0.000489s ]
INFO: [ app_begin ] --START--
INFO: Run Behavior\ReadHtmlCacheBehavior [ RunTime:0.000614s ]
INFO: [ app_begin ] --END-- [ RunTime:0.000739s ]
SQL: SHOW COLUMNS FROM `jr_simg` [ RunTime:0.0014s ]
SQL: SELECT * FROM `jr_simg` WHERE ( sid=1 )  [ RunTime:0.0003s ]
SQL: SHOW COLUMNS FROM `jr_bimg` [ RunTime:0.0013s ]
SQL: SELECT * FROM `jr_bimg` WHERE ( sid=1 ) LIMIT 1   [ RunTime:0.0002s ]
INFO: [ view_parse ] --START--
INFO: [ template_filter ] --START--
INFO: Run Behavior\ContentReplaceBehavior [ RunTime:0.000076s ]
INFO: [ template_filter ] --END-- [ RunTime:0.000159s ]
INFO: Run Behavior\ParseTemplateBehavior [ RunTime:0.006136s ]
INFO: [ view_parse ] --END-- [ RunTime:0.006215s ]
INFO: [ view_filter ] --START--
INFO: Run Behavior\WriteHtmlCacheBehavior [ RunTime:0.000214s ]
INFO: [ view_filter ] --END-- [ RunTime:0.000282s ]
INFO: [ app_end ] --START--
INFO: Run Behavior\ShowPageTraceBehavior [ RunTime:0.000384s ]
INFO: [ app_end ] --END-- [ RunTime:0.000455s ]

[ 2015-09-18T16:10:54+08:00 ] 127.0.0.1 /git/index.php/Home/Salon/salon_data_2/id/1
INFO: [ app_init ] --START--
INFO: Run Behavior\BuildLiteBehavior [ RunTime:0.000041s ]
INFO: [ app_init ] --END-- [ RunTime:0.000437s ]
INFO: [ app_begin ] --START--
INFO: Run Behavior\ReadHtmlCacheBehavior [ RunTime:0.000521s ]
INFO: [ app_begin ] --END-- [ RunTime:0.000632s ]
SQL: SHOW COLUMNS FROM `jr_bimg` [ RunTime:0.0015s ]
SQL: SELECT * FROM `jr_bimg` WHERE ( sid=1 ) LIMIT 1   [ RunTime:0.0002s ]

[ 2015-09-18T16:10:54+08:00 ] 127.0.0.1 /git/index.php/Home/Salon/salon_data/id/1
INFO: [ app_init ] --START--
INFO: Run Behavior\BuildLiteBehavior [ RunTime:0.000031s ]
INFO: [ app_init ] --END-- [ RunTime:0.000460s ]
INFO: [ app_begin ] --START--
INFO: Run Behavior\ReadHtmlCacheBehavior [ RunTime:0.000607s ]
INFO: [ app_begin ] --END-- [ RunTime:0.000748s ]
SQL: SHOW COLUMNS FROM `jr_simg` [ RunTime:0.0014s ]
SQL: SELECT * FROM `jr_simg` WHERE ( sid=1 )  [ RunTime:0.0002s ]

[ 2015-09-18T16:12:13+08:00 ] 127.0.0.1 /git/index.php/Home/salon/salon/id/1
INFO: [ app_init ] --START--
INFO: Run Behavior\BuildLiteBehavior [ RunTime:0.000033s ]
INFO: [ app_init ] --END-- [ RunTime:0.000643s ]
INFO: [ app_begin ] --START--
INFO: Run Behavior\ReadHtmlCacheBehavior [ RunTime:0.000722s ]
INFO: [ app_begin ] --END-- [ RunTime:0.000881s ]
SQL: SHOW COLUMNS FROM `jr_simg` [ RunTime:0.0014s ]
SQL: SELECT * FROM `jr_simg` WHERE ( sid=1 )  [ RunTime:0.0003s ]
SQL: SHOW COLUMNS FROM `jr_bimg` [ RunTime:0.0011s ]
SQL: SELECT * FROM `jr_bimg` WHERE ( sid=1 ) LIMIT 1   [ RunTime:0.0002s ]
INFO: [ view_parse ] --START--
INFO: [ template_filter ] --START--
INFO: Run Behavior\ContentReplaceBehavior [ RunTime:0.000079s ]
INFO: [ template_filter ] --END-- [ RunTime:0.000171s ]
INFO: Run Behavior\ParseTemplateBehavior [ RunTime:0.006270s ]
INFO: [ view_parse ] --END-- [ RunTime:0.006350s ]
INFO: [ view_filter ] --START--
INFO: Run Behavior\WriteHtmlCacheBehavior [ RunTime:0.000204s ]
INFO: [ view_filter ] --END-- [ RunTime:0.000274s ]
INFO: [ app_end ] --START--
INFO: Run Behavior\ShowPageTraceBehavior [ RunTime:0.000384s ]
INFO: [ app_end ] --END-- [ RunTime:0.000465s ]

[ 2015-09-18T16:12:14+08:00 ] 127.0.0.1 /git/index.php/Home/Salon/salon_data_2/id/1
INFO: [ app_init ] --START--
INFO: Run Behavior\BuildLiteBehavior [ RunTime:0.000017s ]
INFO: [ app_init ] --END-- [ RunTime:0.000281s ]
INFO: [ app_begin ] --START--
INFO: Run Behavior\ReadHtmlCacheBehavior [ RunTime:0.000315s ]
INFO: [ app_begin ] --END-- [ RunTime:0.000384s ]
SQL: SHOW COLUMNS FROM `jr_bimg` [ RunTime:0.0013s ]
SQL: SELECT * FROM `jr_bimg` WHERE ( sid=1 ) LIMIT 1   [ RunTime:0.0002s ]

[ 2015-09-18T16:12:14+08:00 ] 127.0.0.1 /git/index.php/Home/Salon/salon_data/id/1
INFO: [ app_init ] --START--
INFO: Run Behavior\BuildLiteBehavior [ RunTime:0.000027s ]
INFO: [ app_init ] --END-- [ RunTime:0.000413s ]
INFO: [ app_begin ] --START--
INFO: Run Behavior\ReadHtmlCacheBehavior [ RunTime:0.000560s ]
INFO: [ app_begin ] --END-- [ RunTime:0.000669s ]
SQL: SHOW COLUMNS FROM `jr_simg` [ RunTime:0.0023s ]
SQL: SELECT * FROM `jr_simg` WHERE ( sid=1 )  [ RunTime:0.0004s ]

[ 2015-09-18T16:13:34+08:00 ] 127.0.0.1 /git/index.php/Home/salon/salon/id/1
INFO: [ app_init ] --START--
INFO: Run Behavior\BuildLiteBehavior [ RunTime:0.000032s ]
INFO: [ app_init ] --END-- [ RunTime:0.001514s ]
INFO: [ app_begin ] --START--
INFO: Run Behavior\ReadHtmlCacheBehavior [ RunTime:0.001079s ]
INFO: [ app_begin ] --END-- [ RunTime:0.001270s ]
SQL: SHOW COLUMNS FROM `jr_simg` [ RunTime:0.0019s ]
SQL: SELECT * FROM `jr_simg` WHERE ( sid=1 )  [ RunTime:0.0003s ]
SQL: SHOW COLUMNS FROM `jr_bimg` [ RunTime:0.0018s ]
SQL: SELECT * FROM `jr_bimg` WHERE ( sid=1 ) LIMIT 1   [ RunTime:0.0003s ]
INFO: [ view_parse ] --START--
INFO: [ template_filter ] --START--
INFO: Run Behavior\ContentReplaceBehavior [ RunTime:0.000083s ]
INFO: [ template_filter ] --END-- [ RunTime:0.000183s ]
INFO: Run Behavior\ParseTemplateBehavior [ RunTime:0.007200s ]
INFO: [ view_parse ] --END-- [ RunTime:0.007299s ]
INFO: [ view_filter ] --START--
INFO: Run Behavior\WriteHtmlCacheBehavior [ RunTime:0.000215s ]
INFO: [ view_filter ] --END-- [ RunTime:0.000280s ]
INFO: [ app_end ] --START--
INFO: Run Behavior\ShowPageTraceBehavior [ RunTime:0.000383s ]
INFO: [ app_end ] --END-- [ RunTime:0.000451s ]

[ 2015-09-18T16:13:34+08:00 ] 127.0.0.1 /git/index.php/Home/Salon/salon_data_2/id/1
INFO: [ app_init ] --START--
INFO: Run Behavior\BuildLiteBehavior [ RunTime:0.000033s ]
INFO: [ app_init ] --END-- [ RunTime:0.000416s ]
INFO: [ app_begin ] --START--
INFO: Run Behavior\ReadHtmlCacheBehavior [ RunTime:0.000532s ]
INFO: [ app_begin ] --END-- [ RunTime:0.000699s ]
SQL: SHOW COLUMNS FROM `jr_bimg` [ RunTime:0.0015s ]
SQL: SELECT * FROM `jr_bimg` WHERE ( sid=1 )  [ RunTime:0.0003s ]

[ 2015-09-18T16:13:34+08:00 ] 127.0.0.1 /git/index.php/Home/Salon/salon_data/id/1
INFO: [ app_init ] --START--
INFO: Run Behavior\BuildLiteBehavior [ RunTime:0.000038s ]
INFO: [ app_init ] --END-- [ RunTime:0.000542s ]
INFO: [ app_begin ] --START--
INFO: Run Behavior\ReadHtmlCacheBehavior [ RunTime:0.000579s ]
INFO: [ app_begin ] --END-- [ RunTime:0.000721s ]
SQL: SHOW COLUMNS FROM `jr_simg` [ RunTime:0.0021s ]
SQL: SELECT * FROM `jr_simg` WHERE ( sid=1 )  [ RunTime:0.0004s ]

[ 2015-09-18T16:15:13+08:00 ] 127.0.0.1 /git/index.php/Home/salon/salon/id/1
INFO: [ app_init ] --START--
INFO: Run Behavior\BuildLiteBehavior [ RunTime:0.000028s ]
INFO: [ app_init ] --END-- [ RunTime:0.000477s ]
INFO: [ app_begin ] --START--
INFO: Run Behavior\ReadHtmlCacheBehavior [ RunTime:0.000633s ]
INFO: [ app_begin ] --END-- [ RunTime:0.000770s ]
SQL: SHOW COLUMNS FROM `jr_simg` [ RunTime:0.0012s ]
SQL: SELECT * FROM `jr_simg` WHERE ( sid=1 )  [ RunTime:0.0002s ]
SQL: SHOW COLUMNS FROM `jr_bimg` [ RunTime:0.0011s ]
SQL: SELECT * FROM `jr_bimg` WHERE ( sid=1 ) LIMIT 1   [ RunTime:0.0002s ]
INFO: [ view_parse ] --START--
INFO: [ template_filter ] --START--
INFO: Run Behavior\ContentReplaceBehavior [ RunTime:0.000124s ]
INFO: [ template_filter ] --END-- [ RunTime:0.000271s ]
INFO: Run Behavior\ParseTemplateBehavior [ RunTime:0.007400s ]
INFO: [ view_parse ] --END-- [ RunTime:0.007479s ]
INFO: [ view_filter ] --START--
INFO: Run Behavior\WriteHtmlCacheBehavior [ RunTime:0.000216s ]
INFO: [ view_filter ] --END-- [ RunTime:0.000282s ]
INFO: [ app_end ] --START--
INFO: Run Behavior\ShowPageTraceBehavior [ RunTime:0.000382s ]
INFO: [ app_end ] --END-- [ RunTime:0.000451s ]

[ 2015-09-18T16:15:14+08:00 ] 127.0.0.1 /git/index.php/Home/Salon/salon_data_2/id/1
INFO: [ app_init ] --START--
INFO: Run Behavior\BuildLiteBehavior [ RunTime:0.000032s ]
INFO: [ app_init ] --END-- [ RunTime:0.000401s ]
INFO: [ app_begin ] --START--
INFO: Run Behavior\ReadHtmlCacheBehavior [ RunTime:0.000589s ]
INFO: [ app_begin ] --END-- [ RunTime:0.000762s ]
SQL: SHOW COLUMNS FROM `jr_bimg` [ RunTime:0.0018s ]
SQL: SELECT * FROM `jr_bimg` WHERE ( sid=1 )  [ RunTime:0.0005s ]

[ 2015-09-18T16:15:14+08:00 ] 127.0.0.1 /git/index.php/Home/Salon/salon_data/id/1
INFO: [ app_init ] --START--
INFO: Run Behavior\BuildLiteBehavior [ RunTime:0.000032s ]
INFO: [ app_init ] --END-- [ RunTime:0.000720s ]
INFO: [ app_begin ] --START--
INFO: Run Behavior\ReadHtmlCacheBehavior [ RunTime:0.000788s ]
INFO: [ app_begin ] --END-- [ RunTime:0.000921s ]
SQL: SHOW COLUMNS FROM `jr_simg` [ RunTime:0.0019s ]
SQL: SELECT * FROM `jr_simg` WHERE ( sid=1 )  [ RunTime:0.0002s ]

[ 2015-09-18T16:17:26+08:00 ] 127.0.0.1 /git/index.php/Home/salon/salon/id/1
INFO: [ app_init ] --START--
INFO: Run Behavior\BuildLiteBehavior [ RunTime:0.000031s ]
INFO: [ app_init ] --END-- [ RunTime:0.000498s ]
INFO: [ app_begin ] --START--
INFO: Run Behavior\ReadHtmlCacheBehavior [ RunTime:0.000786s ]
INFO: [ app_begin ] --END-- [ RunTime:0.000926s ]
SQL: SHOW COLUMNS FROM `jr_simg` [ RunTime:0.0016s ]
SQL: SELECT * FROM `jr_simg` WHERE ( sid=1 )  [ RunTime:0.0002s ]
SQL: SHOW COLUMNS FROM `jr_bimg` [ RunTime:0.0015s ]
SQL: SELECT * FROM `jr_bimg` WHERE ( sid=1 ) LIMIT 1   [ RunTime:0.0002s ]
INFO: [ view_parse ] --START--
INFO: [ template_filter ] --START--
INFO: Run Behavior\ContentReplaceBehavior [ RunTime:0.000075s ]
INFO: [ template_filter ] --END-- [ RunTime:0.000164s ]
INFO: Run Behavior\ParseTemplateBehavior [ RunTime:0.006285s ]
INFO: [ view_parse ] --END-- [ RunTime:0.006406s ]
INFO: [ view_filter ] --START--
INFO: Run Behavior\WriteHtmlCacheBehavior [ RunTime:0.000216s ]
INFO: [ view_filter ] --END-- [ RunTime:0.000281s ]
INFO: [ app_end ] --START--
INFO: Run Behavior\ShowPageTraceBehavior [ RunTime:0.000372s ]
INFO: [ app_end ] --END-- [ RunTime:0.000441s ]

[ 2015-09-18T16:17:26+08:00 ] 127.0.0.1 /git/index.php/Home/Salon/salon_data_2/id/1
INFO: [ app_init ] --START--
INFO: Run Behavior\BuildLiteBehavior [ RunTime:0.000031s ]
INFO: [ app_init ] --END-- [ RunTime:0.000463s ]
INFO: [ app_begin ] --START--
INFO: Run Behavior\ReadHtmlCacheBehavior [ RunTime:0.000606s ]
INFO: [ app_begin ] --END-- [ RunTime:0.000728s ]
SQL: SHOW COLUMNS FROM `jr_bimg` [ RunTime:0.0019s ]
SQL: SELECT * FROM `jr_bimg` WHERE ( sid=1 )  [ RunTime:0.0005s ]

[ 2015-09-18T16:17:26+08:00 ] 127.0.0.1 /git/index.php/Home/Salon/salon_data/id/1
INFO: [ app_init ] --START--
INFO: Run Behavior\BuildLiteBehavior [ RunTime:0.000030s ]
INFO: [ app_init ] --END-- [ RunTime:0.000708s ]
INFO: [ app_begin ] --START--
INFO: Run Behavior\ReadHtmlCacheBehavior [ RunTime:0.000559s ]
INFO: [ app_begin ] --END-- [ RunTime:0.000683s ]
SQL: SHOW COLUMNS FROM `jr_simg` [ RunTime:0.0019s ]
SQL: SELECT * FROM `jr_simg` WHERE ( sid=1 )  [ RunTime:0.0003s ]

[ 2015-09-18T16:20:39+08:00 ] 127.0.0.1 /git/index.php/Home/salon/salon/id/1
INFO: [ app_init ] --START--
INFO: Run Behavior\BuildLiteBehavior [ RunTime:0.000034s ]
INFO: [ app_init ] --END-- [ RunTime:0.000519s ]
INFO: [ app_begin ] --START--
INFO: Run Behavior\ReadHtmlCacheBehavior [ RunTime:0.000699s ]
INFO: [ app_begin ] --END-- [ RunTime:0.000820s ]
SQL: SHOW COLUMNS FROM `jr_simg` [ RunTime:0.0014s ]
SQL: SELECT * FROM `jr_simg` WHERE ( sid=1 )  [ RunTime:0.0002s ]
SQL: SHOW COLUMNS FROM `jr_bimg` [ RunTime:0.0013s ]
SQL: SELECT * FROM `jr_bimg` WHERE ( sid=1 ) LIMIT 1   [ RunTime:0.0002s ]
INFO: [ view_parse ] --START--
INFO: [ template_filter ] --START--
INFO: Run Behavior\ContentReplaceBehavior [ RunTime:0.000098s ]
INFO: [ template_filter ] --END-- [ RunTime:0.000218s ]
INFO: Run Behavior\ParseTemplateBehavior [ RunTime:0.008217s ]
INFO: [ view_parse ] --END-- [ RunTime:0.008313s ]
INFO: [ view_filter ] --START--
INFO: Run Behavior\WriteHtmlCacheBehavior [ RunTime:0.000253s ]
INFO: [ view_filter ] --END-- [ RunTime:0.000333s ]
INFO: [ app_end ] --START--
INFO: Run Behavior\ShowPageTraceBehavior [ RunTime:0.000450s ]
INFO: [ app_end ] --END-- [ RunTime:0.000538s ]

[ 2015-09-18T16:20:39+08:00 ] 127.0.0.1 /git/index.php/Home/Salon/salon_data_2/id/1
INFO: [ app_init ] --START--
INFO: Run Behavior\BuildLiteBehavior [ RunTime:0.000030s ]
INFO: [ app_init ] --END-- [ RunTime:0.000414s ]
INFO: [ app_begin ] --START--
INFO: Run Behavior\ReadHtmlCacheBehavior [ RunTime:0.000815s ]
INFO: [ app_begin ] --END-- [ RunTime:0.000952s ]
SQL: SHOW COLUMNS FROM `jr_bimg` [ RunTime:0.0017s ]
SQL: SELECT * FROM `jr_bimg` WHERE ( sid=1 )  [ RunTime:0.0003s ]

[ 2015-09-18T16:20:39+08:00 ] 127.0.0.1 /git/index.php/Home/Salon/salon_data/id/1
INFO: [ app_init ] --START--
INFO: Run Behavior\BuildLiteBehavior [ RunTime:0.000032s ]
INFO: [ app_init ] --END-- [ RunTime:0.000484s ]
INFO: [ app_begin ] --START--
INFO: Run Behavior\ReadHtmlCacheBehavior [ RunTime:0.000583s ]
INFO: [ app_begin ] --END-- [ RunTime:0.000742s ]
SQL: SHOW COLUMNS FROM `jr_simg` [ RunTime:0.0016s ]
SQL: SELECT * FROM `jr_simg` WHERE ( sid=1 )  [ RunTime:0.0004s ]

[ 2015-09-18T16:25:30+08:00 ] 127.0.0.1 /git/index.php/Home/salon/salon/id/1
INFO: [ app_init ] --START--
INFO: Run Behavior\BuildLiteBehavior [ RunTime:0.000028s ]
INFO: [ app_init ] --END-- [ RunTime:0.000479s ]
INFO: [ app_begin ] --START--
INFO: Run Behavior\ReadHtmlCacheBehavior [ RunTime:0.000627s ]
INFO: [ app_begin ] --END-- [ RunTime:0.000754s ]
SQL: SHOW COLUMNS FROM `jr_simg` [ RunTime:0.0015s ]
SQL: SELECT * FROM `jr_simg` WHERE ( sid=1 )  [ RunTime:0.0003s ]
SQL: SHOW COLUMNS FROM `jr_bimg` [ RunTime:0.0016s ]
SQL: SELECT * FROM `jr_bimg` WHERE ( sid=1 ) LIMIT 1   [ RunTime:0.0003s ]
INFO: [ view_parse ] --START--
INFO: [ template_filter ] --START--
INFO: Run Behavior\ContentReplaceBehavior [ RunTime:0.000098s ]
INFO: [ template_filter ] --END-- [ RunTime:0.000233s ]
INFO: Run Behavior\ParseTemplateBehavior [ RunTime:0.008650s ]
INFO: [ view_parse ] --END-- [ RunTime:0.008789s ]
INFO: [ view_filter ] --START--
INFO: Run Behavior\WriteHtmlCacheBehavior [ RunTime:0.000362s ]
INFO: [ view_filter ] --END-- [ RunTime:0.000471s ]
INFO: [ app_end ] --START--
INFO: Run Behavior\ShowPageTraceBehavior [ RunTime:0.000488s ]
INFO: [ app_end ] --END-- [ RunTime:0.000598s ]

[ 2015-09-18T16:25:30+08:00 ] 127.0.0.1 /git/index.php/Home/Salon/salon_data_2/id/1
INFO: [ app_init ] --START--
INFO: Run Behavior\BuildLiteBehavior [ RunTime:0.000038s ]
INFO: [ app_init ] --END-- [ RunTime:0.000688s ]
INFO: [ app_begin ] --START--
INFO: Run Behavior\ReadHtmlCacheBehavior [ RunTime:0.000500s ]
INFO: [ app_begin ] --END-- [ RunTime:0.000684s ]
SQL: SHOW COLUMNS FROM `jr_bimg` [ RunTime:0.0016s ]
SQL: SELECT * FROM `jr_bimg` WHERE ( sid=1 )  [ RunTime:0.0004s ]

[ 2015-09-18T16:25:30+08:00 ] 127.0.0.1 /git/index.php/Home/Salon/salon_data/id/1
INFO: [ app_init ] --START--
INFO: Run Behavior\BuildLiteBehavior [ RunTime:0.000029s ]
INFO: [ app_init ] --END-- [ RunTime:0.000435s ]
INFO: [ app_begin ] --START--
INFO: Run Behavior\ReadHtmlCacheBehavior [ RunTime:0.000775s ]
INFO: [ app_begin ] --END-- [ RunTime:0.000938s ]
SQL: SHOW COLUMNS FROM `jr_simg` [ RunTime:0.0022s ]
SQL: SELECT * FROM `jr_simg` WHERE ( sid=1 )  [ RunTime:0.0004s ]

[ 2015-09-18T16:25:46+08:00 ] 127.0.0.1 /git/index.php/Home/salon/salon/id/1
INFO: [ app_init ] --START--
INFO: Run Behavior\BuildLiteBehavior [ RunTime:0.000041s ]
INFO: [ app_init ] --END-- [ RunTime:0.000643s ]
INFO: [ app_begin ] --START--
INFO: Run Behavior\ReadHtmlCacheBehavior [ RunTime:0.000874s ]
INFO: [ app_begin ] --END-- [ RunTime:0.001065s ]
SQL: SHOW COLUMNS FROM `jr_simg` [ RunTime:0.0016s ]
SQL: SELECT * FROM `jr_simg` WHERE ( sid=1 )  [ RunTime:0.0002s ]
SQL: SHOW COLUMNS FROM `jr_bimg` [ RunTime:0.0013s ]
SQL: SELECT * FROM `jr_bimg` WHERE ( sid=1 ) LIMIT 1   [ RunTime:0.0002s ]
INFO: [ view_parse ] --START--
INFO: [ template_filter ] --START--
INFO: Run Behavior\ContentReplaceBehavior [ RunTime:0.000093s ]
INFO: [ template_filter ] --END-- [ RunTime:0.000197s ]
INFO: Run Behavior\ParseTemplateBehavior [ RunTime:0.007377s ]
INFO: [ view_parse ] --END-- [ RunTime:0.007473s ]
INFO: [ view_filter ] --START--
INFO: Run Behavior\WriteHtmlCacheBehavior [ RunTime:0.000245s ]
INFO: [ view_filter ] --END-- [ RunTime:0.000327s ]
INFO: [ app_end ] --START--
INFO: Run Behavior\ShowPageTraceBehavior [ RunTime:0.000442s ]
INFO: [ app_end ] --END-- [ RunTime:0.000525s ]

[ 2015-09-18T16:25:46+08:00 ] 127.0.0.1 /git/index.php/Home/Salon/salon_data_2/id/1
INFO: [ app_init ] --START--
INFO: Run Behavior\BuildLiteBehavior [ RunTime:0.000029s ]
INFO: [ app_init ] --END-- [ RunTime:0.000413s ]
INFO: [ app_begin ] --START--
INFO: Run Behavior\ReadHtmlCacheBehavior [ RunTime:0.000510s ]
INFO: [ app_begin ] --END-- [ RunTime:0.000624s ]
SQL: SHOW COLUMNS FROM `jr_bimg` [ RunTime:0.0020s ]
SQL: SELECT * FROM `jr_bimg` WHERE ( sid=1 )  [ RunTime:0.0004s ]

[ 2015-09-18T16:25:47+08:00 ] 127.0.0.1 /git/index.php/Home/Salon/salon_data/id/1
INFO: [ app_init ] --START--
INFO: Run Behavior\BuildLiteBehavior [ RunTime:0.000023s ]
INFO: [ app_init ] --END-- [ RunTime:0.000304s ]
INFO: [ app_begin ] --START--
INFO: Run Behavior\ReadHtmlCacheBehavior [ RunTime:0.000600s ]
INFO: [ app_begin ] --END-- [ RunTime:0.000753s ]
SQL: SHOW COLUMNS FROM `jr_simg` [ RunTime:0.0022s ]
SQL: SELECT * FROM `jr_simg` WHERE ( sid=1 )  [ RunTime:0.0004s ]

[ 2015-09-18T16:25:56+08:00 ] 127.0.0.1 /git/index.php/Home/salon/salon/id/1
INFO: [ app_init ] --START--
INFO: Run Behavior\BuildLiteBehavior [ RunTime:0.000037s ]
INFO: [ app_init ] --END-- [ RunTime:0.000596s ]
INFO: [ app_begin ] --START--
INFO: Run Behavior\ReadHtmlCacheBehavior [ RunTime:0.000675s ]
INFO: [ app_begin ] --END-- [ RunTime:0.000831s ]
SQL: SHOW COLUMNS FROM `jr_simg` [ RunTime:0.0011s ]
SQL: SELECT * FROM `jr_simg` WHERE ( sid=1 )  [ RunTime:0.0002s ]
SQL: SHOW COLUMNS FROM `jr_bimg` [ RunTime:0.0011s ]
SQL: SELECT * FROM `jr_bimg` WHERE ( sid=1 ) LIMIT 1   [ RunTime:0.0002s ]
INFO: [ view_parse ] --START--
INFO: [ template_filter ] --START--
INFO: Run Behavior\ContentReplaceBehavior [ RunTime:0.000078s ]
INFO: [ template_filter ] --END-- [ RunTime:0.000172s ]
INFO: Run Behavior\ParseTemplateBehavior [ RunTime:0.005725s ]
INFO: [ view_parse ] --END-- [ RunTime:0.005799s ]
INFO: [ view_filter ] --START--
INFO: Run Behavior\WriteHtmlCacheBehavior [ RunTime:0.000159s ]
INFO: [ view_filter ] --END-- [ RunTime:0.000223s ]
INFO: [ app_end ] --START--
INFO: Run Behavior\ShowPageTraceBehavior [ RunTime:0.000339s ]
INFO: [ app_end ] --END-- [ RunTime:0.000407s ]

[ 2015-09-18T16:25:56+08:00 ] 127.0.0.1 /git/index.php/Home/Salon/salon_data_2/id/1
INFO: [ app_init ] --START--
INFO: Run Behavior\BuildLiteBehavior [ RunTime:0.000019s ]
INFO: [ app_init ] --END-- [ RunTime:0.000270s ]
INFO: [ app_begin ] --START--
INFO: Run Behavior\ReadHtmlCacheBehavior [ RunTime:0.000339s ]
INFO: [ app_begin ] --END-- [ RunTime:0.000414s ]
SQL: SHOW COLUMNS FROM `jr_bimg` [ RunTime:0.0020s ]
SQL: SELECT * FROM `jr_bimg` WHERE ( sid=1 )  [ RunTime:0.0002s ]

[ 2015-09-18T16:25:56+08:00 ] 127.0.0.1 /git/index.php/Home/Salon/salon_data/id/1
INFO: [ app_init ] --START--
INFO: Run Behavior\BuildLiteBehavior [ RunTime:0.000031s ]
INFO: [ app_init ] --END-- [ RunTime:0.000505s ]
INFO: [ app_begin ] --START--
INFO: Run Behavior\ReadHtmlCacheBehavior [ RunTime:0.000796s ]
INFO: [ app_begin ] --END-- [ RunTime:0.001737s ]
SQL: SHOW COLUMNS FROM `jr_simg` [ RunTime:0.0023s ]
SQL: SELECT * FROM `jr_simg` WHERE ( sid=1 )  [ RunTime:0.0004s ]

[ 2015-09-18T16:26:48+08:00 ] 127.0.0.1 /git/index.php/Home/salon/salon/id/1
INFO: [ app_init ] --START--
INFO: Run Behavior\BuildLiteBehavior [ RunTime:0.000035s ]
INFO: [ app_init ] --END-- [ RunTime:0.000590s ]
INFO: [ app_begin ] --START--
INFO: Run Behavior\ReadHtmlCacheBehavior [ RunTime:0.000686s ]
INFO: [ app_begin ] --END-- [ RunTime:0.000849s ]
SQL: SHOW COLUMNS FROM `jr_simg` [ RunTime:0.0012s ]
SQL: SELECT * FROM `jr_simg` WHERE ( sid=1 )  [ RunTime:0.0002s ]
SQL: SHOW COLUMNS FROM `jr_bimg` [ RunTime:0.0010s ]
SQL: SELECT * FROM `jr_bimg` WHERE ( sid=1 ) LIMIT 1   [ RunTime:0.0001s ]
INFO: [ view_parse ] --START--
INFO: [ template_filter ] --START--
INFO: Run Behavior\ContentReplaceBehavior [ RunTime:0.000075s ]
INFO: [ template_filter ] --END-- [ RunTime:0.000169s ]
INFO: Run Behavior\ParseTemplateBehavior [ RunTime:0.006414s ]
INFO: [ view_parse ] --END-- [ RunTime:0.006488s ]
INFO: [ view_filter ] --START--
INFO: Run Behavior\WriteHtmlCacheBehavior [ RunTime:0.000165s ]
INFO: [ view_filter ] --END-- [ RunTime:0.000229s ]
INFO: [ app_end ] --START--
INFO: Run Behavior\ShowPageTraceBehavior [ RunTime:0.000339s ]
INFO: [ app_end ] --END-- [ RunTime:0.000407s ]

[ 2015-09-18T16:26:48+08:00 ] 127.0.0.1 /git/index.php/Home/Salon/salon_data_2/id/1
INFO: [ app_init ] --START--
INFO: Run Behavior\BuildLiteBehavior [ RunTime:0.000035s ]
INFO: [ app_init ] --END-- [ RunTime:0.000523s ]
INFO: [ app_begin ] --START--
INFO: Run Behavior\ReadHtmlCacheBehavior [ RunTime:0.000491s ]
INFO: [ app_begin ] --END-- [ RunTime:0.000615s ]
SQL: SHOW COLUMNS FROM `jr_bimg` [ RunTime:0.0013s ]
SQL: SELECT * FROM `jr_bimg` WHERE ( sid=1 )  [ RunTime:0.0002s ]

[ 2015-09-18T16:26:48+08:00 ] 127.0.0.1 /git/index.php/Home/Salon/salon_data/id/1
INFO: [ app_init ] --START--
INFO: Run Behavior\BuildLiteBehavior [ RunTime:0.000019s ]
INFO: [ app_init ] --END-- [ RunTime:0.000267s ]
INFO: [ app_begin ] --START--
INFO: Run Behavior\ReadHtmlCacheBehavior [ RunTime:0.000320s ]
INFO: [ app_begin ] --END-- [ RunTime:0.000392s ]
SQL: SHOW COLUMNS FROM `jr_simg` [ RunTime:0.0014s ]
SQL: SELECT * FROM `jr_simg` WHERE ( sid=1 )  [ RunTime:0.0002s ]

[ 2015-09-18T16:27:35+08:00 ] 127.0.0.1 /git/index.php/Home/salon/salon/id/1
INFO: [ app_init ] --START--
INFO: Run Behavior\BuildLiteBehavior [ RunTime:0.000021s ]
INFO: [ app_init ] --END-- [ RunTime:0.000448s ]
INFO: [ app_begin ] --START--
INFO: Run Behavior\ReadHtmlCacheBehavior [ RunTime:0.000467s ]
INFO: [ app_begin ] --END-- [ RunTime:0.000554s ]
SQL: SHOW COLUMNS FROM `jr_simg` [ RunTime:0.0014s ]
SQL: SELECT * FROM `jr_simg` WHERE ( sid=1 )  [ RunTime:0.0002s ]
SQL: SHOW COLUMNS FROM `jr_bimg` [ RunTime:0.0013s ]
SQL: SELECT * FROM `jr_bimg` WHERE ( sid=1 ) LIMIT 1   [ RunTime:0.0002s ]
INFO: [ view_parse ] --START--
INFO: [ template_filter ] --START--
INFO: Run Behavior\ContentReplaceBehavior [ RunTime:0.000089s ]
INFO: [ template_filter ] --END-- [ RunTime:0.000205s ]
INFO: Run Behavior\ParseTemplateBehavior [ RunTime:0.006923s ]
INFO: [ view_parse ] --END-- [ RunTime:0.007011s ]
INFO: [ view_filter ] --START--
INFO: Run Behavior\WriteHtmlCacheBehavior [ RunTime:0.000238s ]
INFO: [ view_filter ] --END-- [ RunTime:0.000316s ]
INFO: [ app_end ] --START--
INFO: Run Behavior\ShowPageTraceBehavior [ RunTime:0.000538s ]
INFO: [ app_end ] --END-- [ RunTime:0.000650s ]

[ 2015-09-18T16:27:35+08:00 ] 127.0.0.1 /git/index.php/Home/Salon/salon_data_2/id/1
INFO: [ app_init ] --START--
INFO: Run Behavior\BuildLiteBehavior [ RunTime:0.000031s ]
INFO: [ app_init ] --END-- [ RunTime:0.000445s ]
INFO: [ app_begin ] --START--
INFO: Run Behavior\ReadHtmlCacheBehavior [ RunTime:0.000655s ]
INFO: [ app_begin ] --END-- [ RunTime:0.000850s ]
SQL: SHOW COLUMNS FROM `jr_bimg` [ RunTime:0.0013s ]
SQL: SELECT * FROM `jr_bimg` WHERE ( sid=1 )  [ RunTime:0.0002s ]

[ 2015-09-18T16:27:35+08:00 ] 127.0.0.1 /git/index.php/Home/Salon/salon_data/id/1
INFO: [ app_init ] --START--
INFO: Run Behavior\BuildLiteBehavior [ RunTime:0.000026s ]
INFO: [ app_init ] --END-- [ RunTime:0.000422s ]
INFO: [ app_begin ] --START--
INFO: Run Behavior\ReadHtmlCacheBehavior [ RunTime:0.000494s ]
INFO: [ app_begin ] --END-- [ RunTime:0.000597s ]
SQL: SHOW COLUMNS FROM `jr_simg` [ RunTime:0.0013s ]
SQL: SELECT * FROM `jr_simg` WHERE ( sid=1 )  [ RunTime:0.0003s ]

[ 2015-09-18T16:28:00+08:00 ] 127.0.0.1 /git/index.php/Home/salon/salon/id/1
INFO: [ app_init ] --START--
INFO: Run Behavior\BuildLiteBehavior [ RunTime:0.000018s ]
INFO: [ app_init ] --END-- [ RunTime:0.000955s ]
INFO: [ app_begin ] --START--
INFO: Run Behavior\ReadHtmlCacheBehavior [ RunTime:0.000681s ]
INFO: [ app_begin ] --END-- [ RunTime:0.000816s ]
SQL: SHOW COLUMNS FROM `jr_simg` [ RunTime:0.0023s ]
SQL: SELECT * FROM `jr_simg` WHERE ( sid=1 )  [ RunTime:0.0002s ]
SQL: SHOW COLUMNS FROM `jr_bimg` [ RunTime:0.0014s ]
SQL: SELECT * FROM `jr_bimg` WHERE ( sid=1 ) LIMIT 1   [ RunTime:0.0005s ]
INFO: [ view_parse ] --START--
INFO: [ template_filter ] --START--
INFO: Run Behavior\ContentReplaceBehavior [ RunTime:0.000076s ]
INFO: [ template_filter ] --END-- [ RunTime:0.000165s ]
INFO: Run Behavior\ParseTemplateBehavior [ RunTime:0.006672s ]
INFO: [ view_parse ] --END-- [ RunTime:0.006765s ]
INFO: [ view_filter ] --START--
INFO: Run Behavior\WriteHtmlCacheBehavior [ RunTime:0.000204s ]
INFO: [ view_filter ] --END-- [ RunTime:0.000268s ]
INFO: [ app_end ] --START--
INFO: Run Behavior\ShowPageTraceBehavior [ RunTime:0.000370s ]
INFO: [ app_end ] --END-- [ RunTime:0.000438s ]

[ 2015-09-18T16:28:00+08:00 ] 127.0.0.1 /git/index.php/Home/Salon/salon_data/id/1
INFO: [ app_init ] --START--
INFO: Run Behavior\BuildLiteBehavior [ RunTime:0.000016s ]
INFO: [ app_init ] --END-- [ RunTime:0.000251s ]
INFO: [ app_begin ] --START--
INFO: Run Behavior\ReadHtmlCacheBehavior [ RunTime:0.000315s ]
INFO: [ app_begin ] --END-- [ RunTime:0.000380s ]
SQL: SHOW COLUMNS FROM `jr_simg` [ RunTime:0.0013s ]
SQL: SELECT * FROM `jr_simg` WHERE ( sid=1 )  [ RunTime:0.0002s ]

[ 2015-09-18T16:28:00+08:00 ] 127.0.0.1 /git/index.php/Home/Salon/salon_data_2/id/1
INFO: [ app_init ] --START--
INFO: Run Behavior\BuildLiteBehavior [ RunTime:0.000027s ]
INFO: [ app_init ] --END-- [ RunTime:0.000392s ]
INFO: [ app_begin ] --START--
INFO: Run Behavior\ReadHtmlCacheBehavior [ RunTime:0.000451s ]
INFO: [ app_begin ] --END-- [ RunTime:0.000556s ]
SQL: SHOW COLUMNS FROM `jr_bimg` [ RunTime:0.0015s ]
SQL: SELECT * FROM `jr_bimg` WHERE ( sid=1 )  [ RunTime:0.0002s ]

[ 2015-09-18T16:28:17+08:00 ] 127.0.0.1 /git/index.php/Home/salon/salon/id/1
INFO: [ app_init ] --START--
INFO: Run Behavior\BuildLiteBehavior [ RunTime:0.000029s ]
INFO: [ app_init ] --END-- [ RunTime:0.000483s ]
INFO: [ app_begin ] --START--
INFO: Run Behavior\ReadHtmlCacheBehavior [ RunTime:0.000541s ]
INFO: [ app_begin ] --END-- [ RunTime:0.000664s ]
SQL: SHOW COLUMNS FROM `jr_simg` [ RunTime:0.0026s ]
SQL: SELECT * FROM `jr_simg` WHERE ( sid=1 )  [ RunTime:0.0003s ]
SQL: SHOW COLUMNS FROM `jr_bimg` [ RunTime:0.0018s ]
SQL: SELECT * FROM `jr_bimg` WHERE ( sid=1 ) LIMIT 1   [ RunTime:0.0002s ]
INFO: [ view_parse ] --START--
INFO: [ template_filter ] --START--
INFO: Run Behavior\ContentReplaceBehavior [ RunTime:0.000074s ]
INFO: [ template_filter ] --END-- [ RunTime:0.000161s ]
INFO: Run Behavior\ParseTemplateBehavior [ RunTime:0.006802s ]
INFO: [ view_parse ] --END-- [ RunTime:0.006898s ]
INFO: [ view_filter ] --START--
INFO: Run Behavior\WriteHtmlCacheBehavior [ RunTime:0.000196s ]
INFO: [ view_filter ] --END-- [ RunTime:0.000261s ]
INFO: [ app_end ] --START--
INFO: Run Behavior\ShowPageTraceBehavior [ RunTime:0.000366s ]
INFO: [ app_end ] --END-- [ RunTime:0.000434s ]

[ 2015-09-18T16:28:17+08:00 ] 127.0.0.1 /git/index.php/Home/Salon/salon_data_2/id/1
INFO: [ app_init ] --START--
INFO: Run Behavior\BuildLiteBehavior [ RunTime:0.000036s ]
INFO: [ app_init ] --END-- [ RunTime:0.000506s ]
INFO: [ app_begin ] --START--
INFO: Run Behavior\ReadHtmlCacheBehavior [ RunTime:0.000692s ]
INFO: [ app_begin ] --END-- [ RunTime:0.000837s ]
SQL: SHOW COLUMNS FROM `jr_bimg` [ RunTime:0.0017s ]
SQL: SELECT * FROM `jr_bimg` WHERE ( sid=1 )  [ RunTime:0.0005s ]

[ 2015-09-18T16:28:17+08:00 ] 127.0.0.1 /git/index.php/Home/Salon/salon_data/id/1
INFO: [ app_init ] --START--
INFO: Run Behavior\BuildLiteBehavior [ RunTime:0.000031s ]
INFO: [ app_init ] --END-- [ RunTime:0.001391s ]
INFO: [ app_begin ] --START--
INFO: Run Behavior\ReadHtmlCacheBehavior [ RunTime:0.000491s ]
INFO: [ app_begin ] --END-- [ RunTime:0.000620s ]
SQL: SHOW COLUMNS FROM `jr_simg` [ RunTime:0.0028s ]
SQL: SELECT * FROM `jr_simg` WHERE ( sid=1 )  [ RunTime:0.0004s ]

[ 2015-09-18T16:39:15+08:00 ] 127.0.0.1 /git/
INFO: [ app_init ] --START--
INFO: Run Behavior\BuildLiteBehavior [ RunTime:0.000017s ]
INFO: [ app_init ] --END-- [ RunTime:0.000282s ]
INFO: [ app_begin ] --START--
INFO: Run Behavior\ReadHtmlCacheBehavior [ RunTime:0.000361s ]
INFO: [ app_begin ] --END-- [ RunTime:0.000443s ]
INFO: [ view_parse ] --START--
INFO: [ template_filter ] --START--
INFO: Run Behavior\ContentReplaceBehavior [ RunTime:0.000083s ]
INFO: [ template_filter ] --END-- [ RunTime:0.000178s ]
INFO: Run Behavior\ParseTemplateBehavior [ RunTime:0.007179s ]
INFO: [ view_parse ] --END-- [ RunTime:0.007255s ]
INFO: [ view_filter ] --START--
INFO: Run Behavior\WriteHtmlCacheBehavior [ RunTime:0.000215s ]
INFO: [ view_filter ] --END-- [ RunTime:0.000280s ]
INFO: [ app_end ] --START--
INFO: Run Behavior\ShowPageTraceBehavior [ RunTime:0.000373s ]
INFO: [ app_end ] --END-- [ RunTime:0.000441s ]

[ 2015-09-18T16:39:18+08:00 ] 127.0.0.1 /git/index.php/Home/salon/index.html
INFO: [ app_init ] --START--
INFO: Run Behavior\BuildLiteBehavior [ RunTime:0.000042s ]
INFO: [ app_init ] --END-- [ RunTime:0.000721s ]
INFO: [ app_begin ] --START--
INFO: Run Behavior\ReadHtmlCacheBehavior [ RunTime:0.000789s ]
INFO: [ app_begin ] --END-- [ RunTime:0.000976s ]
INFO: [ view_parse ] --START--
INFO: [ template_filter ] --START--
INFO: Run Behavior\ContentReplaceBehavior [ RunTime:0.000152s ]
INFO: [ template_filter ] --END-- [ RunTime:0.000361s ]
INFO: Run Behavior\ParseTemplateBehavior [ RunTime:0.011305s ]
INFO: [ view_parse ] --END-- [ RunTime:0.011430s ]
INFO: [ view_filter ] --START--
INFO: Run Behavior\WriteHtmlCacheBehavior [ RunTime:0.000164s ]
INFO: [ view_filter ] --END-- [ RunTime:0.000233s ]
INFO: [ app_end ] --START--
INFO: Run Behavior\ShowPageTraceBehavior [ RunTime:0.000373s ]
INFO: [ app_end ] --END-- [ RunTime:0.000451s ]

[ 2015-09-18T16:39:18+08:00 ] 127.0.0.1 /git/index.php/Home/salon/index_data
INFO: [ app_init ] --START--
INFO: Run Behavior\BuildLiteBehavior [ RunTime:0.000019s ]
INFO: [ app_init ] --END-- [ RunTime:0.000273s ]
INFO: [ app_begin ] --START--
INFO: Run Behavior\ReadHtmlCacheBehavior [ RunTime:0.000305s ]
INFO: [ app_begin ] --END-- [ RunTime:0.000371s ]
SQL: SHOW COLUMNS FROM `jr_salon` [ RunTime:0.0019s ]
SQL: SHOW COLUMNS FROM `jr_salon` [ RunTime:0.0016s ]
SQL: SELECT * FROM `jr_salon`  [ RunTime:0.0002s ]

[ 2015-09-18T16:39:19+08:00 ] 127.0.0.1 /git/index.php/Home/salon/salon/id/1
INFO: [ app_init ] --START--
INFO: Run Behavior\BuildLiteBehavior [ RunTime:0.000031s ]
INFO: [ app_init ] --END-- [ RunTime:0.000469s ]
INFO: [ app_begin ] --START--
INFO: Run Behavior\ReadHtmlCacheBehavior [ RunTime:0.000579s ]
INFO: [ app_begin ] --END-- [ RunTime:0.000720s ]
SQL: SHOW COLUMNS FROM `jr_simg` [ RunTime:0.0012s ]
SQL: SELECT * FROM `jr_simg` WHERE ( sid=1 )  [ RunTime:0.0003s ]
SQL: SHOW COLUMNS FROM `jr_bimg` [ RunTime:0.0013s ]
SQL: SELECT * FROM `jr_bimg` WHERE ( sid=1 ) LIMIT 1   [ RunTime:0.0002s ]
INFO: [ view_parse ] --START--
INFO: [ template_filter ] --START--
INFO: Run Behavior\ContentReplaceBehavior [ RunTime:0.000079s ]
INFO: [ template_filter ] --END-- [ RunTime:0.000173s ]
INFO: Run Behavior\ParseTemplateBehavior [ RunTime:0.006022s ]
INFO: [ view_parse ] --END-- [ RunTime:0.006103s ]
INFO: [ view_filter ] --START--
INFO: Run Behavior\WriteHtmlCacheBehavior [ RunTime:0.000162s ]
INFO: [ view_filter ] --END-- [ RunTime:0.000237s ]
INFO: [ app_end ] --START--
INFO: Run Behavior\ShowPageTraceBehavior [ RunTime:0.000337s ]
INFO: [ app_end ] --END-- [ RunTime:0.000407s ]

[ 2015-09-18T16:39:19+08:00 ] 127.0.0.1 /git/index.php/Home/Salon/salon_data_2/id/1
INFO: [ app_init ] --START--
INFO: Run Behavior\BuildLiteBehavior [ RunTime:0.000019s ]
INFO: [ app_init ] --END-- [ RunTime:0.000268s ]
INFO: [ app_begin ] --START--
INFO: Run Behavior\ReadHtmlCacheBehavior [ RunTime:0.000327s ]
INFO: [ app_begin ] --END-- [ RunTime:0.000398s ]
SQL: SHOW COLUMNS FROM `jr_bimg` [ RunTime:0.0015s ]
SQL: SELECT * FROM `jr_bimg` WHERE ( sid=1 )  [ RunTime:0.0002s ]

[ 2015-09-18T16:39:19+08:00 ] 127.0.0.1 /git/index.php/Home/Salon/salon_data/id/1
INFO: [ app_init ] --START--
INFO: Run Behavior\BuildLiteBehavior [ RunTime:0.000017s ]
INFO: [ app_init ] --END-- [ RunTime:0.000297s ]
INFO: [ app_begin ] --START--
INFO: Run Behavior\ReadHtmlCacheBehavior [ RunTime:0.000494s ]
INFO: [ app_begin ] --END-- [ RunTime:0.000588s ]
SQL: SHOW COLUMNS FROM `jr_simg` [ RunTime:0.0011s ]
SQL: SELECT * FROM `jr_simg` WHERE ( sid=1 )  [ RunTime:0.0002s ]

[ 2015-09-18T16:39:22+08:00 ] 127.0.0.1 /git/index.php/Home/salon/index.html
INFO: [ app_init ] --START--
INFO: Run Behavior\BuildLiteBehavior [ RunTime:0.000033s ]
INFO: [ app_init ] --END-- [ RunTime:0.000524s ]
INFO: [ app_begin ] --START--
INFO: Run Behavior\ReadHtmlCacheBehavior [ RunTime:0.000720s ]
INFO: [ app_begin ] --END-- [ RunTime:0.000882s ]
INFO: [ view_parse ] --START--
INFO: [ template_filter ] --START--
INFO: Run Behavior\ContentReplaceBehavior [ RunTime:0.000135s ]
INFO: [ template_filter ] --END-- [ RunTime:0.000318s ]
INFO: Run Behavior\ParseTemplateBehavior [ RunTime:0.011658s ]
INFO: [ view_parse ] --END-- [ RunTime:0.011819s ]
INFO: [ view_filter ] --START--
INFO: Run Behavior\WriteHtmlCacheBehavior [ RunTime:0.000404s ]
INFO: [ view_filter ] --END-- [ RunTime:0.000539s ]
INFO: [ app_end ] --START--
INFO: Run Behavior\ShowPageTraceBehavior [ RunTime:0.000779s ]
INFO: [ app_end ] --END-- [ RunTime:0.000921s ]

[ 2015-09-18T16:39:22+08:00 ] 127.0.0.1 /git/index.php/Home/salon/index_data
INFO: [ app_init ] --START--
INFO: Run Behavior\BuildLiteBehavior [ RunTime:0.000031s ]
INFO: [ app_init ] --END-- [ RunTime:0.000322s ]
INFO: [ app_begin ] --START--
INFO: Run Behavior\ReadHtmlCacheBehavior [ RunTime:0.000441s ]
INFO: [ app_begin ] --END-- [ RunTime:0.000538s ]
SQL: SHOW COLUMNS FROM `jr_salon` [ RunTime:0.0012s ]
SQL: SHOW COLUMNS FROM `jr_salon` [ RunTime:0.0011s ]
SQL: SELECT * FROM `jr_salon`  [ RunTime:0.0002s ]

[ 2015-09-18T16:39:23+08:00 ] 127.0.0.1 /git/index.php/Home/salon/salon/id/2
INFO: [ app_init ] --START--
INFO: Run Behavior\BuildLiteBehavior [ RunTime:0.000026s ]
INFO: [ app_init ] --END-- [ RunTime:0.000438s ]
INFO: [ app_begin ] --START--
INFO: Run Behavior\ReadHtmlCacheBehavior [ RunTime:0.000519s ]
INFO: [ app_begin ] --END-- [ RunTime:0.000656s ]
SQL: SHOW COLUMNS FROM `jr_simg` [ RunTime:0.0015s ]
SQL: SELECT * FROM `jr_simg` WHERE ( sid=2 )  [ RunTime:0.0002s ]
SQL: SHOW COLUMNS FROM `jr_bimg` [ RunTime:0.0015s ]
SQL: SELECT * FROM `jr_bimg` WHERE ( sid=2 ) LIMIT 1   [ RunTime:0.0002s ]
INFO: [ view_parse ] --START--
INFO: [ template_filter ] --START--
INFO: Run Behavior\ContentReplaceBehavior [ RunTime:0.000106s ]
INFO: [ template_filter ] --END-- [ RunTime:0.000235s ]
INFO: Run Behavior\ParseTemplateBehavior [ RunTime:0.008199s ]
INFO: [ view_parse ] --END-- [ RunTime:0.008304s ]
INFO: [ view_filter ] --START--
INFO: Run Behavior\WriteHtmlCacheBehavior [ RunTime:0.000215s ]
INFO: [ view_filter ] --END-- [ RunTime:0.000308s ]
INFO: [ app_end ] --START--
INFO: Run Behavior\ShowPageTraceBehavior [ RunTime:0.000483s ]
INFO: [ app_end ] --END-- [ RunTime:0.000587s ]

[ 2015-09-18T16:39:23+08:00 ] 127.0.0.1 /git/index.php/Home/Salon/salon_data_2/id/2
INFO: [ app_init ] --START--
INFO: Run Behavior\BuildLiteBehavior [ RunTime:0.000017s ]
INFO: [ app_init ] --END-- [ RunTime:0.000270s ]
INFO: [ app_begin ] --START--
INFO: Run Behavior\ReadHtmlCacheBehavior [ RunTime:0.000313s ]
INFO: [ app_begin ] --END-- [ RunTime:0.000388s ]
SQL: SHOW COLUMNS FROM `jr_bimg` [ RunTime:0.0012s ]
SQL: SELECT * FROM `jr_bimg` WHERE ( sid=1 )  [ RunTime:0.0003s ]

[ 2015-09-18T16:39:23+08:00 ] 127.0.0.1 /git/index.php/Home/Salon/salon_data/id/2
INFO: [ app_init ] --START--
INFO: Run Behavior\BuildLiteBehavior [ RunTime:0.000020s ]
INFO: [ app_init ] --END-- [ RunTime:0.000343s ]
INFO: [ app_begin ] --START--
INFO: Run Behavior\ReadHtmlCacheBehavior [ RunTime:0.000339s ]
INFO: [ app_begin ] --END-- [ RunTime:0.000413s ]
SQL: SHOW COLUMNS FROM `jr_simg` [ RunTime:0.0015s ]
SQL: SELECT * FROM `jr_simg` WHERE ( sid=1 )  [ RunTime:0.0003s ]

[ 2015-09-18T16:39:30+08:00 ] 127.0.0.1 /git/index.php/Home/salon/index.html
INFO: [ app_init ] --START--
INFO: Run Behavior\BuildLiteBehavior [ RunTime:0.000024s ]
INFO: [ app_init ] --END-- [ RunTime:0.000419s ]
INFO: [ app_begin ] --START--
INFO: Run Behavior\ReadHtmlCacheBehavior [ RunTime:0.000523s ]
INFO: [ app_begin ] --END-- [ RunTime:0.000643s ]
INFO: [ view_parse ] --START--
INFO: [ template_filter ] --START--
INFO: Run Behavior\ContentReplaceBehavior [ RunTime:0.000094s ]
INFO: [ template_filter ] --END-- [ RunTime:0.000224s ]
INFO: Run Behavior\ParseTemplateBehavior [ RunTime:0.007989s ]
INFO: [ view_parse ] --END-- [ RunTime:0.008095s ]
INFO: [ view_filter ] --START--
INFO: Run Behavior\WriteHtmlCacheBehavior [ RunTime:0.000278s ]
INFO: [ view_filter ] --END-- [ RunTime:0.000371s ]
INFO: [ app_end ] --START--
INFO: Run Behavior\ShowPageTraceBehavior [ RunTime:0.000535s ]
INFO: [ app_end ] --END-- [ RunTime:0.000634s ]

[ 2015-09-18T16:39:30+08:00 ] 127.0.0.1 /git/index.php/Home/salon/index_data
INFO: [ app_init ] --START--
INFO: Run Behavior\BuildLiteBehavior [ RunTime:0.000024s ]
INFO: [ app_init ] --END-- [ RunTime:0.000317s ]
INFO: [ app_begin ] --START--
INFO: Run Behavior\ReadHtmlCacheBehavior [ RunTime:0.000405s ]
INFO: [ app_begin ] --END-- [ RunTime:0.000484s ]
SQL: SHOW COLUMNS FROM `jr_salon` [ RunTime:0.0012s ]
SQL: SHOW COLUMNS FROM `jr_salon` [ RunTime:0.0011s ]
SQL: SELECT * FROM `jr_salon`  [ RunTime:0.0002s ]

[ 2015-09-18T16:39:31+08:00 ] 127.0.0.1 /git/index.php/Home/salon/salon/id/1
INFO: [ app_init ] --START--
INFO: Run Behavior\BuildLiteBehavior [ RunTime:0.000031s ]
INFO: [ app_init ] --END-- [ RunTime:0.000480s ]
INFO: [ app_begin ] --START--
INFO: Run Behavior\ReadHtmlCacheBehavior [ RunTime:0.000653s ]
INFO: [ app_begin ] --END-- [ RunTime:0.000794s ]
SQL: SHOW COLUMNS FROM `jr_simg` [ RunTime:0.0032s ]
SQL: SELECT * FROM `jr_simg` WHERE ( sid=1 )  [ RunTime:0.0003s ]
SQL: SHOW COLUMNS FROM `jr_bimg` [ RunTime:0.0020s ]
SQL: SELECT * FROM `jr_bimg` WHERE ( sid=1 ) LIMIT 1   [ RunTime:0.0003s ]
INFO: [ view_parse ] --START--
INFO: [ template_filter ] --START--
INFO: Run Behavior\ContentReplaceBehavior [ RunTime:0.000090s ]
INFO: [ template_filter ] --END-- [ RunTime:0.000196s ]
INFO: Run Behavior\ParseTemplateBehavior [ RunTime:0.007062s ]
INFO: [ view_parse ] --END-- [ RunTime:0.007158s ]
INFO: [ view_filter ] --START--
INFO: Run Behavior\WriteHtmlCacheBehavior [ RunTime:0.000196s ]
INFO: [ view_filter ] --END-- [ RunTime:0.000275s ]
INFO: [ app_end ] --START--
INFO: Run Behavior\ShowPageTraceBehavior [ RunTime:0.000546s ]
INFO: [ app_end ] --END-- [ RunTime:0.000650s ]

[ 2015-09-18T16:39:31+08:00 ] 127.0.0.1 /git/index.php/Home/Salon/salon_data_2/id/1
INFO: [ app_init ] --START--
INFO: Run Behavior\BuildLiteBehavior [ RunTime:0.000027s ]
INFO: [ app_init ] --END-- [ RunTime:0.000408s ]
INFO: [ app_begin ] --START--
INFO: Run Behavior\ReadHtmlCacheBehavior [ RunTime:0.000506s ]
INFO: [ app_begin ] --END-- [ RunTime:0.000609s ]
SQL: SHOW COLUMNS FROM `jr_bimg` [ RunTime:0.0012s ]
SQL: SELECT * FROM `jr_bimg` WHERE ( sid=1 )  [ RunTime:0.0002s ]

[ 2015-09-18T16:39:31+08:00 ] 127.0.0.1 /git/index.php/Home/Salon/salon_data/id/1
INFO: [ app_init ] --START--
INFO: Run Behavior\BuildLiteBehavior [ RunTime:0.000017s ]
INFO: [ app_init ] --END-- [ RunTime:0.000264s ]
INFO: [ app_begin ] --START--
INFO: Run Behavior\ReadHtmlCacheBehavior [ RunTime:0.000360s ]
INFO: [ app_begin ] --END-- [ RunTime:0.000448s ]
SQL: SHOW COLUMNS FROM `jr_simg` [ RunTime:0.0018s ]
SQL: SELECT * FROM `jr_simg` WHERE ( sid=1 )  [ RunTime:0.0004s ]

[ 2015-09-18T16:40:41+08:00 ] 127.0.0.1 /git/index.php/Home/salon/salon/id/1
INFO: [ app_init ] --START--
INFO: Run Behavior\BuildLiteBehavior [ RunTime:0.000028s ]
INFO: [ app_init ] --END-- [ RunTime:0.000433s ]
INFO: [ app_begin ] --START--
INFO: Run Behavior\ReadHtmlCacheBehavior [ RunTime:0.000749s ]
INFO: [ app_begin ] --END-- [ RunTime:0.000888s ]
SQL: SHOW COLUMNS FROM `jr_simg` [ RunTime:0.0018s ]
SQL: SELECT * FROM `jr_simg` WHERE ( sid=1 )  [ RunTime:0.0003s ]
SQL: SHOW COLUMNS FROM `jr_bimg` [ RunTime:0.0015s ]
SQL: SELECT * FROM `jr_bimg` WHERE ( sid=1 ) LIMIT 1   [ RunTime:0.0003s ]
INFO: [ view_parse ] --START--
INFO: [ template_filter ] --START--
INFO: Run Behavior\ContentReplaceBehavior [ RunTime:0.000074s ]
INFO: [ template_filter ] --END-- [ RunTime:0.000166s ]
INFO: Run Behavior\ParseTemplateBehavior [ RunTime:0.005669s ]
INFO: [ view_parse ] --END-- [ RunTime:0.005745s ]
INFO: [ view_filter ] --START--
INFO: Run Behavior\WriteHtmlCacheBehavior [ RunTime:0.000152s ]
INFO: [ view_filter ] --END-- [ RunTime:0.000216s ]
INFO: [ app_end ] --START--
INFO: Run Behavior\ShowPageTraceBehavior [ RunTime:0.000330s ]
INFO: [ app_end ] --END-- [ RunTime:0.000396s ]

[ 2015-09-18T16:40:41+08:00 ] 127.0.0.1 /git/index.php/Home/Salon/salon_data/id/1
INFO: [ app_init ] --START--
INFO: Run Behavior\BuildLiteBehavior [ RunTime:0.000032s ]
INFO: [ app_init ] --END-- [ RunTime:0.000434s ]
INFO: [ app_begin ] --START--
INFO: Run Behavior\ReadHtmlCacheBehavior [ RunTime:0.000428s ]
INFO: [ app_begin ] --END-- [ RunTime:0.000533s ]
SQL: SHOW COLUMNS FROM `jr_simg` [ RunTime:0.0011s ]
SQL: SELECT * FROM `jr_simg` WHERE ( sid=1 )  [ RunTime:0.0002s ]

[ 2015-09-18T16:40:41+08:00 ] 127.0.0.1 /git/index.php/Home/Salon/salon_data_2/id/1
INFO: [ app_init ] --START--
INFO: Run Behavior\BuildLiteBehavior [ RunTime:0.000028s ]
INFO: [ app_init ] --END-- [ RunTime:0.000423s ]
INFO: [ app_begin ] --START--
INFO: Run Behavior\ReadHtmlCacheBehavior [ RunTime:0.000496s ]
INFO: [ app_begin ] --END-- [ RunTime:0.000615s ]
SQL: SHOW COLUMNS FROM `jr_bimg` [ RunTime:0.0012s ]
SQL: SELECT * FROM `jr_bimg` WHERE ( sid=1 )  [ RunTime:0.0002s ]

[ 2015-09-18T16:40:45+08:00 ] 127.0.0.1 /git/index.php/Home/salon/salon/id/1
INFO: [ app_init ] --START--
INFO: Run Behavior\BuildLiteBehavior [ RunTime:0.000024s ]
INFO: [ app_init ] --END-- [ RunTime:0.000361s ]
INFO: [ app_begin ] --START--
INFO: Run Behavior\ReadHtmlCacheBehavior [ RunTime:0.000434s ]
INFO: [ app_begin ] --END-- [ RunTime:0.000548s ]
SQL: SHOW COLUMNS FROM `jr_simg` [ RunTime:0.0017s ]
SQL: SELECT * FROM `jr_simg` WHERE ( sid=1 )  [ RunTime:0.0002s ]
SQL: SHOW COLUMNS FROM `jr_bimg` [ RunTime:0.0016s ]
SQL: SELECT * FROM `jr_bimg` WHERE ( sid=1 ) LIMIT 1   [ RunTime:0.0002s ]
INFO: [ view_parse ] --START--
INFO: [ template_filter ] --START--
INFO: Run Behavior\ContentReplaceBehavior [ RunTime:0.000108s ]
INFO: [ template_filter ] --END-- [ RunTime:0.000286s ]
INFO: Run Behavior\ParseTemplateBehavior [ RunTime:0.007927s ]
INFO: [ view_parse ] --END-- [ RunTime:0.008045s ]
INFO: [ view_filter ] --START--
INFO: Run Behavior\WriteHtmlCacheBehavior [ RunTime:0.000312s ]
INFO: [ view_filter ] --END-- [ RunTime:0.000408s ]
INFO: [ app_end ] --START--
INFO: Run Behavior\ShowPageTraceBehavior [ RunTime:0.000638s ]
INFO: [ app_end ] --END-- [ RunTime:0.000743s ]

[ 2015-09-18T16:40:45+08:00 ] 127.0.0.1 /git/index.php/Home/Salon/salon_data/id/1
INFO: [ app_init ] --START--
INFO: Run Behavior\BuildLiteBehavior [ RunTime:0.000017s ]
INFO: [ app_init ] --END-- [ RunTime:0.000274s ]
INFO: [ app_begin ] --START--
INFO: Run Behavior\ReadHtmlCacheBehavior [ RunTime:0.000317s ]
INFO: [ app_begin ] --END-- [ RunTime:0.000413s ]
SQL: SHOW COLUMNS FROM `jr_simg` [ RunTime:0.0018s ]
SQL: SELECT * FROM `jr_simg` WHERE ( sid=1 )  [ RunTime:0.0003s ]

[ 2015-09-18T16:40:45+08:00 ] 127.0.0.1 /git/index.php/Home/Salon/salon_data_2/id/1
INFO: [ app_init ] --START--
INFO: Run Behavior\BuildLiteBehavior [ RunTime:0.000020s ]
INFO: [ app_init ] --END-- [ RunTime:0.000307s ]
INFO: [ app_begin ] --START--
INFO: Run Behavior\ReadHtmlCacheBehavior [ RunTime:0.000313s ]
INFO: [ app_begin ] --END-- [ RunTime:0.000385s ]
SQL: SHOW COLUMNS FROM `jr_bimg` [ RunTime:0.0012s ]
SQL: SELECT * FROM `jr_bimg` WHERE ( sid=1 )  [ RunTime:0.0002s ]

[ 2015-09-18T16:43:28+08:00 ] 127.0.0.1 /git/index.php/Home/salon/salon/id/1
INFO: [ app_init ] --START--
INFO: Run Behavior\BuildLiteBehavior [ RunTime:0.000028s ]
INFO: [ app_init ] --END-- [ RunTime:0.000479s ]
INFO: [ app_begin ] --START--
INFO: Run Behavior\ReadHtmlCacheBehavior [ RunTime:0.000649s ]
INFO: [ app_begin ] --END-- [ RunTime:0.000811s ]
SQL: SHOW COLUMNS FROM `jr_simg` [ RunTime:0.0018s ]
SQL: SELECT * FROM `jr_simg` WHERE ( sid=1 )  [ RunTime:0.0003s ]
SQL: SHOW COLUMNS FROM `jr_bimg` [ RunTime:0.0015s ]
SQL: SELECT * FROM `jr_bimg` WHERE ( sid=1 ) LIMIT 1   [ RunTime:0.0002s ]
INFO: [ view_parse ] --START--
INFO: [ template_filter ] --START--
INFO: Run Behavior\ContentReplaceBehavior [ RunTime:0.000080s ]
INFO: [ template_filter ] --END-- [ RunTime:0.000179s ]
INFO: Run Behavior\ParseTemplateBehavior [ RunTime:0.006557s ]
INFO: [ view_parse ] --END-- [ RunTime:0.006650s ]
INFO: [ view_filter ] --START--
INFO: Run Behavior\WriteHtmlCacheBehavior [ RunTime:0.000201s ]
INFO: [ view_filter ] --END-- [ RunTime:0.000273s ]
INFO: [ app_end ] --START--
INFO: Run Behavior\ShowPageTraceBehavior [ RunTime:0.000373s ]
INFO: [ app_end ] --END-- [ RunTime:0.000446s ]

[ 2015-09-18T16:43:28+08:00 ] 127.0.0.1 /git/index.php/Home/Salon/salon_data/id/1
INFO: [ app_init ] --START--
INFO: Run Behavior\BuildLiteBehavior [ RunTime:0.000030s ]
INFO: [ app_init ] --END-- [ RunTime:0.000445s ]
INFO: [ app_begin ] --START--
INFO: Run Behavior\ReadHtmlCacheBehavior [ RunTime:0.000465s ]
INFO: [ app_begin ] --END-- [ RunTime:0.000583s ]
SQL: SHOW COLUMNS FROM `jr_simg` [ RunTime:0.0017s ]
SQL: SELECT * FROM `jr_simg` WHERE ( sid=1 )  [ RunTime:0.0002s ]

[ 2015-09-18T16:43:28+08:00 ] 127.0.0.1 /git/index.php/Home/Salon/salon_data_2/id/1
INFO: [ app_init ] --START--
INFO: Run Behavior\BuildLiteBehavior [ RunTime:0.000031s ]
INFO: [ app_init ] --END-- [ RunTime:0.000477s ]
INFO: [ app_begin ] --START--
INFO: Run Behavior\ReadHtmlCacheBehavior [ RunTime:0.000716s ]
INFO: [ app_begin ] --END-- [ RunTime:0.000886s ]
SQL: SHOW COLUMNS FROM `jr_bimg` [ RunTime:0.0021s ]
SQL: SELECT * FROM `jr_bimg` WHERE ( sid=1 )  [ RunTime:0.0003s ]

[ 2015-09-18T16:43:30+08:00 ] 127.0.0.1 /git/index.php/Home/salon/index.html
INFO: [ app_init ] --START--
INFO: Run Behavior\BuildLiteBehavior [ RunTime:0.000097s ]
INFO: [ app_init ] --END-- [ RunTime:0.000708s ]
INFO: [ app_begin ] --START--
INFO: Run Behavior\ReadHtmlCacheBehavior [ RunTime:0.000568s ]
INFO: [ app_begin ] --END-- [ RunTime:0.000710s ]
INFO: [ view_parse ] --START--
INFO: [ template_filter ] --START--
INFO: Run Behavior\ContentReplaceBehavior [ RunTime:0.000127s ]
INFO: [ template_filter ] --END-- [ RunTime:0.000285s ]
INFO: Run Behavior\ParseTemplateBehavior [ RunTime:0.009371s ]
INFO: [ view_parse ] --END-- [ RunTime:0.009505s ]
INFO: [ view_filter ] --START--
INFO: Run Behavior\WriteHtmlCacheBehavior [ RunTime:0.000339s ]
INFO: [ view_filter ] --END-- [ RunTime:0.000457s ]
INFO: [ app_end ] --START--
INFO: Run Behavior\ShowPageTraceBehavior [ RunTime:0.000626s ]
INFO: [ app_end ] --END-- [ RunTime:0.000744s ]

[ 2015-09-18T16:43:30+08:00 ] 127.0.0.1 /git/index.php/Home/salon/index_data
INFO: [ app_init ] --START--
INFO: Run Behavior\BuildLiteBehavior [ RunTime:0.000030s ]
INFO: [ app_init ] --END-- [ RunTime:0.000413s ]
INFO: [ app_begin ] --START--
INFO: Run Behavior\ReadHtmlCacheBehavior [ RunTime:0.000471s ]
INFO: [ app_begin ] --END-- [ RunTime:0.000585s ]
SQL: SHOW COLUMNS FROM `jr_salon` [ RunTime:0.0013s ]
SQL: SHOW COLUMNS FROM `jr_salon` [ RunTime:0.0011s ]
SQL: SELECT * FROM `jr_salon`  [ RunTime:0.0002s ]

[ 2015-09-18T16:43:31+08:00 ] 127.0.0.1 /git/index.php/Home/salon/salon/id/2
INFO: [ app_init ] --START--
INFO: Run Behavior\BuildLiteBehavior [ RunTime:0.000031s ]
INFO: [ app_init ] --END-- [ RunTime:0.000504s ]
INFO: [ app_begin ] --START--
INFO: Run Behavior\ReadHtmlCacheBehavior [ RunTime:0.000612s ]
INFO: [ app_begin ] --END-- [ RunTime:0.000767s ]
SQL: SHOW COLUMNS FROM `jr_simg` [ RunTime:0.0021s ]
SQL: SELECT * FROM `jr_simg` WHERE ( sid=2 )  [ RunTime:0.0003s ]
SQL: SHOW COLUMNS FROM `jr_bimg` [ RunTime:0.0021s ]
SQL: SELECT * FROM `jr_bimg` WHERE ( sid=2 ) LIMIT 1   [ RunTime:0.0003s ]
INFO: [ view_parse ] --START--
INFO: [ template_filter ] --START--
INFO: Run Behavior\ContentReplaceBehavior [ RunTime:0.000145s ]
INFO: [ template_filter ] --END-- [ RunTime:0.000311s ]
INFO: Run Behavior\ParseTemplateBehavior [ RunTime:0.011266s ]
INFO: [ view_parse ] --END-- [ RunTime:0.011456s ]
INFO: [ view_filter ] --START--
INFO: Run Behavior\WriteHtmlCacheBehavior [ RunTime:0.000427s ]
INFO: [ view_filter ] --END-- [ RunTime:0.000613s ]
INFO: [ app_end ] --START--
INFO: Run Behavior\ShowPageTraceBehavior [ RunTime:0.000953s ]
INFO: [ app_end ] --END-- [ RunTime:0.001169s ]

[ 2015-09-18T16:43:31+08:00 ] 127.0.0.1 /git/index.php/Home/Salon/salon_data/id/2
INFO: [ app_init ] --START--
INFO: Run Behavior\BuildLiteBehavior [ RunTime:0.000028s ]
INFO: [ app_init ] --END-- [ RunTime:0.000424s ]
INFO: [ app_begin ] --START--
INFO: Run Behavior\ReadHtmlCacheBehavior [ RunTime:0.000470s ]
INFO: [ app_begin ] --END-- [ RunTime:0.000591s ]
SQL: SHOW COLUMNS FROM `jr_simg` [ RunTime:0.0012s ]
SQL: SELECT * FROM `jr_simg` WHERE ( sid=2 )  [ RunTime:0.0002s ]

[ 2015-09-18T16:43:31+08:00 ] 127.0.0.1 /git/index.php/Home/Salon/salon_data_2/id/2
INFO: [ app_init ] --START--
INFO: Run Behavior\BuildLiteBehavior [ RunTime:0.000016s ]
INFO: [ app_init ] --END-- [ RunTime:0.000264s ]
INFO: [ app_begin ] --START--
INFO: Run Behavior\ReadHtmlCacheBehavior [ RunTime:0.000336s ]
INFO: [ app_begin ] --END-- [ RunTime:0.000418s ]
SQL: SHOW COLUMNS FROM `jr_bimg` [ RunTime:0.0014s ]
SQL: SELECT * FROM `jr_bimg` WHERE ( sid=2 )  [ RunTime:0.0003s ]

[ 2015-09-18T16:43:39+08:00 ] 127.0.0.1 /git/index.php/Home/salon/index.html
INFO: [ app_init ] --START--
INFO: Run Behavior\BuildLiteBehavior [ RunTime:0.000047s ]
INFO: [ app_init ] --END-- [ RunTime:0.000769s ]
INFO: [ app_begin ] --START--
INFO: Run Behavior\ReadHtmlCacheBehavior [ RunTime:0.000952s ]
INFO: [ app_begin ] --END-- [ RunTime:0.001333s ]
INFO: [ view_parse ] --START--
INFO: [ template_filter ] --START--
INFO: Run Behavior\ContentReplaceBehavior [ RunTime:0.000103s ]
INFO: [ template_filter ] --END-- [ RunTime:0.000236s ]
INFO: Run Behavior\ParseTemplateBehavior [ RunTime:0.008142s ]
INFO: [ view_parse ] --END-- [ RunTime:0.008315s ]
INFO: [ view_filter ] --START--
INFO: Run Behavior\WriteHtmlCacheBehavior [ RunTime:0.000248s ]
INFO: [ view_filter ] --END-- [ RunTime:0.000347s ]
INFO: [ app_end ] --START--
INFO: Run Behavior\ShowPageTraceBehavior [ RunTime:0.000464s ]
INFO: [ app_end ] --END-- [ RunTime:0.000560s ]

[ 2015-09-18T16:43:39+08:00 ] 127.0.0.1 /git/index.php/Home/salon/index_data
INFO: [ app_init ] --START--
INFO: Run Behavior\BuildLiteBehavior [ RunTime:0.000023s ]
INFO: [ app_init ] --END-- [ RunTime:0.000388s ]
INFO: [ app_begin ] --START--
INFO: Run Behavior\ReadHtmlCacheBehavior [ RunTime:0.000407s ]
INFO: [ app_begin ] --END-- [ RunTime:0.000499s ]
SQL: SHOW COLUMNS FROM `jr_salon` [ RunTime:0.0012s ]
SQL: SHOW COLUMNS FROM `jr_salon` [ RunTime:0.0011s ]
SQL: SELECT * FROM `jr_salon`  [ RunTime:0.0002s ]

[ 2015-09-18T16:43:40+08:00 ] 127.0.0.1 /git/index.php/Home/salon/salon/id/2
INFO: [ app_init ] --START--
INFO: Run Behavior\BuildLiteBehavior [ RunTime:0.000036s ]
INFO: [ app_init ] --END-- [ RunTime:0.000672s ]
INFO: [ app_begin ] --START--
INFO: Run Behavior\ReadHtmlCacheBehavior [ RunTime:0.000752s ]
INFO: [ app_begin ] --END-- [ RunTime:0.000935s ]
SQL: SHOW COLUMNS FROM `jr_simg` [ RunTime:0.0031s ]
SQL: SELECT * FROM `jr_simg` WHERE ( sid=2 )  [ RunTime:0.0004s ]
SQL: SHOW COLUMNS FROM `jr_bimg` [ RunTime:0.0023s ]
SQL: SELECT * FROM `jr_bimg` WHERE ( sid=2 ) LIMIT 1   [ RunTime:0.0003s ]
INFO: [ view_parse ] --START--
INFO: [ template_filter ] --START--
INFO: Run Behavior\ContentReplaceBehavior [ RunTime:0.000085s ]
INFO: [ template_filter ] --END-- [ RunTime:0.000189s ]
INFO: Run Behavior\ParseTemplateBehavior [ RunTime:0.008021s ]
INFO: [ view_parse ] --END-- [ RunTime:0.008149s ]
INFO: [ view_filter ] --START--
INFO: Run Behavior\WriteHtmlCacheBehavior [ RunTime:0.000210s ]
INFO: [ view_filter ] --END-- [ RunTime:0.000295s ]
INFO: [ app_end ] --START--
INFO: Run Behavior\ShowPageTraceBehavior [ RunTime:0.000359s ]
INFO: [ app_end ] --END-- [ RunTime:0.000439s ]

[ 2015-09-18T16:43:40+08:00 ] 127.0.0.1 /git/index.php/Home/Salon/salon_data/id/2
INFO: [ app_init ] --START--
INFO: Run Behavior\BuildLiteBehavior [ RunTime:0.000022s ]
INFO: [ app_init ] --END-- [ RunTime:0.000403s ]
INFO: [ app_begin ] --START--
INFO: Run Behavior\ReadHtmlCacheBehavior [ RunTime:0.000376s ]
INFO: [ app_begin ] --END-- [ RunTime:0.000454s ]
SQL: SHOW COLUMNS FROM `jr_simg` [ RunTime:0.0014s ]
SQL: SELECT * FROM `jr_simg` WHERE ( sid=2 )  [ RunTime:0.0002s ]

[ 2015-09-18T16:43:40+08:00 ] 127.0.0.1 /git/index.php/Home/Salon/salon_data_2/id/2
INFO: [ app_init ] --START--
INFO: Run Behavior\BuildLiteBehavior [ RunTime:0.000021s ]
INFO: [ app_init ] --END-- [ RunTime:0.000373s ]
INFO: [ app_begin ] --START--
INFO: Run Behavior\ReadHtmlCacheBehavior [ RunTime:0.000387s ]
INFO: [ app_begin ] --END-- [ RunTime:0.000472s ]
SQL: SHOW COLUMNS FROM `jr_bimg` [ RunTime:0.0012s ]
SQL: SELECT * FROM `jr_bimg` WHERE ( sid=2 )  [ RunTime:0.0002s ]

[ 2015-09-18T16:44:13+08:00 ] 127.0.0.1 /git/index.php/Home/salon/salon/id/2
INFO: [ app_init ] --START--
INFO: Run Behavior\BuildLiteBehavior [ RunTime:0.000042s ]
INFO: [ app_init ] --END-- [ RunTime:0.000664s ]
INFO: [ app_begin ] --START--
INFO: Run Behavior\ReadHtmlCacheBehavior [ RunTime:0.000871s ]
INFO: [ app_begin ] --END-- [ RunTime:0.001086s ]
SQL: SHOW COLUMNS FROM `jr_simg` [ RunTime:0.0013s ]
SQL: SELECT * FROM `jr_simg` WHERE ( sid=2 )  [ RunTime:0.0002s ]
SQL: SHOW COLUMNS FROM `jr_bimg` [ RunTime:0.0013s ]
SQL: SELECT * FROM `jr_bimg` WHERE ( sid=2 ) LIMIT 1   [ RunTime:0.0002s ]
INFO: [ view_parse ] --START--
INFO: [ template_filter ] --START--
INFO: Run Behavior\ContentReplaceBehavior [ RunTime:0.000097s ]
INFO: [ template_filter ] --END-- [ RunTime:0.000210s ]
INFO: Run Behavior\ParseTemplateBehavior [ RunTime:0.006881s ]
INFO: [ view_parse ] --END-- [ RunTime:0.006979s ]
INFO: [ view_filter ] --START--
INFO: Run Behavior\WriteHtmlCacheBehavior [ RunTime:0.000205s ]
INFO: [ view_filter ] --END-- [ RunTime:0.000288s ]
INFO: [ app_end ] --START--
INFO: Run Behavior\ShowPageTraceBehavior [ RunTime:0.000404s ]
INFO: [ app_end ] --END-- [ RunTime:0.000486s ]

[ 2015-09-18T16:44:13+08:00 ] 127.0.0.1 /git/index.php/Home/Salon/salon_data/id/2
INFO: [ app_init ] --START--
INFO: Run Behavior\BuildLiteBehavior [ RunTime:0.000018s ]
INFO: [ app_init ] --END-- [ RunTime:0.000330s ]
INFO: [ app_begin ] --START--
INFO: Run Behavior\ReadHtmlCacheBehavior [ RunTime:0.000511s ]
INFO: [ app_begin ] --END-- [ RunTime:0.000639s ]
SQL: SHOW COLUMNS FROM `jr_simg` [ RunTime:0.0017s ]
SQL: SELECT * FROM `jr_simg` WHERE ( sid=2 )  [ RunTime:0.0005s ]

[ 2015-09-18T16:44:13+08:00 ] 127.0.0.1 /git/index.php/Home/Salon/salon_data_2/id/2
INFO: [ app_init ] --START--
INFO: Run Behavior\BuildLiteBehavior [ RunTime:0.000018s ]
INFO: [ app_init ] --END-- [ RunTime:0.000275s ]
INFO: [ app_begin ] --START--
INFO: Run Behavior\ReadHtmlCacheBehavior [ RunTime:0.000325s ]
INFO: [ app_begin ] --END-- [ RunTime:0.000403s ]
SQL: SHOW COLUMNS FROM `jr_bimg` [ RunTime:0.0013s ]
SQL: SELECT * FROM `jr_bimg` WHERE ( sid=2 )  [ RunTime:0.0002s ]

